TpTrace Verbose: 0 : 24700, 1, 2023/07/14, 16:41:18.208, 3682390100029, vstest.console.dll, Version: 17.5.0-release-20221220-01 Current process architecture: X64
TpTrace Verbose: 0 : 24700, 1, 2023/07/14, 16:41:18.210, 3682390118548, vstest.console.dll, Runtime location: C:\Program Files\dotnet\shared\Microsoft.NETCore.App\7.0.5
TpTrace Verbose: 0 : 24700, 1, 2023/07/14, 16:41:18.220, 3682390221735, vstest.console.dll, ArtifactProcessingPostProcessModeProcessorExecutor.Initialize: ArtifactProcessingMode.Collect
TpTrace Verbose: 0 : 24700, 1, 2023/07/14, 16:41:18.220, 3682390223189, vstest.console.dll, TestSessionCorrelationIdProcessorModeProcessorExecutor.Initialize: TestSessionCorrelationId '31776_84958bcb-3a1a-4b46-b860-b4ea58ef7125'
TpTrace Information: 0 : 24700, 1, 2023/07/14, 16:41:18.230, 3682390326223, vstest.console.dll, FilePatternParser: The given file D:\SHAProjectNew\SHAProject\bin\Debug\net7.0\fine-code-coverage\build-output\SHAProject.dll is a full path.
TpTrace Verbose: 0 : 24700, 1, 2023/07/14, 16:41:18.256, 3682390577721, vstest.console.dll, TestPluginCache.DiscoverTestExtensions: finding test extensions in assemblies ends with: RuntimeProvider.dll TPluginInfo: Microsoft.VisualStudio.TestPlatform.Common.ExtensionFramework.Utilities.TestRuntimePluginInformation TExtension: Microsoft.VisualStudio.TestPlatform.ObjectModel.Host.ITestRuntimeProvider
TpTrace Verbose: 0 : 24700, 1, 2023/07/14, 16:41:18.256, 3682390586796, vstest.console.dll, TestPluginCache.GetExtensionPaths: Filtered extension paths: 
TpTrace Verbose: 0 : 24700, 1, 2023/07/14, 16:41:18.257, 3682390587813, vstest.console.dll, TestPluginCache.GetExtensionPaths: Added default extension paths: C:\Program Files\dotnet\sdk\7.0.203\Extensions\Microsoft.Diagnostics.NETCore.Client.dll
C:\Program Files\dotnet\sdk\7.0.203\Extensions\Microsoft.TestPlatform.Extensions.BlameDataCollector.dll
C:\Program Files\dotnet\sdk\7.0.203\Extensions\Microsoft.TestPlatform.Extensions.EventLogCollector.dll
C:\Program Files\dotnet\sdk\7.0.203\Extensions\Microsoft.TestPlatform.TestHostRuntimeProvider.dll
C:\Program Files\dotnet\sdk\7.0.203\Extensions\Microsoft.VisualStudio.TestPlatform.Extensions.Html.TestLogger.dll
C:\Program Files\dotnet\sdk\7.0.203\Extensions\Microsoft.VisualStudio.TestPlatform.Extensions.Trx.TestLogger.dll
TpTrace Verbose: 0 : 24700, 1, 2023/07/14, 16:41:18.257, 3682390590293, vstest.console.dll, TestPluginCache.GetExtensionPaths: Added unfilterableExtensionPaths: 
TpTrace Information: 0 : 24700, 1, 2023/07/14, 16:41:18.257, 3682390596562, vstest.console.dll, AssemblyResolver.ctor: Creating AssemblyResolver with searchDirectories C:\Program Files\dotnet\sdk\7.0.203\Extensions,C:\Program Files\dotnet\sdk\7.0.203
TpTrace Verbose: 0 : 24700, 1, 2023/07/14, 16:41:18.258, 3682390606326, vstest.console.dll, TestPluginCache.DiscoverTestExtensions: Discovering the extensions using extension path.
TpTrace Verbose: 0 : 24700, 1, 2023/07/14, 16:41:18.258, 3682390607292, vstest.console.dll, TestPluginCache.GetExtensionPaths: Filtered extension paths: 
TpTrace Verbose: 0 : 24700, 1, 2023/07/14, 16:41:18.259, 3682390607516, vstest.console.dll, TestPluginCache.GetExtensionPaths: Added default extension paths: C:\Program Files\dotnet\sdk\7.0.203\Extensions\Microsoft.Diagnostics.NETCore.Client.dll
C:\Program Files\dotnet\sdk\7.0.203\Extensions\Microsoft.TestPlatform.Extensions.BlameDataCollector.dll
C:\Program Files\dotnet\sdk\7.0.203\Extensions\Microsoft.TestPlatform.Extensions.EventLogCollector.dll
C:\Program Files\dotnet\sdk\7.0.203\Extensions\Microsoft.TestPlatform.TestHostRuntimeProvider.dll
C:\Program Files\dotnet\sdk\7.0.203\Extensions\Microsoft.VisualStudio.TestPlatform.Extensions.Html.TestLogger.dll
C:\Program Files\dotnet\sdk\7.0.203\Extensions\Microsoft.VisualStudio.TestPlatform.Extensions.Trx.TestLogger.dll
TpTrace Verbose: 0 : 24700, 1, 2023/07/14, 16:41:18.259, 3682390609996, vstest.console.dll, TestPluginCache.GetExtensionPaths: Added unfilterableExtensionPaths: 
TpTrace Verbose: 0 : 24700, 1, 2023/07/14, 16:41:18.259, 3682390610541, vstest.console.dll, TestPluginCache.DiscoverTestExtensions: Discovering the extensions using allExtensionPaths: C:\Program Files\dotnet\sdk\7.0.203\Extensions\Microsoft.Diagnostics.NETCore.Client.dll
C:\Program Files\dotnet\sdk\7.0.203\Extensions\Microsoft.TestPlatform.Extensions.BlameDataCollector.dll
C:\Program Files\dotnet\sdk\7.0.203\Extensions\Microsoft.TestPlatform.Extensions.EventLogCollector.dll
C:\Program Files\dotnet\sdk\7.0.203\Extensions\Microsoft.TestPlatform.TestHostRuntimeProvider.dll
C:\Program Files\dotnet\sdk\7.0.203\Extensions\Microsoft.VisualStudio.TestPlatform.Extensions.Html.TestLogger.dll
C:\Program Files\dotnet\sdk\7.0.203\Extensions\Microsoft.VisualStudio.TestPlatform.Extensions.Trx.TestLogger.dll
TpTrace Information: 0 : 24700, 1, 2023/07/14, 16:41:18.259, 3682390611717, vstest.console.dll, AssemblyResolver.AddSearchDirectories: Adding more searchDirectories C:\Program Files\dotnet\sdk\7.0.203\Extensions,C:\Program Files\dotnet\sdk\7.0.203
TpTrace Information: 0 : 24700, 1, 2023/07/14, 16:41:18.259, 3682390612143, vstest.console.dll, AssemblyResolver.AddSearchDirectories: Adding more searchDirectories C:\Program Files\dotnet\sdk\7.0.203\Extensions,C:\Program Files\dotnet\sdk\7.0.203
TpTrace Information: 0 : 24700, 1, 2023/07/14, 16:41:18.259, 3682390612321, vstest.console.dll, AssemblyResolver.AddSearchDirectories: Adding more searchDirectories C:\Program Files\dotnet\sdk\7.0.203\Extensions,C:\Program Files\dotnet\sdk\7.0.203
TpTrace Information: 0 : 24700, 1, 2023/07/14, 16:41:18.259, 3682390614717, vstest.console.dll, AssemblyResolver.AddSearchDirectories: Adding more searchDirectories C:\Program Files\dotnet\sdk\7.0.203\Extensions,C:\Program Files\dotnet\sdk\7.0.203
TpTrace Information: 0 : 24700, 1, 2023/07/14, 16:41:18.259, 3682390614867, vstest.console.dll, AssemblyResolver.AddSearchDirectories: Adding more searchDirectories C:\Program Files\dotnet\sdk\7.0.203\Extensions,C:\Program Files\dotnet\sdk\7.0.203
TpTrace Information: 0 : 24700, 1, 2023/07/14, 16:41:18.259, 3682390615008, vstest.console.dll, AssemblyResolver.AddSearchDirectories: Adding more searchDirectories C:\Program Files\dotnet\sdk\7.0.203\Extensions,C:\Program Files\dotnet\sdk\7.0.203
TpTrace Information: 0 : 24700, 1, 2023/07/14, 16:41:18.260, 3682390625992, vstest.console.dll, AssemblyResolver.OnResolve: Microsoft.Diagnostics.NETCore.Client: Resolving assembly.
TpTrace Information: 0 : 24700, 1, 2023/07/14, 16:41:18.260, 3682390626581, vstest.console.dll, AssemblyResolver.OnResolve: Microsoft.Diagnostics.NETCore.Client: Searching in: 'C:\Program Files\dotnet\sdk\7.0.203\Extensions'.
TpTrace Information: 0 : 24700, 1, 2023/07/14, 16:41:18.271, 3682390728256, vstest.console.dll, AssemblyResolver.OnResolve: Microsoft.Diagnostics.NETCore.Client: Loading assembly 'C:\Program Files\dotnet\sdk\7.0.203\Extensions\Microsoft.Diagnostics.NETCore.Client.dll'.
TpTrace Information: 0 : 24700, 1, 2023/07/14, 16:41:18.277, 3682390794234, vstest.console.dll, AssemblyResolver.OnResolve: Resolved assembly: Microsoft.Diagnostics.NETCore.Client, from path: C:\Program Files\dotnet\sdk\7.0.203\Extensions\Microsoft.Diagnostics.NETCore.Client.dll
TpTrace Verbose: 0 : 24700, 1, 2023/07/14, 16:41:18.278, 3682390806368, vstest.console.dll, MetadataReaderExtensionsHelper: Discovering extensions inside assembly 'Microsoft.Diagnostics.NETCore.Client, Version=0.2.6.42401, Culture=neutral, PublicKeyToken=31bf3856ad364e35' file path 'C:\Program Files\dotnet\sdk\7.0.203\Extensions\Microsoft.Diagnostics.NETCore.Client.dll'
TpTrace Information: 0 : 24700, 1, 2023/07/14, 16:41:18.283, 3682390853464, vstest.console.dll, AssemblyResolver.OnResolve: Microsoft.Bcl.AsyncInterfaces: Resolving assembly.
TpTrace Information: 0 : 24700, 1, 2023/07/14, 16:41:18.283, 3682390854292, vstest.console.dll, AssemblyResolver.OnResolve: Microsoft.Bcl.AsyncInterfaces: Searching in: 'C:\Program Files\dotnet\sdk\7.0.203\Extensions'.
TpTrace Information: 0 : 24700, 1, 2023/07/14, 16:41:18.283, 3682390855034, vstest.console.dll, AssemblyResolver.OnResolve: Microsoft.Bcl.AsyncInterfaces: Assembly path does not exist: 'C:\Program Files\dotnet\sdk\7.0.203\Extensions\Microsoft.Bcl.AsyncInterfaces.dll', returning.
TpTrace Information: 0 : 24700, 1, 2023/07/14, 16:41:18.283, 3682390856207, vstest.console.dll, AssemblyResolver.OnResolve: Microsoft.Bcl.AsyncInterfaces: Assembly path does not exist: 'C:\Program Files\dotnet\sdk\7.0.203\Extensions\Microsoft.Bcl.AsyncInterfaces.exe', returning.
TpTrace Information: 0 : 24700, 1, 2023/07/14, 16:41:18.283, 3682390856758, vstest.console.dll, AssemblyResolver.OnResolve: Microsoft.Bcl.AsyncInterfaces: Searching in: 'C:\Program Files\dotnet\sdk\7.0.203'.
TpTrace Information: 0 : 24700, 1, 2023/07/14, 16:41:18.284, 3682390857813, vstest.console.dll, AssemblyResolver.OnResolve: Microsoft.Bcl.AsyncInterfaces: Assembly path does not exist: 'C:\Program Files\dotnet\sdk\7.0.203\Microsoft.Bcl.AsyncInterfaces.dll', returning.
TpTrace Information: 0 : 24700, 1, 2023/07/14, 16:41:18.284, 3682390858278, vstest.console.dll, AssemblyResolver.OnResolve: Microsoft.Bcl.AsyncInterfaces: Assembly path does not exist: 'C:\Program Files\dotnet\sdk\7.0.203\Microsoft.Bcl.AsyncInterfaces.exe', returning.
TpTrace Information: 0 : 24700, 1, 2023/07/14, 16:41:18.284, 3682390858539, vstest.console.dll, AssemblyResolver.OnResolve: Microsoft.Bcl.AsyncInterfaces: Failed to load assembly.
TpTrace Verbose: 0 : 24700, 1, 2023/07/14, 16:41:18.284, 3682390858912, vstest.console.dll, CurrentDomainAssemblyResolve: Resolving assembly 'Microsoft.Bcl.AsyncInterfaces'.
TpTrace Information: 0 : 24700, 1, 2023/07/14, 16:41:18.284, 3682390860278, vstest.console.dll, AssemblyResolver.OnResolve: Microsoft.Bcl.AsyncInterfaces: Resolving assembly.
TpTrace Information: 0 : 24700, 1, 2023/07/14, 16:41:18.284, 3682390860664, vstest.console.dll, AssemblyResolver.OnResolve: Microsoft.Bcl.AsyncInterfaces: Resolved from cache.
TpTrace Verbose: 0 : 24700, 1, 2023/07/14, 16:41:18.284, 3682390861297, vstest.console.dll, CurrentDomainAssemblyResolve: Resolving assembly 'Microsoft.Bcl.AsyncInterfaces'.
TpTrace Verbose: 0 : 24700, 1, 2023/07/14, 16:41:18.284, 3682390862146, vstest.console.dll, CurrentDomainAssemblyResolve: Failed to resolve assembly 'Microsoft.Bcl.AsyncInterfaces'.
TpTrace Verbose: 0 : 24700, 1, 2023/07/14, 16:41:18.297, 3682390991210, vstest.console.dll, CurrentDomainAssemblyResolve: Failed to resolve assembly 'Microsoft.Bcl.AsyncInterfaces'.
TpTrace Warning: 0 : 24700, 1, 2023/07/14, 16:41:18.316, 3682391183118, vstest.console.dll, TestPluginDiscoverer: Failed to get types from assembly 'Microsoft.Diagnostics.NETCore.Client, Version=0.2.6.42401, Culture=neutral, PublicKeyToken=31bf3856ad364e35'. Error: System.Reflection.ReflectionTypeLoadException: Unable to load one or more of the requested types.
Could not load file or assembly 'Microsoft.Bcl.AsyncInterfaces, Version=1.0.0.0, Culture=neutral, PublicKeyToken=cc7b13ffcd2ddd51'. The system cannot find the file specified.
   at System.Reflection.RuntimeModule.GetTypes(RuntimeModule module)
   at System.Reflection.Assembly.GetTypes()
   at Microsoft.VisualStudio.TestPlatform.Common.ExtensionFramework.TestPluginDiscoverer.GetTestExtensionsFromAssembly[TPluginInfo,TExtension](Assembly assembly, Dictionary`2 pluginInfos, String filePath)
System.IO.FileNotFoundException: Could not load file or assembly 'Microsoft.Bcl.AsyncInterfaces, Version=1.0.0.0, Culture=neutral, PublicKeyToken=cc7b13ffcd2ddd51'. The system cannot find the file specified.
File name: 'Microsoft.Bcl.AsyncInterfaces, Version=1.0.0.0, Culture=neutral, PublicKeyToken=cc7b13ffcd2ddd51'
 ---> System.IO.FileNotFoundException: Could not load file or assembly 'Microsoft.Bcl.AsyncInterfaces, Culture=neutral, PublicKeyToken=null'. The system cannot find the file specified.
File name: 'Microsoft.Bcl.AsyncInterfaces, Culture=neutral, PublicKeyToken=null'
   at System.Reflection.RuntimeAssembly.InternalLoad(AssemblyName assemblyName, StackCrawlMark& stackMark, AssemblyLoadContext assemblyLoadContext, RuntimeAssembly requestingAssembly, Boolean throwOnFileNotFound)
   at System.Reflection.Assembly.Load(AssemblyName assemblyRef)
   at Microsoft.VisualStudio.TestPlatform.Common.ExtensionFramework.TestPluginCache.CurrentDomainAssemblyResolve(Object sender, AssemblyResolveEventArgs args)
   at System.Runtime.Loader.AssemblyLoadContext.GetFirstResolvedAssemblyFromResolvingEvent(AssemblyName assemblyName)
   at System.Runtime.Loader.AssemblyLoadContext.ResolveUsingEvent(AssemblyName assemblyName)
   at System.Runtime.Loader.AssemblyLoadContext.ResolveUsingResolvingEvent(IntPtr gchManagedAssemblyLoadContext, AssemblyName assemblyName)
TpTrace Warning: 0 : 24700, 1, 2023/07/14, 16:41:18.317, 3682391197284, vstest.console.dll, LoaderExceptions: System.IO.FileNotFoundException: Could not load file or assembly 'Microsoft.Bcl.AsyncInterfaces, Version=1.0.0.0, Culture=neutral, PublicKeyToken=cc7b13ffcd2ddd51'. The system cannot find the file specified.
File name: 'Microsoft.Bcl.AsyncInterfaces, Version=1.0.0.0, Culture=neutral, PublicKeyToken=cc7b13ffcd2ddd51'
 ---> System.IO.FileNotFoundException: Could not load file or assembly 'Microsoft.Bcl.AsyncInterfaces, Culture=neutral, PublicKeyToken=null'. The system cannot find the file specified.
File name: 'Microsoft.Bcl.AsyncInterfaces, Culture=neutral, PublicKeyToken=null'
   at System.Reflection.RuntimeAssembly.InternalLoad(AssemblyName assemblyName, StackCrawlMark& stackMark, AssemblyLoadContext assemblyLoadContext, RuntimeAssembly requestingAssembly, Boolean throwOnFileNotFound)
   at System.Reflection.Assembly.Load(AssemblyName assemblyRef)
   at Microsoft.VisualStudio.TestPlatform.Common.ExtensionFramework.TestPluginCache.CurrentDomainAssemblyResolve(Object sender, AssemblyResolveEventArgs args)
   at System.Runtime.Loader.AssemblyLoadContext.GetFirstResolvedAssemblyFromResolvingEvent(AssemblyName assemblyName)
   at System.Runtime.Loader.AssemblyLoadContext.ResolveUsingEvent(AssemblyName assemblyName)
   at System.Runtime.Loader.AssemblyLoadContext.ResolveUsingResolvingEvent(IntPtr gchManagedAssemblyLoadContext, AssemblyName assemblyName)
TpTrace Information: 0 : 24700, 1, 2023/07/14, 16:41:18.318, 3682391204584, vstest.console.dll, AssemblyResolver.OnResolve: Microsoft.TestPlatform.Extensions.BlameDataCollector: Resolving assembly.
TpTrace Information: 0 : 24700, 1, 2023/07/14, 16:41:18.318, 3682391204987, vstest.console.dll, AssemblyResolver.OnResolve: Microsoft.TestPlatform.Extensions.BlameDataCollector: Searching in: 'C:\Program Files\dotnet\sdk\7.0.203\Extensions'.
TpTrace Information: 0 : 24700, 1, 2023/07/14, 16:41:18.320, 3682391225613, vstest.console.dll, AssemblyResolver.OnResolve: Microsoft.TestPlatform.Extensions.BlameDataCollector: Loading assembly 'C:\Program Files\dotnet\sdk\7.0.203\Extensions\Microsoft.TestPlatform.Extensions.BlameDataCollector.dll'.
TpTrace Information: 0 : 24700, 1, 2023/07/14, 16:41:18.321, 3682391233918, vstest.console.dll, AssemblyResolver.OnResolve: Resolved assembly: Microsoft.TestPlatform.Extensions.BlameDataCollector, from path: C:\Program Files\dotnet\sdk\7.0.203\Extensions\Microsoft.TestPlatform.Extensions.BlameDataCollector.dll
TpTrace Verbose: 0 : 24700, 1, 2023/07/14, 16:41:18.321, 3682391236636, vstest.console.dll, MetadataReaderExtensionsHelper: Discovering extensions inside assembly 'Microsoft.TestPlatform.Extensions.BlameDataCollector, Version=15.0.0.0, Culture=neutral, PublicKeyToken=b03f5f7f11d50a3a' file path 'C:\Program Files\dotnet\sdk\7.0.203\Extensions\Microsoft.TestPlatform.Extensions.BlameDataCollector.dll'
TpTrace Information: 0 : 24700, 1, 2023/07/14, 16:41:18.324, 3682391258434, vstest.console.dll, AssemblyResolver.OnResolve: Microsoft.TestPlatform.Extensions.EventLogCollector: Resolving assembly.
TpTrace Information: 0 : 24700, 1, 2023/07/14, 16:41:18.324, 3682391258893, vstest.console.dll, AssemblyResolver.OnResolve: Microsoft.TestPlatform.Extensions.EventLogCollector: Searching in: 'C:\Program Files\dotnet\sdk\7.0.203\Extensions'.
TpTrace Information: 0 : 24700, 1, 2023/07/14, 16:41:18.326, 3682391282472, vstest.console.dll, AssemblyResolver.OnResolve: Microsoft.TestPlatform.Extensions.EventLogCollector: Loading assembly 'C:\Program Files\dotnet\sdk\7.0.203\Extensions\Microsoft.TestPlatform.Extensions.EventLogCollector.dll'.
TpTrace Information: 0 : 24700, 1, 2023/07/14, 16:41:18.326, 3682391286500, vstest.console.dll, AssemblyResolver.OnResolve: Resolved assembly: Microsoft.TestPlatform.Extensions.EventLogCollector, from path: C:\Program Files\dotnet\sdk\7.0.203\Extensions\Microsoft.TestPlatform.Extensions.EventLogCollector.dll
TpTrace Verbose: 0 : 24700, 1, 2023/07/14, 16:41:18.326, 3682391287085, vstest.console.dll, MetadataReaderExtensionsHelper: Discovering extensions inside assembly 'Microsoft.TestPlatform.Extensions.EventLogCollector, Version=15.0.0.0, Culture=neutral, PublicKeyToken=b03f5f7f11d50a3a' file path 'C:\Program Files\dotnet\sdk\7.0.203\Extensions\Microsoft.TestPlatform.Extensions.EventLogCollector.dll'
TpTrace Information: 0 : 24700, 1, 2023/07/14, 16:41:18.331, 3682391336163, vstest.console.dll, AssemblyResolver.OnResolve: Microsoft.TestPlatform.TestHostRuntimeProvider: Resolving assembly.
TpTrace Information: 0 : 24700, 1, 2023/07/14, 16:41:18.332, 3682391337992, vstest.console.dll, AssemblyResolver.OnResolve: Microsoft.TestPlatform.TestHostRuntimeProvider: Searching in: 'C:\Program Files\dotnet\sdk\7.0.203\Extensions'.
TpTrace Information: 0 : 24700, 1, 2023/07/14, 16:41:18.334, 3682391358974, vstest.console.dll, AssemblyResolver.OnResolve: Microsoft.TestPlatform.TestHostRuntimeProvider: Loading assembly 'C:\Program Files\dotnet\sdk\7.0.203\Extensions\Microsoft.TestPlatform.TestHostRuntimeProvider.dll'.
TpTrace Information: 0 : 24700, 1, 2023/07/14, 16:41:18.336, 3682391383604, vstest.console.dll, AssemblyResolver.OnResolve: Resolved assembly: Microsoft.TestPlatform.TestHostRuntimeProvider, from path: C:\Program Files\dotnet\sdk\7.0.203\Extensions\Microsoft.TestPlatform.TestHostRuntimeProvider.dll
TpTrace Verbose: 0 : 24700, 1, 2023/07/14, 16:41:18.336, 3682391385243, vstest.console.dll, MetadataReaderExtensionsHelper: Discovering extensions inside assembly 'Microsoft.TestPlatform.TestHostRuntimeProvider, Version=15.0.0.0, Culture=neutral, PublicKeyToken=b03f5f7f11d50a3a' file path 'C:\Program Files\dotnet\sdk\7.0.203\Extensions\Microsoft.TestPlatform.TestHostRuntimeProvider.dll'
TpTrace Information: 0 : 24700, 1, 2023/07/14, 16:41:18.339, 3682391412685, vstest.console.dll, GetTestExtensionFromType: Register extension with identifier data 'HostProvider://DefaultTestHost' and type 'Microsoft.VisualStudio.TestPlatform.CrossPlatEngine.Hosting.DefaultTestHostManager, Microsoft.TestPlatform.TestHostRuntimeProvider, Version=15.0.0.0, Culture=neutral, PublicKeyToken=b03f5f7f11d50a3a' inside file 'C:\Program Files\dotnet\sdk\7.0.203\Extensions\Microsoft.TestPlatform.TestHostRuntimeProvider.dll'
TpTrace Information: 0 : 24700, 1, 2023/07/14, 16:41:18.339, 3682391417084, vstest.console.dll, GetTestExtensionFromType: Register extension with identifier data 'HostProvider://DotnetTestHost' and type 'Microsoft.VisualStudio.TestPlatform.CrossPlatEngine.Hosting.DotnetTestHostManager, Microsoft.TestPlatform.TestHostRuntimeProvider, Version=15.0.0.0, Culture=neutral, PublicKeyToken=b03f5f7f11d50a3a' inside file 'C:\Program Files\dotnet\sdk\7.0.203\Extensions\Microsoft.TestPlatform.TestHostRuntimeProvider.dll'
TpTrace Information: 0 : 24700, 1, 2023/07/14, 16:41:18.340, 3682391419157, vstest.console.dll, AssemblyResolver.OnResolve: Microsoft.VisualStudio.TestPlatform.Extensions.Html.TestLogger: Resolving assembly.
TpTrace Information: 0 : 24700, 1, 2023/07/14, 16:41:18.340, 3682391419726, vstest.console.dll, AssemblyResolver.OnResolve: Microsoft.VisualStudio.TestPlatform.Extensions.Html.TestLogger: Searching in: 'C:\Program Files\dotnet\sdk\7.0.203\Extensions'.
TpTrace Information: 0 : 24700, 1, 2023/07/14, 16:41:18.342, 3682391444349, vstest.console.dll, AssemblyResolver.OnResolve: Microsoft.VisualStudio.TestPlatform.Extensions.Html.TestLogger: Loading assembly 'C:\Program Files\dotnet\sdk\7.0.203\Extensions\Microsoft.VisualStudio.TestPlatform.Extensions.Html.TestLogger.dll'.
TpTrace Information: 0 : 24700, 1, 2023/07/14, 16:41:18.343, 3682391455871, vstest.console.dll, AssemblyResolver.OnResolve: Resolved assembly: Microsoft.VisualStudio.TestPlatform.Extensions.Html.TestLogger, from path: C:\Program Files\dotnet\sdk\7.0.203\Extensions\Microsoft.VisualStudio.TestPlatform.Extensions.Html.TestLogger.dll
TpTrace Verbose: 0 : 24700, 1, 2023/07/14, 16:41:18.343, 3682391456725, vstest.console.dll, MetadataReaderExtensionsHelper: Discovering extensions inside assembly 'Microsoft.VisualStudio.TestPlatform.Extensions.Html.TestLogger, Version=15.0.0.0, Culture=neutral, PublicKeyToken=b03f5f7f11d50a3a' file path 'C:\Program Files\dotnet\sdk\7.0.203\Extensions\Microsoft.VisualStudio.TestPlatform.Extensions.Html.TestLogger.dll'
TpTrace Information: 0 : 24700, 1, 2023/07/14, 16:41:18.344, 3682391467295, vstest.console.dll, AssemblyResolver.OnResolve: Microsoft.VisualStudio.TestPlatform.Extensions.Trx.TestLogger: Resolving assembly.
TpTrace Information: 0 : 24700, 1, 2023/07/14, 16:41:18.345, 3682391467882, vstest.console.dll, AssemblyResolver.OnResolve: Microsoft.VisualStudio.TestPlatform.Extensions.Trx.TestLogger: Searching in: 'C:\Program Files\dotnet\sdk\7.0.203\Extensions'.
TpTrace Information: 0 : 24700, 1, 2023/07/14, 16:41:18.348, 3682391504192, vstest.console.dll, AssemblyResolver.OnResolve: Microsoft.VisualStudio.TestPlatform.Extensions.Trx.TestLogger: Loading assembly 'C:\Program Files\dotnet\sdk\7.0.203\Extensions\Microsoft.VisualStudio.TestPlatform.Extensions.Trx.TestLogger.dll'.
TpTrace Information: 0 : 24700, 1, 2023/07/14, 16:41:18.350, 3682391527260, vstest.console.dll, AssemblyResolver.OnResolve: Resolved assembly: Microsoft.VisualStudio.TestPlatform.Extensions.Trx.TestLogger, from path: C:\Program Files\dotnet\sdk\7.0.203\Extensions\Microsoft.VisualStudio.TestPlatform.Extensions.Trx.TestLogger.dll
TpTrace Verbose: 0 : 24700, 1, 2023/07/14, 16:41:18.351, 3682391528086, vstest.console.dll, MetadataReaderExtensionsHelper: Discovering extensions inside assembly 'Microsoft.VisualStudio.TestPlatform.Extensions.Trx.TestLogger, Version=15.0.0.0, Culture=neutral, PublicKeyToken=b03f5f7f11d50a3a' file path 'C:\Program Files\dotnet\sdk\7.0.203\Extensions\Microsoft.VisualStudio.TestPlatform.Extensions.Trx.TestLogger.dll'
TpTrace Verbose: 0 : 24700, 1, 2023/07/14, 16:41:18.353, 3682391547658, vstest.console.dll, TestPluginCache: Discovered the extensions using extension path ''.
TpTrace Verbose: 0 : 24700, 1, 2023/07/14, 16:41:18.353, 3682391550650, vstest.console.dll, TestPluginCache: Discoverers are ''.
TpTrace Verbose: 0 : 24700, 1, 2023/07/14, 16:41:18.353, 3682391551387, vstest.console.dll, TestPluginCache: Executors are ''.
TpTrace Verbose: 0 : 24700, 1, 2023/07/14, 16:41:18.353, 3682391551521, vstest.console.dll, TestPluginCache: Executors2 are ''.
TpTrace Verbose: 0 : 24700, 1, 2023/07/14, 16:41:18.353, 3682391551652, vstest.console.dll, TestPluginCache: Setting providers are ''.
TpTrace Verbose: 0 : 24700, 1, 2023/07/14, 16:41:18.353, 3682391551818, vstest.console.dll, TestPluginCache: Loggers are ''.
TpTrace Verbose: 0 : 24700, 1, 2023/07/14, 16:41:18.353, 3682391552402, vstest.console.dll, TestPluginCache: TestHosts are 'HostProvider://DefaultTestHost,HostProvider://DotnetTestHost'.
TpTrace Verbose: 0 : 24700, 1, 2023/07/14, 16:41:18.353, 3682391552587, vstest.console.dll, TestPluginCache: DataCollectors are ''.
TpTrace Information: 0 : 24700, 1, 2023/07/14, 16:41:18.369, 3682391708714, vstest.console.dll, RunTestsArgumentProcessor:Execute: Test run is starting.
TpTrace Verbose: 0 : 24700, 1, 2023/07/14, 16:41:18.369, 3682391710129, vstest.console.dll, RunTestsArgumentProcessor:Execute: Queuing Test run.
TpTrace Information: 0 : 24700, 1, 2023/07/14, 16:41:18.369, 3682391716769, vstest.console.dll, TestRequestManager.RunTests: run tests started.
TpTrace Information: 0 : 24700, 1, 2023/07/14, 16:41:18.407, 3682392089459, vstest.console.dll, AssemblyMetadataProvider.GetFrameworkName: Determined framework:'.NETCoreApp,Version=v7.0' for source: 'D:\SHAProjectNew\SHAProject\bin\Debug\net7.0\fine-code-coverage\build-output\SHAProject.dll'
TpTrace Information: 0 : 24700, 1, 2023/07/14, 16:41:18.407, 3682392091705, vstest.console.dll, Determined framework for all sources: .NETCoreApp,Version=v7.0
TpTrace Verbose: 0 : 24700, 1, 2023/07/14, 16:41:18.407, 3682392095423, vstest.console.dll, TestRequestManager.UpdateRunSettingsIfRequired: Default architecture: X64 IsDefaultTargetArchitecture: True, Current process architecture: X64 OperatingSystem: Windows.
TpTrace Information: 0 : 24700, 1, 2023/07/14, 16:41:18.409, 3682392110172, vstest.console.dll, AssemblyMetadataProvider.GetArchitecture: Determined architecture:AnyCPU info for assembly: D:\SHAProjectNew\SHAProject\bin\Debug\net7.0\fine-code-coverage\build-output\SHAProject.dll
TpTrace Information: 0 : 24700, 1, 2023/07/14, 16:41:18.409, 3682392110664, vstest.console.dll, Determined platform for source 'D:\SHAProjectNew\SHAProject\bin\Debug\net7.0\fine-code-coverage\build-output\SHAProject.dll' was AnyCPU and it will use the default plaform X64.
TpTrace Information: 0 : 24700, 1, 2023/07/14, 16:41:18.409, 3682392110828, vstest.console.dll, None of the sources provided any runnable platform, using the default platform: X64
TpTrace Information: 0 : 24700, 1, 2023/07/14, 16:41:18.409, 3682392111438, vstest.console.dll, Platform was updated to 'X64'.
TpTrace Information: 0 : 24700, 1, 2023/07/14, 16:41:18.412, 3682392137637, vstest.console.dll, InferRunSettingsHelper.IsTestSettingsEnabled: Unable to navigate to RunSettings/MSTest. Current node: RunSettings
TpTrace Information: 0 : 24700, 1, 2023/07/14, 16:41:18.413, 3682392148590, vstest.console.dll, AssemblyResolver.OnResolve: Microsoft.VisualStudio.TestPlatform.Fakes: Resolving assembly.
TpTrace Information: 0 : 24700, 1, 2023/07/14, 16:41:18.413, 3682392149164, vstest.console.dll, AssemblyResolver.OnResolve: Microsoft.VisualStudio.TestPlatform.Fakes: Searching in: 'C:\Program Files\dotnet\sdk\7.0.203\Extensions'.
TpTrace Information: 0 : 24700, 1, 2023/07/14, 16:41:18.413, 3682392149884, vstest.console.dll, AssemblyResolver.OnResolve: Microsoft.VisualStudio.TestPlatform.Fakes: Assembly path does not exist: 'C:\Program Files\dotnet\sdk\7.0.203\Extensions\Microsoft.VisualStudio.TestPlatform.Fakes.dll', returning.
TpTrace Information: 0 : 24700, 1, 2023/07/14, 16:41:18.413, 3682392150191, vstest.console.dll, AssemblyResolver.OnResolve: Microsoft.VisualStudio.TestPlatform.Fakes: Assembly path does not exist: 'C:\Program Files\dotnet\sdk\7.0.203\Extensions\Microsoft.VisualStudio.TestPlatform.Fakes.exe', returning.
TpTrace Information: 0 : 24700, 1, 2023/07/14, 16:41:18.413, 3682392150342, vstest.console.dll, AssemblyResolver.OnResolve: Microsoft.VisualStudio.TestPlatform.Fakes: Searching in: 'C:\Program Files\dotnet\sdk\7.0.203'.
TpTrace Information: 0 : 24700, 1, 2023/07/14, 16:41:18.413, 3682392150631, vstest.console.dll, AssemblyResolver.OnResolve: Microsoft.VisualStudio.TestPlatform.Fakes: Assembly path does not exist: 'C:\Program Files\dotnet\sdk\7.0.203\Microsoft.VisualStudio.TestPlatform.Fakes.dll', returning.
TpTrace Information: 0 : 24700, 1, 2023/07/14, 16:41:18.413, 3682392150922, vstest.console.dll, AssemblyResolver.OnResolve: Microsoft.VisualStudio.TestPlatform.Fakes: Assembly path does not exist: 'C:\Program Files\dotnet\sdk\7.0.203\Microsoft.VisualStudio.TestPlatform.Fakes.exe', returning.
TpTrace Information: 0 : 24700, 1, 2023/07/14, 16:41:18.413, 3682392151079, vstest.console.dll, AssemblyResolver.OnResolve: Microsoft.VisualStudio.TestPlatform.Fakes: Failed to load assembly.
TpTrace Information: 0 : 24700, 1, 2023/07/14, 16:41:18.413, 3682392153006, vstest.console.dll, Failed to load assembly Microsoft.VisualStudio.TestPlatform.Fakes, Version=17.0.0.0, Culture=neutral. Reason:System.IO.FileNotFoundException: Could not load file or assembly 'Microsoft.VisualStudio.TestPlatform.Fakes, Version=17.0.0.0, Culture=neutral, PublicKeyToken=null'. The system cannot find the file specified.
File name: 'Microsoft.VisualStudio.TestPlatform.Fakes, Version=17.0.0.0, Culture=neutral, PublicKeyToken=null'
   at System.Reflection.RuntimeAssembly.InternalLoad(AssemblyName assemblyName, StackCrawlMark& stackMark, AssemblyLoadContext assemblyLoadContext, RuntimeAssembly requestingAssembly, Boolean throwOnFileNotFound)
   at System.Reflection.Assembly.Load(AssemblyName assemblyRef)
   at Microsoft.VisualStudio.TestPlatform.Common.Utilities.FakesUtilities.LoadTestPlatformAssembly()
TpTrace Verbose: 0 : 24700, 1, 2023/07/14, 16:41:18.423, 3682392248578, vstest.console.dll, TestPluginCache.DiscoverTestExtensions: finding test extensions in assemblies ends with: TestLogger.dll TPluginInfo: Microsoft.VisualStudio.TestPlatform.Common.ExtensionFramework.Utilities.TestLoggerPluginInformation TExtension: Microsoft.VisualStudio.TestPlatform.ObjectModel.Client.ITestLogger
TpTrace Verbose: 0 : 24700, 1, 2023/07/14, 16:41:18.423, 3682392251801, vstest.console.dll, TestPluginCache.GetExtensionPaths: Filtered extension paths: 
TpTrace Verbose: 0 : 24700, 1, 2023/07/14, 16:41:18.423, 3682392252142, vstest.console.dll, TestPluginCache.GetExtensionPaths: Added default extension paths: C:\Program Files\dotnet\sdk\7.0.203\Extensions\Microsoft.Diagnostics.NETCore.Client.dll
C:\Program Files\dotnet\sdk\7.0.203\Extensions\Microsoft.TestPlatform.Extensions.BlameDataCollector.dll
C:\Program Files\dotnet\sdk\7.0.203\Extensions\Microsoft.TestPlatform.Extensions.EventLogCollector.dll
C:\Program Files\dotnet\sdk\7.0.203\Extensions\Microsoft.TestPlatform.TestHostRuntimeProvider.dll
C:\Program Files\dotnet\sdk\7.0.203\Extensions\Microsoft.VisualStudio.TestPlatform.Extensions.Html.TestLogger.dll
C:\Program Files\dotnet\sdk\7.0.203\Extensions\Microsoft.VisualStudio.TestPlatform.Extensions.Trx.TestLogger.dll
TpTrace Verbose: 0 : 24700, 1, 2023/07/14, 16:41:18.423, 3682392252310, vstest.console.dll, TestPluginCache.GetExtensionPaths: Added unfilterableExtensionPaths: 
TpTrace Information: 0 : 24700, 1, 2023/07/14, 16:41:18.423, 3682392254840, vstest.console.dll, AssemblyResolver.AddSearchDirectories: Adding more searchDirectories C:\Program Files\dotnet\sdk\7.0.203\Extensions,C:\Program Files\dotnet\sdk\7.0.203
TpTrace Verbose: 0 : 24700, 1, 2023/07/14, 16:41:18.423, 3682392255095, vstest.console.dll, TestPluginCache.DiscoverTestExtensions: Discovering the extensions using extension path.
TpTrace Verbose: 0 : 24700, 1, 2023/07/14, 16:41:18.423, 3682392255266, vstest.console.dll, TestPluginCache.GetExtensionPaths: Filtered extension paths: 
TpTrace Verbose: 0 : 24700, 1, 2023/07/14, 16:41:18.423, 3682392256255, vstest.console.dll, TestPluginCache.GetExtensionPaths: Added default extension paths: C:\Program Files\dotnet\sdk\7.0.203\Extensions\Microsoft.Diagnostics.NETCore.Client.dll
C:\Program Files\dotnet\sdk\7.0.203\Extensions\Microsoft.TestPlatform.Extensions.BlameDataCollector.dll
C:\Program Files\dotnet\sdk\7.0.203\Extensions\Microsoft.TestPlatform.Extensions.EventLogCollector.dll
C:\Program Files\dotnet\sdk\7.0.203\Extensions\Microsoft.TestPlatform.TestHostRuntimeProvider.dll
C:\Program Files\dotnet\sdk\7.0.203\Extensions\Microsoft.VisualStudio.TestPlatform.Extensions.Html.TestLogger.dll
C:\Program Files\dotnet\sdk\7.0.203\Extensions\Microsoft.VisualStudio.TestPlatform.Extensions.Trx.TestLogger.dll
TpTrace Verbose: 0 : 24700, 1, 2023/07/14, 16:41:18.423, 3682392257153, vstest.console.dll, TestPluginCache.GetExtensionPaths: Added unfilterableExtensionPaths: 
TpTrace Verbose: 0 : 24700, 1, 2023/07/14, 16:41:18.424, 3682392257489, vstest.console.dll, TestPluginCache.DiscoverTestExtensions: Discovering the extensions using allExtensionPaths: C:\Program Files\dotnet\sdk\7.0.203\Extensions\Microsoft.Diagnostics.NETCore.Client.dll
C:\Program Files\dotnet\sdk\7.0.203\Extensions\Microsoft.TestPlatform.Extensions.BlameDataCollector.dll
C:\Program Files\dotnet\sdk\7.0.203\Extensions\Microsoft.TestPlatform.Extensions.EventLogCollector.dll
C:\Program Files\dotnet\sdk\7.0.203\Extensions\Microsoft.TestPlatform.TestHostRuntimeProvider.dll
C:\Program Files\dotnet\sdk\7.0.203\Extensions\Microsoft.VisualStudio.TestPlatform.Extensions.Html.TestLogger.dll
C:\Program Files\dotnet\sdk\7.0.203\Extensions\Microsoft.VisualStudio.TestPlatform.Extensions.Trx.TestLogger.dll
TpTrace Information: 0 : 24700, 1, 2023/07/14, 16:41:18.424, 3682392259729, vstest.console.dll, AssemblyResolver.AddSearchDirectories: Adding more searchDirectories C:\Program Files\dotnet\sdk\7.0.203\Extensions,C:\Program Files\dotnet\sdk\7.0.203
TpTrace Information: 0 : 24700, 1, 2023/07/14, 16:41:18.424, 3682392260105, vstest.console.dll, AssemblyResolver.AddSearchDirectories: Adding more searchDirectories C:\Program Files\dotnet\sdk\7.0.203\Extensions,C:\Program Files\dotnet\sdk\7.0.203
TpTrace Information: 0 : 24700, 1, 2023/07/14, 16:41:18.424, 3682392260255, vstest.console.dll, AssemblyResolver.AddSearchDirectories: Adding more searchDirectories C:\Program Files\dotnet\sdk\7.0.203\Extensions,C:\Program Files\dotnet\sdk\7.0.203
TpTrace Information: 0 : 24700, 1, 2023/07/14, 16:41:18.424, 3682392260397, vstest.console.dll, AssemblyResolver.AddSearchDirectories: Adding more searchDirectories C:\Program Files\dotnet\sdk\7.0.203\Extensions,C:\Program Files\dotnet\sdk\7.0.203
TpTrace Information: 0 : 24700, 1, 2023/07/14, 16:41:18.424, 3682392261316, vstest.console.dll, AssemblyResolver.AddSearchDirectories: Adding more searchDirectories C:\Program Files\dotnet\sdk\7.0.203\Extensions,C:\Program Files\dotnet\sdk\7.0.203
TpTrace Information: 0 : 24700, 1, 2023/07/14, 16:41:18.424, 3682392262307, vstest.console.dll, AssemblyResolver.AddSearchDirectories: Adding more searchDirectories C:\Program Files\dotnet\sdk\7.0.203\Extensions,C:\Program Files\dotnet\sdk\7.0.203
TpTrace Verbose: 0 : 24700, 1, 2023/07/14, 16:41:18.424, 3682392263084, vstest.console.dll, MetadataReaderExtensionsHelper: Discovering extensions inside assembly 'Microsoft.Diagnostics.NETCore.Client, Version=0.2.6.42401, Culture=neutral, PublicKeyToken=31bf3856ad364e35' file path 'C:\Program Files\dotnet\sdk\7.0.203\Extensions\Microsoft.Diagnostics.NETCore.Client.dll'
TpTrace Information: 0 : 24700, 1, 2023/07/14, 16:41:18.425, 3682392268202, vstest.console.dll, AssemblyResolver.OnResolve: Microsoft.Bcl.AsyncInterfaces: Resolving assembly.
TpTrace Information: 0 : 24700, 1, 2023/07/14, 16:41:18.425, 3682392268609, vstest.console.dll, AssemblyResolver.OnResolve: Microsoft.Bcl.AsyncInterfaces: Resolved from cache.
TpTrace Verbose: 0 : 24700, 1, 2023/07/14, 16:41:18.425, 3682392268761, vstest.console.dll, CurrentDomainAssemblyResolve: Resolving assembly 'Microsoft.Bcl.AsyncInterfaces'.
TpTrace Information: 0 : 24700, 1, 2023/07/14, 16:41:18.425, 3682392268999, vstest.console.dll, AssemblyResolver.OnResolve: Microsoft.Bcl.AsyncInterfaces: Resolving assembly.
TpTrace Information: 0 : 24700, 1, 2023/07/14, 16:41:18.425, 3682392269140, vstest.console.dll, AssemblyResolver.OnResolve: Microsoft.Bcl.AsyncInterfaces: Resolved from cache.
TpTrace Verbose: 0 : 24700, 1, 2023/07/14, 16:41:18.425, 3682392269269, vstest.console.dll, CurrentDomainAssemblyResolve: Resolving assembly 'Microsoft.Bcl.AsyncInterfaces'.
TpTrace Verbose: 0 : 24700, 1, 2023/07/14, 16:41:18.425, 3682392269447, vstest.console.dll, CurrentDomainAssemblyResolve: Failed to resolve assembly 'Microsoft.Bcl.AsyncInterfaces'.
TpTrace Verbose: 0 : 24700, 1, 2023/07/14, 16:41:18.425, 3682392270458, vstest.console.dll, CurrentDomainAssemblyResolve: Failed to resolve assembly 'Microsoft.Bcl.AsyncInterfaces'.
TpTrace Warning: 0 : 24700, 1, 2023/07/14, 16:41:18.425, 3682392272706, vstest.console.dll, TestPluginDiscoverer: Failed to get types from assembly 'Microsoft.Diagnostics.NETCore.Client, Version=0.2.6.42401, Culture=neutral, PublicKeyToken=31bf3856ad364e35'. Error: System.Reflection.ReflectionTypeLoadException: Unable to load one or more of the requested types.
Could not load file or assembly 'Microsoft.Bcl.AsyncInterfaces, Version=1.0.0.0, Culture=neutral, PublicKeyToken=cc7b13ffcd2ddd51'. The system cannot find the file specified.
   at System.Reflection.RuntimeModule.GetTypes(RuntimeModule module)
   at System.Reflection.Assembly.GetTypes()
   at Microsoft.VisualStudio.TestPlatform.Common.ExtensionFramework.TestPluginDiscoverer.GetTestExtensionsFromAssembly[TPluginInfo,TExtension](Assembly assembly, Dictionary`2 pluginInfos, String filePath)
System.IO.FileNotFoundException: Could not load file or assembly 'Microsoft.Bcl.AsyncInterfaces, Version=1.0.0.0, Culture=neutral, PublicKeyToken=cc7b13ffcd2ddd51'. The system cannot find the file specified.
File name: 'Microsoft.Bcl.AsyncInterfaces, Version=1.0.0.0, Culture=neutral, PublicKeyToken=cc7b13ffcd2ddd51'
 ---> System.IO.FileNotFoundException: Could not load file or assembly 'Microsoft.Bcl.AsyncInterfaces, Culture=neutral, PublicKeyToken=null'. The system cannot find the file specified.
File name: 'Microsoft.Bcl.AsyncInterfaces, Culture=neutral, PublicKeyToken=null'
   at System.Reflection.RuntimeAssembly.InternalLoad(AssemblyName assemblyName, StackCrawlMark& stackMark, AssemblyLoadContext assemblyLoadContext, RuntimeAssembly requestingAssembly, Boolean throwOnFileNotFound)
   at System.Reflection.Assembly.Load(AssemblyName assemblyRef)
   at Microsoft.VisualStudio.TestPlatform.Common.ExtensionFramework.TestPluginCache.CurrentDomainAssemblyResolve(Object sender, AssemblyResolveEventArgs args)
   at System.Runtime.Loader.AssemblyLoadContext.GetFirstResolvedAssemblyFromResolvingEvent(AssemblyName assemblyName)
   at System.Runtime.Loader.AssemblyLoadContext.ResolveUsingEvent(AssemblyName assemblyName)
   at System.Runtime.Loader.AssemblyLoadContext.ResolveUsingResolvingEvent(IntPtr gchManagedAssemblyLoadContext, AssemblyName assemblyName)
TpTrace Warning: 0 : 24700, 1, 2023/07/14, 16:41:18.425, 3682392276144, vstest.console.dll, LoaderExceptions: System.IO.FileNotFoundException: Could not load file or assembly 'Microsoft.Bcl.AsyncInterfaces, Version=1.0.0.0, Culture=neutral, PublicKeyToken=cc7b13ffcd2ddd51'. The system cannot find the file specified.
File name: 'Microsoft.Bcl.AsyncInterfaces, Version=1.0.0.0, Culture=neutral, PublicKeyToken=cc7b13ffcd2ddd51'
 ---> System.IO.FileNotFoundException: Could not load file or assembly 'Microsoft.Bcl.AsyncInterfaces, Culture=neutral, PublicKeyToken=null'. The system cannot find the file specified.
File name: 'Microsoft.Bcl.AsyncInterfaces, Culture=neutral, PublicKeyToken=null'
   at System.Reflection.RuntimeAssembly.InternalLoad(AssemblyName assemblyName, StackCrawlMark& stackMark, AssemblyLoadContext assemblyLoadContext, RuntimeAssembly requestingAssembly, Boolean throwOnFileNotFound)
   at System.Reflection.Assembly.Load(AssemblyName assemblyRef)
   at Microsoft.VisualStudio.TestPlatform.Common.ExtensionFramework.TestPluginCache.CurrentDomainAssemblyResolve(Object sender, AssemblyResolveEventArgs args)
   at System.Runtime.Loader.AssemblyLoadContext.GetFirstResolvedAssemblyFromResolvingEvent(AssemblyName assemblyName)
   at System.Runtime.Loader.AssemblyLoadContext.ResolveUsingEvent(AssemblyName assemblyName)
   at System.Runtime.Loader.AssemblyLoadContext.ResolveUsingResolvingEvent(IntPtr gchManagedAssemblyLoadContext, AssemblyName assemblyName)
TpTrace Verbose: 0 : 24700, 1, 2023/07/14, 16:41:18.425, 3682392277120, vstest.console.dll, MetadataReaderExtensionsHelper: Discovering extensions inside assembly 'Microsoft.TestPlatform.Extensions.BlameDataCollector, Version=15.0.0.0, Culture=neutral, PublicKeyToken=b03f5f7f11d50a3a' file path 'C:\Program Files\dotnet\sdk\7.0.203\Extensions\Microsoft.TestPlatform.Extensions.BlameDataCollector.dll'
TpTrace Information: 0 : 24700, 1, 2023/07/14, 16:41:18.426, 3682392281888, vstest.console.dll, GetTestExtensionFromType: Register extension with identifier data 'logger://Microsoft/TestPlatform/Extensions/Blame/v1' and type 'Microsoft.TestPlatform.Extensions.BlameDataCollector.BlameLogger, Microsoft.TestPlatform.Extensions.BlameDataCollector, Version=15.0.0.0, Culture=neutral, PublicKeyToken=b03f5f7f11d50a3a' inside file 'C:\Program Files\dotnet\sdk\7.0.203\Extensions\Microsoft.TestPlatform.Extensions.BlameDataCollector.dll'
TpTrace Verbose: 0 : 24700, 1, 2023/07/14, 16:41:18.426, 3682392282810, vstest.console.dll, MetadataReaderExtensionsHelper: Discovering extensions inside assembly 'Microsoft.TestPlatform.Extensions.EventLogCollector, Version=15.0.0.0, Culture=neutral, PublicKeyToken=b03f5f7f11d50a3a' file path 'C:\Program Files\dotnet\sdk\7.0.203\Extensions\Microsoft.TestPlatform.Extensions.EventLogCollector.dll'
TpTrace Verbose: 0 : 24700, 1, 2023/07/14, 16:41:18.426, 3682392284596, vstest.console.dll, MetadataReaderExtensionsHelper: Discovering extensions inside assembly 'Microsoft.TestPlatform.TestHostRuntimeProvider, Version=15.0.0.0, Culture=neutral, PublicKeyToken=b03f5f7f11d50a3a' file path 'C:\Program Files\dotnet\sdk\7.0.203\Extensions\Microsoft.TestPlatform.TestHostRuntimeProvider.dll'
TpTrace Verbose: 0 : 24700, 1, 2023/07/14, 16:41:18.426, 3682392286396, vstest.console.dll, MetadataReaderExtensionsHelper: Discovering extensions inside assembly 'Microsoft.VisualStudio.TestPlatform.Extensions.Html.TestLogger, Version=15.0.0.0, Culture=neutral, PublicKeyToken=b03f5f7f11d50a3a' file path 'C:\Program Files\dotnet\sdk\7.0.203\Extensions\Microsoft.VisualStudio.TestPlatform.Extensions.Html.TestLogger.dll'
TpTrace Information: 0 : 24700, 1, 2023/07/14, 16:41:18.427, 3682392289596, vstest.console.dll, GetTestExtensionFromType: Register extension with identifier data 'logger://Microsoft/TestPlatform/HtmlLogger/v1' and type 'Microsoft.VisualStudio.TestPlatform.Extensions.HtmlLogger.HtmlLogger, Microsoft.VisualStudio.TestPlatform.Extensions.Html.TestLogger, Version=15.0.0.0, Culture=neutral, PublicKeyToken=b03f5f7f11d50a3a' inside file 'C:\Program Files\dotnet\sdk\7.0.203\Extensions\Microsoft.VisualStudio.TestPlatform.Extensions.Html.TestLogger.dll'
TpTrace Verbose: 0 : 24700, 1, 2023/07/14, 16:41:18.427, 3682392290010, vstest.console.dll, MetadataReaderExtensionsHelper: Discovering extensions inside assembly 'Microsoft.VisualStudio.TestPlatform.Extensions.Trx.TestLogger, Version=15.0.0.0, Culture=neutral, PublicKeyToken=b03f5f7f11d50a3a' file path 'C:\Program Files\dotnet\sdk\7.0.203\Extensions\Microsoft.VisualStudio.TestPlatform.Extensions.Trx.TestLogger.dll'
TpTrace Information: 0 : 24700, 1, 2023/07/14, 16:41:18.427, 3682392291996, vstest.console.dll, GetTestExtensionFromType: Register extension with identifier data 'logger://Microsoft/TestPlatform/TrxLogger/v1' and type 'Microsoft.VisualStudio.TestPlatform.Extensions.TrxLogger.TrxLogger, Microsoft.VisualStudio.TestPlatform.Extensions.Trx.TestLogger, Version=15.0.0.0, Culture=neutral, PublicKeyToken=b03f5f7f11d50a3a' inside file 'C:\Program Files\dotnet\sdk\7.0.203\Extensions\Microsoft.VisualStudio.TestPlatform.Extensions.Trx.TestLogger.dll'
TpTrace Verbose: 0 : 24700, 1, 2023/07/14, 16:41:18.427, 3682392292531, vstest.console.dll, TestPluginCache: Discovered the extensions using extension path ''.
TpTrace Verbose: 0 : 24700, 1, 2023/07/14, 16:41:18.427, 3682392292760, vstest.console.dll, TestPluginCache: Discoverers are ''.
TpTrace Verbose: 0 : 24700, 1, 2023/07/14, 16:41:18.427, 3682392292885, vstest.console.dll, TestPluginCache: Executors are ''.
TpTrace Verbose: 0 : 24700, 1, 2023/07/14, 16:41:18.427, 3682392293008, vstest.console.dll, TestPluginCache: Executors2 are ''.
TpTrace Verbose: 0 : 24700, 1, 2023/07/14, 16:41:18.427, 3682392293128, vstest.console.dll, TestPluginCache: Setting providers are ''.
TpTrace Verbose: 0 : 24700, 1, 2023/07/14, 16:41:18.427, 3682392293519, vstest.console.dll, TestPluginCache: Loggers are 'logger://Microsoft/TestPlatform/Extensions/Blame/v1,logger://Microsoft/TestPlatform/HtmlLogger/v1,logger://Microsoft/TestPlatform/TrxLogger/v1'.
TpTrace Verbose: 0 : 24700, 1, 2023/07/14, 16:41:18.427, 3682392293700, vstest.console.dll, TestPluginCache: TestHosts are 'HostProvider://DefaultTestHost,HostProvider://DotnetTestHost'.
TpTrace Verbose: 0 : 24700, 1, 2023/07/14, 16:41:18.427, 3682392293876, vstest.console.dll, TestPluginCache: DataCollectors are ''.
TpTrace Information: 0 : 24700, 1, 2023/07/14, 16:41:18.428, 3682392299589, vstest.console.dll, TestPluginManager.CreateTestExtension: Attempting to load test extension: Microsoft.TestPlatform.Extensions.BlameDataCollector.BlameLogger
TpTrace Verbose: 0 : 24700, 1, 2023/07/14, 16:41:18.446, 3682392483254, vstest.console.dll, TestEngine: Initializing Parallel Execution as MaxCpuCount is set to: 1
TpTrace Information: 0 : 24700, 1, 2023/07/14, 16:41:18.452, 3682392543229, vstest.console.dll, TestPluginManager.CreateTestExtension: Attempting to load test extension: Microsoft.VisualStudio.TestPlatform.CrossPlatEngine.Hosting.DefaultTestHostManager
TpTrace Information: 0 : 24700, 1, 2023/07/14, 16:41:18.453, 3682392554899, vstest.console.dll, TestPluginManager.CreateTestExtension: Attempting to load test extension: Microsoft.VisualStudio.TestPlatform.CrossPlatEngine.Hosting.DotnetTestHostManager
TpTrace Information: 0 : 24700, 1, 2023/07/14, 16:41:18.454, 3682392559472, vstest.console.dll, InferRunSettingsHelper.IsTestSettingsEnabled: Unable to navigate to RunSettings/MSTest. Current node: RunSettings
TpTrace Verbose: 0 : 24700, 1, 2023/07/14, 16:41:18.457, 3682392593613, vstest.console.dll, TestEngine.GetExecutionManager: Chosen execution manager 'Microsoft.VisualStudio.TestPlatform.CrossPlatEngine.Client.Parallel.ParallelProxyExecutionManager, Microsoft.TestPlatform.CrossPlatEngine, Version=15.0.0.0, Culture=neutral, PublicKeyToken=b03f5f7f11d50a3a' ParallelLevel '1'.
TpTrace Verbose: 0 : 24700, 1, 2023/07/14, 16:41:18.457, 3682392596012, vstest.console.dll, TestRunRequest.ExecuteAsync: Creating test run request.
TpTrace Verbose: 0 : 24700, 1, 2023/07/14, 16:41:18.458, 3682392599195, vstest.console.dll, TestRunRequest.ExecuteAsync: Starting.
TpTrace Information: 0 : 24700, 1, 2023/07/14, 16:41:18.458, 3682392603727, vstest.console.dll, TestRunRequest.ExecuteAsync: Starting run with settings:TestRunCriteria:
   KeepAlive=False,FrequencyOfRunStatsChangeEvent=10,RunStatsChangeEventTimeout=00:00:01.5000000,TestCaseFilter=,TestExecutorLauncher=
   Settingsxml=<RunSettings>
  <RunConfiguration>
    <ResultsDirectory>D:\SHAProjectNew\SHAProject\bin\Debug\net7.0\fine-code-coverage\coverage-tool-output</ResultsDirectory>
    <TargetPlatform>X64</TargetPlatform>
    <TargetFrameworkVersion>.NETCoreApp,Version=v7.0</TargetFrameworkVersion>
    <DesignMode>False</DesignMode>
    <CollectSourceInformation>False</CollectSourceInformation>
  </RunConfiguration>
  <LoggerRunSettings>
    <Loggers>
      <Logger friendlyName="blame" enabled="True" />
      <Logger friendlyName="Console" uri="logger://microsoft/TestPlatform/ConsoleLogger/v1" assemblyQualifiedName="Microsoft.VisualStudio.TestPlatform.CommandLine.Internal.ConsoleLogger, vstest.console, Version=15.0.0.0, Culture=neutral, PublicKeyToken=b03f5f7f11d50a3a" codeBase="C:\Program Files\dotnet\sdk\7.0.203\vstest.console.dll" enabled="True" />
    </Loggers>
  </LoggerRunSettings>
  <DataCollectionRunSettings>
    <DataCollectors>
      <DataCollector friendlyName="blame" enabled="True">
        <Configuration>
          <ResultsDirectory>D:\SHAProjectNew\SHAProject\bin\Debug\net7.0\fine-code-coverage\coverage-tool-output</ResultsDirectory>
        </Configuration>
      </DataCollector>
    </DataCollectors>
  </DataCollectionRunSettings>
</RunSettings>

TpTrace Verbose: 0 : 24700, 1, 2023/07/14, 16:41:18.458, 3682392604330, vstest.console.dll, TestRunRequest.ExecuteAsync: Wait for the first run request is over.
TpTrace Verbose: 0 : 24700, 1, 2023/07/14, 16:41:18.459, 3682392608109, vstest.console.dll, MulticastDelegateUtilities.SafeInvoke: TestRun.TestRunStart: Invoking callbacks was skipped because there are no subscribers.
TpTrace Verbose: 0 : 24700, 4, 2023/07/14, 16:41:18.459, 3682392615301, vstest.console.dll, MulticastDelegateUtilities.SafeInvoke: InternalTestLoggerEvents.SendTestRunStart: Invoking callback 1/1 for Microsoft.VisualStudio.TestPlatform.CommandLine.Internal.ConsoleLogger., took 0 ms.
TpTrace Verbose: 0 : 24700, 1, 2023/07/14, 16:41:18.461, 3682392633790, vstest.console.dll, ParallelProxyExecutionManager: Start execution. Total sources: 1
TpTrace Verbose: 0 : 24700, 1, 2023/07/14, 16:41:18.464, 3682392664648, vstest.console.dll, TestRequestSender is acting as server.
TpTrace Verbose: 0 : 24700, 1, 2023/07/14, 16:41:18.467, 3682392690282, vstest.console.dll, DataCollectionRequestSender.InitializeCommunication : Initialize communication. 
TpTrace Information: 0 : 24700, 1, 2023/07/14, 16:41:18.472, 3682392743243, vstest.console.dll, Listening on Endpoint : 127.0.0.1:62797
TpTrace Verbose: 0 : 24700, 1, 2023/07/14, 16:41:18.480, 3682392821550, vstest.console.dll, DotnetDataCollectionLauncher: Adding  --runtimeconfig "C:\Program Files\dotnet\sdk\7.0.203\datacollector.runtimeconfig.json" in args
TpTrace Verbose: 0 : 24700, 1, 2023/07/14, 16:41:18.480, 3682392822626, vstest.console.dll, DotnetDataCollectionLauncher: Adding  --depsfile "C:\Program Files\dotnet\sdk\7.0.203\datacollector.deps.json" in args
TpTrace Verbose: 0 : 24700, 1, 2023/07/14, 16:41:18.480, 3682392823637, vstest.console.dll, DotnetDataCollectionLauncher: Full path of dotnet.exe is C:\Program Files\dotnet\dotnet.exe
TpTrace Information: 0 : 24700, 1, 2023/07/14, 16:41:18.495, 3682392973363, vstest.console.dll, ProxyDataCollectionManager.Initialize: Launched datacollector processId: 22000 port: 62797
TpTrace Information: 0 : 24700, 1, 2023/07/14, 16:41:18.496, 3682392977470, vstest.console.dll, ProxyDataCollectionManager.Initialize: waiting for connection with timeout: 90 seconds
TpTrace Verbose: 0 : 24700, 1, 2023/07/14, 16:41:18.496, 3682392978746, vstest.console.dll, DataCollectionRequestSender.WaitForRequestHandlerConnection : Waiting for connection with timeout: 90000
TpTrace Information: 0 : 24700, 7, 2023/07/14, 16:41:18.700, 3682395020403, vstest.console.dll, Using the buffer size of 16384 bytes
TpTrace Verbose: 0 : 24700, 1, 2023/07/14, 16:41:18.700, 3682395020537, vstest.console.dll, SocketCommunicationManager.WaitForClientConnection took: 204 ms, with 90000 ms timeout, and finished with True.
TpTrace Information: 0 : 24700, 7, 2023/07/14, 16:41:18.700, 3682395022411, vstest.console.dll, Accepted Client request and set the flag
TpTrace Verbose: 0 : 24700, 1, 2023/07/14, 16:41:18.700, 3682395023796, vstest.console.dll, ProxyDataCollectionManager.InvokeDataCollectionServiceAction: Starting.
TpTrace Information: 0 : 24700, 1, 2023/07/14, 16:41:18.700, 3682395024467, vstest.console.dll, ProxyDataCollectionManager.BeforeTestRunStart: Get environment variable and port for datacollector processId: 22000 port: 62797
TpTrace Verbose: 0 : 24700, 1, 2023/07/14, 16:41:18.700, 3682395025539, vstest.console.dll, DataCollectionRequestSender.SendBeforeTestRunStartAndGetResult: Send BeforeTestRunStart message with settingsXml <RunSettings><RunConfiguration><ResultsDirectory>D:\SHAProjectNew\SHAProject\bin\Debug\net7.0\fine-code-coverage\coverage-tool-output</ResultsDirectory><TargetPlatform>X64</TargetPlatform><TargetFrameworkVersion>.NETCoreApp,Version=v7.0</TargetFrameworkVersion><DesignMode>False</DesignMode><CollectSourceInformation>False</CollectSourceInformation><TestAdaptersPaths>C:\Program Files\dotnet\sdk\7.0.203\Extensions</TestAdaptersPaths></RunConfiguration><LoggerRunSettings><Loggers><Logger friendlyName="blame" enabled="True" /><Logger friendlyName="Console" uri="logger://microsoft/TestPlatform/ConsoleLogger/v1" assemblyQualifiedName="Microsoft.VisualStudio.TestPlatform.CommandLine.Internal.ConsoleLogger, vstest.console, Version=15.0.0.0, Culture=neutral, PublicKeyToken=b03f5f7f11d50a3a" codeBase="C:\Program Files\dotnet\sdk\7.0.203\vstest.console.dll" enabled="True" /></Loggers></LoggerRunSettings><DataCollectionRunSettings><DataCollectors><DataCollector friendlyName="blame" enabled="True"><Configuration><ResultsDirectory>D:\SHAProjectNew\SHAProject\bin\Debug\net7.0\fine-code-coverage\coverage-tool-output</ResultsDirectory></Configuration></DataCollector></DataCollectors></DataCollectionRunSettings></RunSettings> and sources System.Collections.Generic.List`1[System.String]: 
TpTrace Verbose: 0 : 24700, 1, 2023/07/14, 16:41:18.787, 3682395892197, vstest.console.dll, DataCollectionRequestSender.SendBeforeTestRunStartAndGetResult: Received message: (DataCollection.SendMessage) -> {"MessageType":"DataCollection.SendMessage","Payload":{"FriendlyName":null,"Uri":null,"TestCaseId":"00000000-0000-0000-0000-000000000000","Message":"Logging DataCollector Diagnostics in file: D:\\SHAProjectNew\\SHAProject\\bin\\Debug\\net7.0\\fine-code-coverage\\coverage-tool-output\\diagnostics.datacollector.23-07-14_16-41-18_48020_1.log","Level":0}}
TpTrace Verbose: 0 : 24700, 1, 2023/07/14, 16:41:18.889, 3682396913284, vstest.console.dll, DataCollectionRequestSender.SendBeforeTestRunStartAndGetResult: Received message: (DataCollection.BeforeTestRunStartResult) -> {"MessageType":"DataCollection.BeforeTestRunStartResult","Payload":{"EnvironmentVariables":{},"DataCollectionEventsPort":62801}}
TpTrace Information: 0 : 24700, 1, 2023/07/14, 16:41:18.893, 3682396955070, vstest.console.dll, ProxyDataCollectionManager.BeforeTestRunStart: SendBeforeTestRunStartAndGetResult successful, env variable from datacollector:   and testhost port: 62801
TpTrace Information: 0 : 24700, 1, 2023/07/14, 16:41:18.893, 3682396956052, vstest.console.dll, ProxyDataCollectionManager.InvokeDataCollectionServiceAction: Completed.
TpTrace Verbose: 0 : 24700, 1, 2023/07/14, 16:41:18.894, 3682396957321, vstest.console.dll, ProxyParallelExecutionManager: No sources available for execution.
TpTrace Information: 0 : 24700, 1, 2023/07/14, 16:41:18.894, 3682396957787, vstest.console.dll, TestRunRequest.ExecuteAsync: Started.
TpTrace Verbose: 0 : 24700, 7, 2023/07/14, 16:41:18.894, 3682396957906, vstest.console.dll, ParallelProxyExecutionManager: Execution started. Started clients: 1
TpTrace Verbose: 0 : 24700, 1, 2023/07/14, 16:41:18.894, 3682396958384, vstest.console.dll, TestRunRequest.WaitForCompletion: Waiting with timeout -1.
TpTrace Verbose: 0 : 24700, 7, 2023/07/14, 16:41:18.894, 3682396960416, vstest.console.dll, TestRunRequest:SendTestRunMessage: Starting.
TpTrace Verbose: 0 : 24700, 7, 2023/07/14, 16:41:18.894, 3682396961576, vstest.console.dll, MulticastDelegateUtilities.SafeInvoke: TestRun.LogMessages: Invoking callback 1/1 for Microsoft.VisualStudio.TestPlatform.CommandLine.TestRunResultAggregator., took 0 ms.
TpTrace Information: 0 : 24700, 7, 2023/07/14, 16:41:18.894, 3682396961866, vstest.console.dll, TestRunRequest:SendTestRunMessage: Completed.
TpTrace Verbose: 0 : 24700, 4, 2023/07/14, 16:41:18.894, 3682396963036, vstest.console.dll, MulticastDelegateUtilities.SafeInvoke: InternalTestLoggerEvents.SendTestRunMessage: Invoking callback 1/1 for Microsoft.VisualStudio.TestPlatform.CommandLine.Internal.ConsoleLogger., took 0 ms.
TpTrace Verbose: 0 : 24700, 7, 2023/07/14, 16:41:18.894, 3682396963347, vstest.console.dll, ProxyExecutionManager: Test host is always Lazy initialize.
TpTrace Verbose: 0 : 24700, 7, 2023/07/14, 16:41:18.894, 3682396965548, vstest.console.dll, TestRequestSender.InitializeCommunication: initialize communication. 
TpTrace Information: 0 : 24700, 7, 2023/07/14, 16:41:18.895, 3682396969937, vstest.console.dll, SocketServer.Start: Listening on endpoint : 127.0.0.1:62802
TpTrace Verbose: 0 : 24700, 7, 2023/07/14, 16:41:18.895, 3682396976620, vstest.console.dll, DotnetTestHostmanager.GetTestHostProcessStartInfo: Platform environment 'X64' target architecture 'X64' framework '.NETCoreApp,Version=v7.0' OS 'Windows'
TpTrace Verbose: 0 : 24700, 7, 2023/07/14, 16:41:18.896, 3682396981931, vstest.console.dll, DotnetTestHostmanager: Adding  --runtimeconfig "D:\SHAProjectNew\SHAProject\bin\Debug\net7.0\fine-code-coverage\build-output\SHAProject.runtimeconfig.json" in args
TpTrace Verbose: 0 : 24700, 7, 2023/07/14, 16:41:18.896, 3682396982487, vstest.console.dll, DotnetTestHostmanager: Adding  --depsfile "D:\SHAProjectNew\SHAProject\bin\Debug\net7.0\fine-code-coverage\build-output\SHAProject.deps.json" in args
TpTrace Verbose: 0 : 24700, 7, 2023/07/14, 16:41:18.896, 3682396984000, vstest.console.dll, DotnetTestHostmanager.IsWinOnArm: Current PROCESSOR_ARCHITECTURE from environment variable 'AMD64'
TpTrace Verbose: 0 : 24700, 7, 2023/07/14, 16:41:18.896, 3682396984403, vstest.console.dll, DotnetTestHostmanager.IsWinOnArm: Is Windows on ARM 'False'
TpTrace Verbose: 0 : 24700, 7, 2023/07/14, 16:41:18.896, 3682396984771, vstest.console.dll, DotnetTestHostManager: testhost.exe found at path: D:\SHAProjectNew\SHAProject\bin\Debug\net7.0\fine-code-coverage\build-output\testhost.exe
TpTrace Verbose: 0 : 24700, 7, 2023/07/14, 16:41:18.896, 3682396985054, vstest.console.dll, DotnetTestHostmanager: Full path of host exe is D:\SHAProjectNew\SHAProject\bin\Debug\net7.0\fine-code-coverage\build-output\testhost.exe
TpTrace Verbose: 0 : 24700, 7, 2023/07/14, 16:41:18.896, 3682396985974, vstest.console.dll, DotnetTestHostmanager.LaunchTestHostAsync: Found 'VSTEST_WINAPPHOST_DOTNET_ROOT' in env variables, value 'C:\Program Files\dotnet', forwarding to 'DOTNET_ROOT'
TpTrace Verbose: 0 : 24700, 7, 2023/07/14, 16:41:18.896, 3682396987291, vstest.console.dll, DotnetTestHostManager: Starting process 'D:\SHAProjectNew\SHAProject\bin\Debug\net7.0\fine-code-coverage\build-output\testhost.exe' with command line ' --runtimeconfig "D:\SHAProjectNew\SHAProject\bin\Debug\net7.0\fine-code-coverage\build-output\SHAProject.runtimeconfig.json" --depsfile "D:\SHAProjectNew\SHAProject\bin\Debug\net7.0\fine-code-coverage\build-output\SHAProject.deps.json" --port 62802 --endpoint 127.0.0.1:062802 --role client --parentprocessid 24700 --diag "D:\SHAProjectNew\SHAProject\bin\Debug\net7.0\fine-code-coverage\coverage-tool-output\diagnostics.host.23-07-14_16-41-18_89558_7.log" --tracelevel 4 --datacollectionport 62801 --telemetryoptedin false'
TpTrace Verbose: 0 : 24700, 7, 2023/07/14, 16:41:18.912, 3682397137811, vstest.console.dll, MulticastDelegateUtilities.SafeInvoke: HostProviderEvents.OnHostLaunched: Invoking callback 1/2 for Microsoft.VisualStudio.TestPlatform.CrossPlatEngine.Client.ProxyExecutionManagerWithDataCollection., took 1 ms.
TpTrace Verbose: 0 : 24700, 7, 2023/07/14, 16:41:18.912, 3682397140144, vstest.console.dll, Test Runtime launched
TpTrace Verbose: 0 : 24700, 7, 2023/07/14, 16:41:18.912, 3682397140692, vstest.console.dll, MulticastDelegateUtilities.SafeInvoke: HostProviderEvents.OnHostLaunched: Invoking callback 2/2 for Microsoft.VisualStudio.TestPlatform.CrossPlatEngine.Client.ProxyOperationManager., took 0 ms.
TpTrace Verbose: 0 : 24700, 7, 2023/07/14, 16:41:18.912, 3682397141730, vstest.console.dll, TestRequestSender.WaitForRequestHandlerConnection: waiting for connection with timeout: 90000.
TpTrace Verbose: 0 : 24700, 12, 2023/07/14, 16:41:19.264, 3682400657840, vstest.console.dll, MulticastDelegateUtilities.SafeInvoke: SocketServer: ClientConnected: Invoking callback 1/1 for Microsoft.VisualStudio.TestPlatform.CommunicationUtilities.TestRequestSender., took 0 ms.
TpTrace Verbose: 0 : 24700, 12, 2023/07/14, 16:41:19.264, 3682400659742, vstest.console.dll, SocketServer.OnClientConnected: Client connected for endPoint: 127.0.0.1:62802, starting MessageLoopAsync:
TpTrace Verbose: 0 : 24700, 7, 2023/07/14, 16:41:19.264, 3682400657842, vstest.console.dll, TestRequestSender.WaitForRequestHandlerConnection: waiting took 351 ms, with timeout 90000 ms, and result 0, which is success.
TpTrace Verbose: 0 : 24700, 13, 2023/07/14, 16:41:19.264, 3682400662551, vstest.console.dll, TcpClientExtensions.MessageLoopAsync: Polling on remoteEndPoint: 127.0.0.1:62805 localEndPoint: 127.0.0.1:62802
TpTrace Verbose: 0 : 24700, 7, 2023/07/14, 16:41:19.265, 3682400670846, vstest.console.dll, TestRequestSender.CheckVersionWithTestHost: Sending check version message: {"MessageType":"ProtocolVersion","Payload":7}
TpTrace Verbose: 0 : 24700, 13, 2023/07/14, 16:41:19.401, 3682402032475, vstest.console.dll, TcpClientExtensions.MessageLoopAsync: NotifyDataAvailable remoteEndPoint: 127.0.0.1:62805 localEndPoint: 127.0.0.1:62802
TpTrace Verbose: 0 : 24700, 13, 2023/07/14, 16:41:19.401, 3682402034595, vstest.console.dll, TestRequestSender.CheckVersionWithTestHost: onMessageReceived received message: (ProtocolVersion) -> {"MessageType":"ProtocolVersion","Payload":7}
TpTrace Verbose: 0 : 24700, 13, 2023/07/14, 16:41:19.402, 3682402042629, vstest.console.dll, MulticastDelegateUtilities.SafeInvoke: LengthPrefixCommunicationChannel: MessageReceived: Invoking callback 1/1 for Microsoft.VisualStudio.TestPlatform.CommunicationUtilities.TestRequestSender+<>c__DisplayClass29_0., took 0 ms.
TpTrace Verbose: 0 : 24700, 7, 2023/07/14, 16:41:19.402, 3682402044473, vstest.console.dll, TestPluginCache.GetExtensionPaths: Filtered extension paths: 
TpTrace Verbose: 0 : 24700, 7, 2023/07/14, 16:41:19.402, 3682402045649, vstest.console.dll, TestPluginCache.GetExtensionPaths: Added default extension paths: C:\Program Files\dotnet\sdk\7.0.203\Extensions\Microsoft.Diagnostics.NETCore.Client.dll
C:\Program Files\dotnet\sdk\7.0.203\Extensions\Microsoft.TestPlatform.Extensions.BlameDataCollector.dll
C:\Program Files\dotnet\sdk\7.0.203\Extensions\Microsoft.TestPlatform.Extensions.EventLogCollector.dll
C:\Program Files\dotnet\sdk\7.0.203\Extensions\Microsoft.TestPlatform.TestHostRuntimeProvider.dll
C:\Program Files\dotnet\sdk\7.0.203\Extensions\Microsoft.VisualStudio.TestPlatform.Extensions.Html.TestLogger.dll
C:\Program Files\dotnet\sdk\7.0.203\Extensions\Microsoft.VisualStudio.TestPlatform.Extensions.Trx.TestLogger.dll
TpTrace Verbose: 0 : 24700, 13, 2023/07/14, 16:41:19.402, 3682402044980, vstest.console.dll, TcpClientExtensions.MessageLoopAsync: Polling on remoteEndPoint: 127.0.0.1:62805 localEndPoint: 127.0.0.1:62802
TpTrace Verbose: 0 : 24700, 7, 2023/07/14, 16:41:19.403, 3682402047690, vstest.console.dll, TestPluginCache.GetExtensionPaths: Added unfilterableExtensionPaths: 
TpTrace Verbose: 0 : 24700, 13, 2023/07/14, 16:41:19.408, 3682402098048, vstest.console.dll, TcpClientExtensions.MessageLoopAsync: NotifyDataAvailable remoteEndPoint: 127.0.0.1:62805 localEndPoint: 127.0.0.1:62802
TpTrace Verbose: 0 : 24700, 13, 2023/07/14, 16:41:19.408, 3682402099835, vstest.console.dll, LengthPrefixCommunicationChannel.NotifyDataAvailable: New data are waiting to be received, but there is no subscriber to be notified. Not reading them from the stream.
TpTrace Verbose: 0 : 24700, 13, 2023/07/14, 16:41:19.408, 3682402100149, vstest.console.dll, TcpClientExtensions.MessageLoopAsync: Polling on remoteEndPoint: 127.0.0.1:62805 localEndPoint: 127.0.0.1:62802
TpTrace Verbose: 0 : 24700, 13, 2023/07/14, 16:41:19.408, 3682402100468, vstest.console.dll, TcpClientExtensions.MessageLoopAsync: NotifyDataAvailable remoteEndPoint: 127.0.0.1:62805 localEndPoint: 127.0.0.1:62802
TpTrace Verbose: 0 : 24700, 13, 2023/07/14, 16:41:19.408, 3682402100632, vstest.console.dll, LengthPrefixCommunicationChannel.NotifyDataAvailable: New data are waiting to be received, but there is no subscriber to be notified. Not reading them from the stream.
TpTrace Verbose: 0 : 24700, 13, 2023/07/14, 16:41:19.408, 3682402100774, vstest.console.dll, TcpClientExtensions.MessageLoopAsync: Polling on remoteEndPoint: 127.0.0.1:62805 localEndPoint: 127.0.0.1:62802
TpTrace Verbose: 0 : 24700, 13, 2023/07/14, 16:41:19.408, 3682402100928, vstest.console.dll, TcpClientExtensions.MessageLoopAsync: NotifyDataAvailable remoteEndPoint: 127.0.0.1:62805 localEndPoint: 127.0.0.1:62802
TpTrace Verbose: 0 : 24700, 13, 2023/07/14, 16:41:19.408, 3682402101062, vstest.console.dll, LengthPrefixCommunicationChannel.NotifyDataAvailable: New data are waiting to be received, but there is no subscriber to be notified. Not reading them from the stream.
TpTrace Verbose: 0 : 24700, 13, 2023/07/14, 16:41:19.408, 3682402101205, vstest.console.dll, TcpClientExtensions.MessageLoopAsync: Polling on remoteEndPoint: 127.0.0.1:62805 localEndPoint: 127.0.0.1:62802
TpTrace Verbose: 0 : 24700, 13, 2023/07/14, 16:41:19.408, 3682402101384, vstest.console.dll, TcpClientExtensions.MessageLoopAsync: NotifyDataAvailable remoteEndPoint: 127.0.0.1:62805 localEndPoint: 127.0.0.1:62802
TpTrace Verbose: 0 : 24700, 13, 2023/07/14, 16:41:19.408, 3682402101518, vstest.console.dll, LengthPrefixCommunicationChannel.NotifyDataAvailable: New data are waiting to be received, but there is no subscriber to be notified. Not reading them from the stream.
TpTrace Verbose: 0 : 24700, 13, 2023/07/14, 16:41:19.408, 3682402104291, vstest.console.dll, TcpClientExtensions.MessageLoopAsync: Polling on remoteEndPoint: 127.0.0.1:62805 localEndPoint: 127.0.0.1:62802
TpTrace Verbose: 0 : 24700, 13, 2023/07/14, 16:41:19.408, 3682402104653, vstest.console.dll, TcpClientExtensions.MessageLoopAsync: NotifyDataAvailable remoteEndPoint: 127.0.0.1:62805 localEndPoint: 127.0.0.1:62802
TpTrace Verbose: 0 : 24700, 13, 2023/07/14, 16:41:19.408, 3682402104791, vstest.console.dll, LengthPrefixCommunicationChannel.NotifyDataAvailable: New data are waiting to be received, but there is no subscriber to be notified. Not reading them from the stream.
TpTrace Verbose: 0 : 24700, 13, 2023/07/14, 16:41:19.408, 3682402104935, vstest.console.dll, TcpClientExtensions.MessageLoopAsync: Polling on remoteEndPoint: 127.0.0.1:62805 localEndPoint: 127.0.0.1:62802
TpTrace Verbose: 0 : 24700, 7, 2023/07/14, 16:41:19.408, 3682402104925, vstest.console.dll, TestRequestSender.InitializeExecution: Sending initialize execution with message: {"Version":7,"MessageType":"TestExecution.Initialize","Payload":["D:\\SHAProjectNew\\SHAProject\\bin\\Debug\\net7.0\\fine-code-coverage\\build-output\\NUnit3.TestAdapter.dll"]}
TpTrace Verbose: 0 : 24700, 13, 2023/07/14, 16:41:19.408, 3682402105147, vstest.console.dll, TcpClientExtensions.MessageLoopAsync: NotifyDataAvailable remoteEndPoint: 127.0.0.1:62805 localEndPoint: 127.0.0.1:62802
TpTrace Verbose: 0 : 24700, 13, 2023/07/14, 16:41:19.408, 3682402106391, vstest.console.dll, LengthPrefixCommunicationChannel.NotifyDataAvailable: New data are waiting to be received, but there is no subscriber to be notified. Not reading them from the stream.
TpTrace Verbose: 0 : 24700, 13, 2023/07/14, 16:41:19.408, 3682402107021, vstest.console.dll, TcpClientExtensions.MessageLoopAsync: Polling on remoteEndPoint: 127.0.0.1:62805 localEndPoint: 127.0.0.1:62802
TpTrace Verbose: 0 : 24700, 13, 2023/07/14, 16:41:19.409, 3682402107438, vstest.console.dll, TcpClientExtensions.MessageLoopAsync: NotifyDataAvailable remoteEndPoint: 127.0.0.1:62805 localEndPoint: 127.0.0.1:62802
TpTrace Verbose: 0 : 24700, 13, 2023/07/14, 16:41:19.409, 3682402107597, vstest.console.dll, LengthPrefixCommunicationChannel.NotifyDataAvailable: New data are waiting to be received, but there is no subscriber to be notified. Not reading them from the stream.
TpTrace Verbose: 0 : 24700, 13, 2023/07/14, 16:41:19.409, 3682402107768, vstest.console.dll, TcpClientExtensions.MessageLoopAsync: Polling on remoteEndPoint: 127.0.0.1:62805 localEndPoint: 127.0.0.1:62802
TpTrace Verbose: 0 : 24700, 13, 2023/07/14, 16:41:19.409, 3682402107972, vstest.console.dll, TcpClientExtensions.MessageLoopAsync: NotifyDataAvailable remoteEndPoint: 127.0.0.1:62805 localEndPoint: 127.0.0.1:62802
TpTrace Verbose: 0 : 24700, 13, 2023/07/14, 16:41:19.409, 3682402108857, vstest.console.dll, LengthPrefixCommunicationChannel.NotifyDataAvailable: New data are waiting to be received, but there is no subscriber to be notified. Not reading them from the stream.
TpTrace Verbose: 0 : 24700, 13, 2023/07/14, 16:41:19.409, 3682402109132, vstest.console.dll, TcpClientExtensions.MessageLoopAsync: Polling on remoteEndPoint: 127.0.0.1:62805 localEndPoint: 127.0.0.1:62802
TpTrace Verbose: 0 : 24700, 13, 2023/07/14, 16:41:19.409, 3682402109346, vstest.console.dll, TcpClientExtensions.MessageLoopAsync: NotifyDataAvailable remoteEndPoint: 127.0.0.1:62805 localEndPoint: 127.0.0.1:62802
TpTrace Verbose: 0 : 24700, 13, 2023/07/14, 16:41:19.409, 3682402109477, vstest.console.dll, LengthPrefixCommunicationChannel.NotifyDataAvailable: New data are waiting to be received, but there is no subscriber to be notified. Not reading them from the stream.
TpTrace Verbose: 0 : 24700, 13, 2023/07/14, 16:41:19.409, 3682402109621, vstest.console.dll, TcpClientExtensions.MessageLoopAsync: Polling on remoteEndPoint: 127.0.0.1:62805 localEndPoint: 127.0.0.1:62802
TpTrace Verbose: 0 : 24700, 13, 2023/07/14, 16:41:19.409, 3682402109767, vstest.console.dll, TcpClientExtensions.MessageLoopAsync: NotifyDataAvailable remoteEndPoint: 127.0.0.1:62805 localEndPoint: 127.0.0.1:62802
TpTrace Verbose: 0 : 24700, 13, 2023/07/14, 16:41:19.409, 3682402109932, vstest.console.dll, LengthPrefixCommunicationChannel.NotifyDataAvailable: New data are waiting to be received, but there is no subscriber to be notified. Not reading them from the stream.
TpTrace Verbose: 0 : 24700, 13, 2023/07/14, 16:41:19.409, 3682402110081, vstest.console.dll, TcpClientExtensions.MessageLoopAsync: Polling on remoteEndPoint: 127.0.0.1:62805 localEndPoint: 127.0.0.1:62802
TpTrace Verbose: 0 : 24700, 13, 2023/07/14, 16:41:19.409, 3682402110231, vstest.console.dll, TcpClientExtensions.MessageLoopAsync: NotifyDataAvailable remoteEndPoint: 127.0.0.1:62805 localEndPoint: 127.0.0.1:62802
TpTrace Verbose: 0 : 24700, 13, 2023/07/14, 16:41:19.409, 3682402110369, vstest.console.dll, LengthPrefixCommunicationChannel.NotifyDataAvailable: New data are waiting to be received, but there is no subscriber to be notified. Not reading them from the stream.
TpTrace Verbose: 0 : 24700, 13, 2023/07/14, 16:41:19.409, 3682402110505, vstest.console.dll, TcpClientExtensions.MessageLoopAsync: Polling on remoteEndPoint: 127.0.0.1:62805 localEndPoint: 127.0.0.1:62802
TpTrace Verbose: 0 : 24700, 13, 2023/07/14, 16:41:19.409, 3682402110750, vstest.console.dll, TcpClientExtensions.MessageLoopAsync: NotifyDataAvailable remoteEndPoint: 127.0.0.1:62805 localEndPoint: 127.0.0.1:62802
TpTrace Verbose: 0 : 24700, 13, 2023/07/14, 16:41:19.409, 3682402110894, vstest.console.dll, LengthPrefixCommunicationChannel.NotifyDataAvailable: New data are waiting to be received, but there is no subscriber to be notified. Not reading them from the stream.
TpTrace Verbose: 0 : 24700, 13, 2023/07/14, 16:41:19.409, 3682402111069, vstest.console.dll, TcpClientExtensions.MessageLoopAsync: Polling on remoteEndPoint: 127.0.0.1:62805 localEndPoint: 127.0.0.1:62802
TpTrace Verbose: 0 : 24700, 13, 2023/07/14, 16:41:19.409, 3682402111253, vstest.console.dll, TcpClientExtensions.MessageLoopAsync: NotifyDataAvailable remoteEndPoint: 127.0.0.1:62805 localEndPoint: 127.0.0.1:62802
TpTrace Verbose: 0 : 24700, 13, 2023/07/14, 16:41:19.409, 3682402111396, vstest.console.dll, LengthPrefixCommunicationChannel.NotifyDataAvailable: New data are waiting to be received, but there is no subscriber to be notified. Not reading them from the stream.
TpTrace Verbose: 0 : 24700, 13, 2023/07/14, 16:41:19.409, 3682402111533, vstest.console.dll, TcpClientExtensions.MessageLoopAsync: Polling on remoteEndPoint: 127.0.0.1:62805 localEndPoint: 127.0.0.1:62802
TpTrace Verbose: 0 : 24700, 13, 2023/07/14, 16:41:19.409, 3682402111680, vstest.console.dll, TcpClientExtensions.MessageLoopAsync: NotifyDataAvailable remoteEndPoint: 127.0.0.1:62805 localEndPoint: 127.0.0.1:62802
TpTrace Verbose: 0 : 24700, 13, 2023/07/14, 16:41:19.409, 3682402111812, vstest.console.dll, LengthPrefixCommunicationChannel.NotifyDataAvailable: New data are waiting to be received, but there is no subscriber to be notified. Not reading them from the stream.
TpTrace Verbose: 0 : 24700, 13, 2023/07/14, 16:41:19.409, 3682402111947, vstest.console.dll, TcpClientExtensions.MessageLoopAsync: Polling on remoteEndPoint: 127.0.0.1:62805 localEndPoint: 127.0.0.1:62802
TpTrace Verbose: 0 : 24700, 13, 2023/07/14, 16:41:19.409, 3682402112106, vstest.console.dll, TcpClientExtensions.MessageLoopAsync: NotifyDataAvailable remoteEndPoint: 127.0.0.1:62805 localEndPoint: 127.0.0.1:62802
TpTrace Verbose: 0 : 24700, 13, 2023/07/14, 16:41:19.409, 3682402112238, vstest.console.dll, LengthPrefixCommunicationChannel.NotifyDataAvailable: New data are waiting to be received, but there is no subscriber to be notified. Not reading them from the stream.
TpTrace Verbose: 0 : 24700, 13, 2023/07/14, 16:41:19.409, 3682402112374, vstest.console.dll, TcpClientExtensions.MessageLoopAsync: Polling on remoteEndPoint: 127.0.0.1:62805 localEndPoint: 127.0.0.1:62802
TpTrace Verbose: 0 : 24700, 13, 2023/07/14, 16:41:19.409, 3682402112520, vstest.console.dll, TcpClientExtensions.MessageLoopAsync: NotifyDataAvailable remoteEndPoint: 127.0.0.1:62805 localEndPoint: 127.0.0.1:62802
TpTrace Verbose: 0 : 24700, 13, 2023/07/14, 16:41:19.409, 3682402112674, vstest.console.dll, LengthPrefixCommunicationChannel.NotifyDataAvailable: New data are waiting to be received, but there is no subscriber to be notified. Not reading them from the stream.
TpTrace Verbose: 0 : 24700, 13, 2023/07/14, 16:41:19.409, 3682402112817, vstest.console.dll, TcpClientExtensions.MessageLoopAsync: Polling on remoteEndPoint: 127.0.0.1:62805 localEndPoint: 127.0.0.1:62802
TpTrace Verbose: 0 : 24700, 13, 2023/07/14, 16:41:19.409, 3682402112985, vstest.console.dll, TcpClientExtensions.MessageLoopAsync: NotifyDataAvailable remoteEndPoint: 127.0.0.1:62805 localEndPoint: 127.0.0.1:62802
TpTrace Verbose: 0 : 24700, 13, 2023/07/14, 16:41:19.409, 3682402113126, vstest.console.dll, LengthPrefixCommunicationChannel.NotifyDataAvailable: New data are waiting to be received, but there is no subscriber to be notified. Not reading them from the stream.
TpTrace Verbose: 0 : 24700, 13, 2023/07/14, 16:41:19.409, 3682402113264, vstest.console.dll, TcpClientExtensions.MessageLoopAsync: Polling on remoteEndPoint: 127.0.0.1:62805 localEndPoint: 127.0.0.1:62802
TpTrace Verbose: 0 : 24700, 13, 2023/07/14, 16:41:19.409, 3682402113412, vstest.console.dll, TcpClientExtensions.MessageLoopAsync: NotifyDataAvailable remoteEndPoint: 127.0.0.1:62805 localEndPoint: 127.0.0.1:62802
TpTrace Verbose: 0 : 24700, 13, 2023/07/14, 16:41:19.409, 3682402113544, vstest.console.dll, LengthPrefixCommunicationChannel.NotifyDataAvailable: New data are waiting to be received, but there is no subscriber to be notified. Not reading them from the stream.
TpTrace Verbose: 0 : 24700, 13, 2023/07/14, 16:41:19.409, 3682402113690, vstest.console.dll, TcpClientExtensions.MessageLoopAsync: Polling on remoteEndPoint: 127.0.0.1:62805 localEndPoint: 127.0.0.1:62802
TpTrace Warning: 0 : 24700, 7, 2023/07/14, 16:41:19.409, 3682402113637, vstest.console.dll, InferRunSettingsHelper.MakeRunsettingsCompatible: Removing the following settings: TargetPlatform from RunSettings file. To use those settings please move to latest version of Microsoft.NET.Test.Sdk
TpTrace Verbose: 0 : 24700, 13, 2023/07/14, 16:41:19.409, 3682402114700, vstest.console.dll, TcpClientExtensions.MessageLoopAsync: NotifyDataAvailable remoteEndPoint: 127.0.0.1:62805 localEndPoint: 127.0.0.1:62802
TpTrace Verbose: 0 : 24700, 13, 2023/07/14, 16:41:19.409, 3682402115088, vstest.console.dll, LengthPrefixCommunicationChannel.NotifyDataAvailable: New data are waiting to be received, but there is no subscriber to be notified. Not reading them from the stream.
TpTrace Verbose: 0 : 24700, 13, 2023/07/14, 16:41:19.409, 3682402115257, vstest.console.dll, TcpClientExtensions.MessageLoopAsync: Polling on remoteEndPoint: 127.0.0.1:62805 localEndPoint: 127.0.0.1:62802
TpTrace Verbose: 0 : 24700, 13, 2023/07/14, 16:41:19.409, 3682402115420, vstest.console.dll, TcpClientExtensions.MessageLoopAsync: NotifyDataAvailable remoteEndPoint: 127.0.0.1:62805 localEndPoint: 127.0.0.1:62802
TpTrace Verbose: 0 : 24700, 13, 2023/07/14, 16:41:19.409, 3682402115555, vstest.console.dll, LengthPrefixCommunicationChannel.NotifyDataAvailable: New data are waiting to be received, but there is no subscriber to be notified. Not reading them from the stream.
TpTrace Verbose: 0 : 24700, 13, 2023/07/14, 16:41:19.409, 3682402115707, vstest.console.dll, TcpClientExtensions.MessageLoopAsync: Polling on remoteEndPoint: 127.0.0.1:62805 localEndPoint: 127.0.0.1:62802
TpTrace Verbose: 0 : 24700, 13, 2023/07/14, 16:41:19.409, 3682402115865, vstest.console.dll, TcpClientExtensions.MessageLoopAsync: NotifyDataAvailable remoteEndPoint: 127.0.0.1:62805 localEndPoint: 127.0.0.1:62802
TpTrace Verbose: 0 : 24700, 13, 2023/07/14, 16:41:19.409, 3682402116002, vstest.console.dll, LengthPrefixCommunicationChannel.NotifyDataAvailable: New data are waiting to be received, but there is no subscriber to be notified. Not reading them from the stream.
TpTrace Verbose: 0 : 24700, 13, 2023/07/14, 16:41:19.409, 3682402116159, vstest.console.dll, TcpClientExtensions.MessageLoopAsync: Polling on remoteEndPoint: 127.0.0.1:62805 localEndPoint: 127.0.0.1:62802
TpTrace Verbose: 0 : 24700, 13, 2023/07/14, 16:41:19.410, 3682402118521, vstest.console.dll, TcpClientExtensions.MessageLoopAsync: NotifyDataAvailable remoteEndPoint: 127.0.0.1:62805 localEndPoint: 127.0.0.1:62802
TpTrace Verbose: 0 : 24700, 13, 2023/07/14, 16:41:19.410, 3682402118772, vstest.console.dll, LengthPrefixCommunicationChannel.NotifyDataAvailable: New data are waiting to be received, but there is no subscriber to be notified. Not reading them from the stream.
TpTrace Verbose: 0 : 24700, 13, 2023/07/14, 16:41:19.410, 3682402118929, vstest.console.dll, TcpClientExtensions.MessageLoopAsync: Polling on remoteEndPoint: 127.0.0.1:62805 localEndPoint: 127.0.0.1:62802
TpTrace Verbose: 0 : 24700, 13, 2023/07/14, 16:41:19.410, 3682402119077, vstest.console.dll, TcpClientExtensions.MessageLoopAsync: NotifyDataAvailable remoteEndPoint: 127.0.0.1:62805 localEndPoint: 127.0.0.1:62802
TpTrace Verbose: 0 : 24700, 13, 2023/07/14, 16:41:19.410, 3682402119209, vstest.console.dll, LengthPrefixCommunicationChannel.NotifyDataAvailable: New data are waiting to be received, but there is no subscriber to be notified. Not reading them from the stream.
TpTrace Verbose: 0 : 24700, 13, 2023/07/14, 16:41:19.410, 3682402119345, vstest.console.dll, TcpClientExtensions.MessageLoopAsync: Polling on remoteEndPoint: 127.0.0.1:62805 localEndPoint: 127.0.0.1:62802
TpTrace Verbose: 0 : 24700, 13, 2023/07/14, 16:41:19.410, 3682402119500, vstest.console.dll, TcpClientExtensions.MessageLoopAsync: NotifyDataAvailable remoteEndPoint: 127.0.0.1:62805 localEndPoint: 127.0.0.1:62802
TpTrace Verbose: 0 : 24700, 13, 2023/07/14, 16:41:19.410, 3682402119634, vstest.console.dll, LengthPrefixCommunicationChannel.NotifyDataAvailable: New data are waiting to be received, but there is no subscriber to be notified. Not reading them from the stream.
TpTrace Verbose: 0 : 24700, 13, 2023/07/14, 16:41:19.410, 3682402119795, vstest.console.dll, TcpClientExtensions.MessageLoopAsync: Polling on remoteEndPoint: 127.0.0.1:62805 localEndPoint: 127.0.0.1:62802
TpTrace Verbose: 0 : 24700, 13, 2023/07/14, 16:41:19.410, 3682402119968, vstest.console.dll, TcpClientExtensions.MessageLoopAsync: NotifyDataAvailable remoteEndPoint: 127.0.0.1:62805 localEndPoint: 127.0.0.1:62802
TpTrace Verbose: 0 : 24700, 13, 2023/07/14, 16:41:19.410, 3682402121708, vstest.console.dll, TestRequestSender.OnExecutionMessageReceived: Received message: {"Version":7,"MessageType":"TestSession.Message","Payload":{"MessageLevel":0,"Message":"Logging TestHost Diagnostics in file: D:\\SHAProjectNew\\SHAProject\\bin\\Debug\\net7.0\\fine-code-coverage\\coverage-tool-output\\diagnostics.host.23-07-14_16-41-18_89558_7.log"}}
TpTrace Verbose: 0 : 24700, 13, 2023/07/14, 16:41:19.412, 3682402144539, vstest.console.dll, TestRunRequest:SendTestRunMessage: Starting.
TpTrace Verbose: 0 : 24700, 13, 2023/07/14, 16:41:19.412, 3682402145923, vstest.console.dll, MulticastDelegateUtilities.SafeInvoke: TestRun.LogMessages: Invoking callback 1/1 for Microsoft.VisualStudio.TestPlatform.CommandLine.TestRunResultAggregator., took 0 ms.
TpTrace Verbose: 0 : 24700, 4, 2023/07/14, 16:41:19.412, 3682402146178, vstest.console.dll, MulticastDelegateUtilities.SafeInvoke: InternalTestLoggerEvents.SendTestRunMessage: Invoking callback 1/1 for Microsoft.VisualStudio.TestPlatform.CommandLine.Internal.ConsoleLogger., took 0 ms.
TpTrace Information: 0 : 24700, 13, 2023/07/14, 16:41:19.412, 3682402146308, vstest.console.dll, TestRunRequest:SendTestRunMessage: Completed.
TpTrace Verbose: 0 : 24700, 13, 2023/07/14, 16:41:19.412, 3682402147251, vstest.console.dll, MulticastDelegateUtilities.SafeInvoke: LengthPrefixCommunicationChannel: MessageReceived: Invoking callback 1/1 for Microsoft.VisualStudio.TestPlatform.CommunicationUtilities.TestRequestSender+<>c__DisplayClass34_0., took 2 ms.
TpTrace Verbose: 0 : 24700, 13, 2023/07/14, 16:41:19.413, 3682402147553, vstest.console.dll, TcpClientExtensions.MessageLoopAsync: Polling on remoteEndPoint: 127.0.0.1:62805 localEndPoint: 127.0.0.1:62802
TpTrace Verbose: 0 : 24700, 7, 2023/07/14, 16:41:19.418, 3682402200685, vstest.console.dll, TestRequestSender.StartTestRun: Sending test run with message: {"Version":7,"MessageType":"TestExecution.StartWithSources","Payload":{"AdapterSourceMap":{"_none_":["D:\\SHAProjectNew\\SHAProject\\bin\\Debug\\net7.0\\fine-code-coverage\\build-output\\SHAProject.dll"]},"RunSettings":"<RunSettings>\r\n  <RunConfiguration>\r\n    <ResultsDirectory>D:\\SHAProjectNew\\SHAProject\\bin\\Debug\\net7.0\\fine-code-coverage\\coverage-tool-output</ResultsDirectory>\r\n    <TargetFrameworkVersion>.NETCoreApp,Version=v7.0</TargetFrameworkVersion>\r\n    <DesignMode>False</DesignMode>\r\n    <CollectSourceInformation>False</CollectSourceInformation>\r\n  </RunConfiguration>\r\n  <LoggerRunSettings>\r\n    <Loggers>\r\n      <Logger friendlyName=\"blame\" enabled=\"True\" />\r\n      <Logger friendlyName=\"Console\" uri=\"logger://microsoft/TestPlatform/ConsoleLogger/v1\" assemblyQualifiedName=\"Microsoft.VisualStudio.TestPlatform.CommandLine.Internal.ConsoleLogger, vstest.console, Version=15.0.0.0, Culture=neutral, PublicKeyToken=b03f5f7f11d50a3a\" codeBase=\"C:\\Program Files\\dotnet\\sdk\\7.0.203\\vstest.console.dll\" enabled=\"True\" />\r\n    </Loggers>\r\n  </LoggerRunSettings>\r\n  <DataCollectionRunSettings>\r\n    <DataCollectors>\r\n      <DataCollector friendlyName=\"blame\" enabled=\"True\">\r\n        <Configuration>\r\n          <ResultsDirectory>D:\\SHAProjectNew\\SHAProject\\bin\\Debug\\net7.0\\fine-code-coverage\\coverage-tool-output</ResultsDirectory>\r\n        </Configuration>\r\n      </DataCollector>\r\n    </DataCollectors>\r\n  </DataCollectionRunSettings>\r\n</RunSettings>","TestExecutionContext":{"FrequencyOfRunStatsChangeEvent":10,"RunStatsChangeEventTimeout":"00:00:01.5000000","InIsolation":false,"KeepAlive":false,"AreTestCaseLevelEventsRequired":false,"IsDebug":false,"TestCaseFilter":null,"FilterOptions":null},"Package":null}}
TpTrace Verbose: 0 : 24700, 13, 2023/07/14, 16:41:19.559, 3682403615856, vstest.console.dll, TcpClientExtensions.MessageLoopAsync: NotifyDataAvailable remoteEndPoint: 127.0.0.1:62805 localEndPoint: 127.0.0.1:62802
TpTrace Verbose: 0 : 24700, 13, 2023/07/14, 16:41:19.560, 3682403617525, vstest.console.dll, TestRequestSender.OnExecutionMessageReceived: Received message: {"Version":7,"MessageType":"TestSession.Message","Payload":{"MessageLevel":0,"Message":"NUnit Adapter 4.3.0.0: Test execution started"}}
TpTrace Verbose: 0 : 24700, 13, 2023/07/14, 16:41:19.560, 3682403619925, vstest.console.dll, TestRunRequest:SendTestRunMessage: Starting.
TpTrace Verbose: 0 : 24700, 13, 2023/07/14, 16:41:19.560, 3682403620568, vstest.console.dll, MulticastDelegateUtilities.SafeInvoke: TestRun.LogMessages: Invoking callback 1/1 for Microsoft.VisualStudio.TestPlatform.CommandLine.TestRunResultAggregator., took 0 ms.
TpTrace Information: 0 : 24700, 13, 2023/07/14, 16:41:19.560, 3682403620900, vstest.console.dll, TestRunRequest:SendTestRunMessage: Completed.
TpTrace Verbose: 0 : 24700, 13, 2023/07/14, 16:41:19.560, 3682403621120, vstest.console.dll, MulticastDelegateUtilities.SafeInvoke: LengthPrefixCommunicationChannel: MessageReceived: Invoking callback 1/1 for Microsoft.VisualStudio.TestPlatform.CommunicationUtilities.TestRequestSender+<>c__DisplayClass34_0., took 0 ms.
TpTrace Verbose: 0 : 24700, 13, 2023/07/14, 16:41:19.560, 3682403621369, vstest.console.dll, TcpClientExtensions.MessageLoopAsync: Polling on remoteEndPoint: 127.0.0.1:62805 localEndPoint: 127.0.0.1:62802
TpTrace Verbose: 0 : 24700, 4, 2023/07/14, 16:41:19.560, 3682403621780, vstest.console.dll, MulticastDelegateUtilities.SafeInvoke: InternalTestLoggerEvents.SendTestRunMessage: Invoking callback 1/1 for Microsoft.VisualStudio.TestPlatform.CommandLine.Internal.ConsoleLogger., took 0 ms.
TpTrace Verbose: 0 : 24700, 13, 2023/07/14, 16:41:19.593, 3682403954435, vstest.console.dll, TcpClientExtensions.MessageLoopAsync: NotifyDataAvailable remoteEndPoint: 127.0.0.1:62805 localEndPoint: 127.0.0.1:62802
TpTrace Verbose: 0 : 24700, 13, 2023/07/14, 16:41:19.593, 3682403956707, vstest.console.dll, TestRequestSender.OnExecutionMessageReceived: Received message: {"Version":7,"MessageType":"TestSession.Message","Payload":{"MessageLevel":0,"Message":"Running all tests in D:\\SHAProjectNew\\SHAProject\\bin\\Debug\\net7.0\\fine-code-coverage\\build-output\\SHAProject.dll"}}
TpTrace Verbose: 0 : 24700, 13, 2023/07/14, 16:41:19.594, 3682403958469, vstest.console.dll, TestRunRequest:SendTestRunMessage: Starting.
TpTrace Verbose: 0 : 24700, 13, 2023/07/14, 16:41:19.594, 3682403959424, vstest.console.dll, MulticastDelegateUtilities.SafeInvoke: TestRun.LogMessages: Invoking callback 1/1 for Microsoft.VisualStudio.TestPlatform.CommandLine.TestRunResultAggregator., took 0 ms.
TpTrace Information: 0 : 24700, 13, 2023/07/14, 16:41:19.594, 3682403959851, vstest.console.dll, TestRunRequest:SendTestRunMessage: Completed.
TpTrace Verbose: 0 : 24700, 13, 2023/07/14, 16:41:19.594, 3682403960282, vstest.console.dll, MulticastDelegateUtilities.SafeInvoke: LengthPrefixCommunicationChannel: MessageReceived: Invoking callback 1/1 for Microsoft.VisualStudio.TestPlatform.CommunicationUtilities.TestRequestSender+<>c__DisplayClass34_0., took 0 ms.
TpTrace Verbose: 0 : 24700, 4, 2023/07/14, 16:41:19.594, 3682403960427, vstest.console.dll, MulticastDelegateUtilities.SafeInvoke: InternalTestLoggerEvents.SendTestRunMessage: Invoking callback 1/1 for Microsoft.VisualStudio.TestPlatform.CommandLine.Internal.ConsoleLogger., took 0 ms.
TpTrace Verbose: 0 : 24700, 13, 2023/07/14, 16:41:19.594, 3682403960680, vstest.console.dll, TcpClientExtensions.MessageLoopAsync: Polling on remoteEndPoint: 127.0.0.1:62805 localEndPoint: 127.0.0.1:62802
TpTrace Verbose: 0 : 24700, 13, 2023/07/14, 16:41:19.775, 3682405775960, vstest.console.dll, TcpClientExtensions.MessageLoopAsync: NotifyDataAvailable remoteEndPoint: 127.0.0.1:62805 localEndPoint: 127.0.0.1:62802
TpTrace Verbose: 0 : 24700, 13, 2023/07/14, 16:41:19.776, 3682405778331, vstest.console.dll, TestRequestSender.OnExecutionMessageReceived: Received message: {"Version":7,"MessageType":"TestSession.Message","Payload":{"MessageLevel":0,"Message":"   NUnit3TestExecutor discovered 33 of 33 NUnit test cases using Current Discovery mode, Non-Explicit run"}}
TpTrace Verbose: 0 : 24700, 13, 2023/07/14, 16:41:19.776, 3682405779570, vstest.console.dll, TestRunRequest:SendTestRunMessage: Starting.
TpTrace Verbose: 0 : 24700, 13, 2023/07/14, 16:41:19.776, 3682405779952, vstest.console.dll, MulticastDelegateUtilities.SafeInvoke: TestRun.LogMessages: Invoking callback 1/1 for Microsoft.VisualStudio.TestPlatform.CommandLine.TestRunResultAggregator., took 0 ms.
TpTrace Information: 0 : 24700, 13, 2023/07/14, 16:41:19.776, 3682405780229, vstest.console.dll, TestRunRequest:SendTestRunMessage: Completed.
TpTrace Verbose: 0 : 24700, 13, 2023/07/14, 16:41:19.776, 3682405780372, vstest.console.dll, MulticastDelegateUtilities.SafeInvoke: LengthPrefixCommunicationChannel: MessageReceived: Invoking callback 1/1 for Microsoft.VisualStudio.TestPlatform.CommunicationUtilities.TestRequestSender+<>c__DisplayClass34_0., took 0 ms.
TpTrace Verbose: 0 : 24700, 13, 2023/07/14, 16:41:19.776, 3682405780519, vstest.console.dll, TcpClientExtensions.MessageLoopAsync: Polling on remoteEndPoint: 127.0.0.1:62805 localEndPoint: 127.0.0.1:62802
TpTrace Verbose: 0 : 24700, 4, 2023/07/14, 16:41:19.776, 3682405781120, vstest.console.dll, MulticastDelegateUtilities.SafeInvoke: InternalTestLoggerEvents.SendTestRunMessage: Invoking callback 1/1 for Microsoft.VisualStudio.TestPlatform.CommandLine.Internal.ConsoleLogger., took 0 ms.
TpTrace Verbose: 0 : 24700, 13, 2023/07/14, 16:41:19.844, 3682406463555, vstest.console.dll, TcpClientExtensions.MessageLoopAsync: NotifyDataAvailable remoteEndPoint: 127.0.0.1:62805 localEndPoint: 127.0.0.1:62802
TpTrace Verbose: 0 : 24700, 13, 2023/07/14, 16:41:19.844, 3682406464907, vstest.console.dll, TestRequestSender.OnExecutionMessageReceived: Received message: {"Version":7,"MessageType":"TestSession.Message","Payload":{"MessageLevel":1,"Message":"Setup failed for test fixture SHAProject.Workflows.FilesTab"}}
TpTrace Verbose: 0 : 24700, 13, 2023/07/14, 16:41:19.844, 3682406466109, vstest.console.dll, TestRunRequest:SendTestRunMessage: Starting.
TpTrace Verbose: 0 : 24700, 13, 2023/07/14, 16:41:19.844, 3682406467102, vstest.console.dll, MulticastDelegateUtilities.SafeInvoke: TestRun.LogMessages: Invoking callback 1/1 for Microsoft.VisualStudio.TestPlatform.CommandLine.TestRunResultAggregator., took 0 ms.
TpTrace Information: 0 : 24700, 13, 2023/07/14, 16:41:19.844, 3682406467253, vstest.console.dll, TestRunRequest:SendTestRunMessage: Completed.
TpTrace Verbose: 0 : 24700, 13, 2023/07/14, 16:41:19.845, 3682406467408, vstest.console.dll, MulticastDelegateUtilities.SafeInvoke: LengthPrefixCommunicationChannel: MessageReceived: Invoking callback 1/1 for Microsoft.VisualStudio.TestPlatform.CommunicationUtilities.TestRequestSender+<>c__DisplayClass34_0., took 0 ms.
TpTrace Verbose: 0 : 24700, 13, 2023/07/14, 16:41:19.845, 3682406467563, vstest.console.dll, TcpClientExtensions.MessageLoopAsync: Polling on remoteEndPoint: 127.0.0.1:62805 localEndPoint: 127.0.0.1:62802
TpTrace Verbose: 0 : 24700, 13, 2023/07/14, 16:41:19.845, 3682406467781, vstest.console.dll, TcpClientExtensions.MessageLoopAsync: NotifyDataAvailable remoteEndPoint: 127.0.0.1:62805 localEndPoint: 127.0.0.1:62802
TpTrace Verbose: 0 : 24700, 13, 2023/07/14, 16:41:19.845, 3682406468044, vstest.console.dll, TestRequestSender.OnExecutionMessageReceived: Received message: {"Version":7,"MessageType":"TestSession.Message","Payload":{"MessageLevel":1,"Message":"System.NullReferenceException : Object reference not set to an instance of an object.\nStackTrace:    at SHAProject.Workflows.FilesTab.GetTestFixtureBrowsers()+MoveNext() in D:\\SHAProjectNew\\SHAProject\\Workflows\\FilesTab.cs:line 65\r\n   at NUnit.Framework.TestFixtureSourceAttribute.GetParametersFor(Type sourceType)\r\n"}}
TpTrace Verbose: 0 : 24700, 13, 2023/07/14, 16:41:19.845, 3682406468480, vstest.console.dll, TestRunRequest:SendTestRunMessage: Starting.
TpTrace Verbose: 0 : 24700, 13, 2023/07/14, 16:41:19.845, 3682406468670, vstest.console.dll, MulticastDelegateUtilities.SafeInvoke: TestRun.LogMessages: Invoking callback 1/1 for Microsoft.VisualStudio.TestPlatform.CommandLine.TestRunResultAggregator., took 0 ms.
TpTrace Information: 0 : 24700, 13, 2023/07/14, 16:41:19.845, 3682406468798, vstest.console.dll, TestRunRequest:SendTestRunMessage: Completed.
TpTrace Verbose: 0 : 24700, 13, 2023/07/14, 16:41:19.845, 3682406468935, vstest.console.dll, MulticastDelegateUtilities.SafeInvoke: LengthPrefixCommunicationChannel: MessageReceived: Invoking callback 1/1 for Microsoft.VisualStudio.TestPlatform.CommunicationUtilities.TestRequestSender+<>c__DisplayClass34_0., took 0 ms.
TpTrace Verbose: 0 : 24700, 13, 2023/07/14, 16:41:19.845, 3682406469064, vstest.console.dll, TcpClientExtensions.MessageLoopAsync: Polling on remoteEndPoint: 127.0.0.1:62805 localEndPoint: 127.0.0.1:62802
TpTrace Verbose: 0 : 24700, 4, 2023/07/14, 16:41:19.845, 3682406469429, vstest.console.dll, MulticastDelegateUtilities.SafeInvoke: InternalTestLoggerEvents.SendTestRunMessage: Invoking callback 1/1 for Microsoft.VisualStudio.TestPlatform.CommandLine.Internal.ConsoleLogger., took 0 ms.
TpTrace Verbose: 0 : 24700, 4, 2023/07/14, 16:41:19.845, 3682406470102, vstest.console.dll, MulticastDelegateUtilities.SafeInvoke: InternalTestLoggerEvents.SendTestRunMessage: Invoking callback 1/1 for Microsoft.VisualStudio.TestPlatform.CommandLine.Internal.ConsoleLogger., took 0 ms.
TpTrace Verbose: 0 : 24700, 13, 2023/07/14, 16:41:19.869, 3682406710890, vstest.console.dll, TcpClientExtensions.MessageLoopAsync: NotifyDataAvailable remoteEndPoint: 127.0.0.1:62805 localEndPoint: 127.0.0.1:62802
TpTrace Verbose: 0 : 24700, 13, 2023/07/14, 16:41:19.869, 3682406712969, vstest.console.dll, TestRequestSender.OnExecutionMessageReceived: Received message: {"Version":7,"MessageType":"TestExecution.StatsChange","Payload":{"NewTestResults":[{"TestCase":{"Id":"c2c80962-1255-0b8e-b534-1653b57e4b16","FullyQualifiedName":"SHAProject.Workflows.FilesTab.LayoutVerification","DisplayName":"LayoutVerification","ExecutorUri":"executor://NUnit3TestExecutor","Source":"D:\\SHAProjectNew\\SHAProject\\bin\\Debug\\net7.0\\fine-code-coverage\\build-output\\SHAProject.dll","CodeFilePath":null,"LineNumber":0,"Properties":[{"Key":{"Id":"NUnit.TestCategory","Label":"TestCategory","Category":"","Description":"","Attributes":5,"ValueType":"System.String[]"},"Value":["Files Tab"]},{"Key":{"Id":"NUnit.Seed","Label":"Seed","Category":"","Description":"","Attributes":0,"ValueType":"System.String"},"Value":"956651719"}]},"Attachments":[],"Outcome":2,"ErrorMessage":"OneTimeSetUp: System.NullReferenceException : Object reference not set to an instance of an object.","ErrorStackTrace":"\n","DisplayName":"LayoutVerification","Messages":[],"ComputerName":"DESKTOP-4REQK6P","Duration":"00:00:00.0056790","StartTime":"2023-07-14T11:11:19.8020937+00:00","EndTime":"2023-07-14T11:11:19.8077151+00:00","Properties":[{"Key":{"Id":"NUnit.Seed","Label":"Seed","Category":"","Description":"","Attributes":0,"ValueType":"System.String"},"Value":"956651719"}]},{"TestCase":{"Id":"7eb9a7e2-30b5-d8fd-c63d-8613b22df9ad","FullyQualifiedName":"SHAProject.Workflows.FilesTab.Pagination","DisplayName":"Pagination","ExecutorUri":"executor://NUnit3TestExecutor","Source":"D:\\SHAProjectNew\\SHAProject\\bin\\Debug\\net7.0\\fine-code-coverage\\build-output\\SHAProject.dll","CodeFilePath":null,"LineNumber":0,"Properties":[{"Key":{"Id":"NUnit.TestCategory","Label":"TestCategory","Category":"","Description":"","Attributes":5,"ValueType":"System.String[]"},"Value":["Files Tab"]},{"Key":{"Id":"NUnit.Seed","Label":"Seed","Category":"","Description":"","Attributes":0,"ValueType":"System.String"},"Value":"2104386326"}]},"Attachments":[],"Outcome":2,"ErrorMessage":"OneTimeSetUp: System.NullReferenceException : Object reference not set to an instance of an object.","ErrorStackTrace":"\n","DisplayName":"Pagination","Messages":[],"ComputerName":"DESKTOP-4REQK6P","Duration":"00:00:00.0066330","StartTime":"2023-07-14T11:11:19.8020937+00:00","EndTime":"2023-07-14T11:11:19.8087266+00:00","Properties":[{"Key":{"Id":"NUnit.Seed","Label":"Seed","Category":"","Description":"","Attributes":0,"ValueType":"System.String"},"Value":"2104386326"}]},{"TestCase":{"Id":"a9bca02b-e44c-6348-9505-ab91a95ca577","FullyQualifiedName":"SHAProject.Workflows.FilesTab.SearchBox","DisplayName":"SearchBox","ExecutorUri":"executor://NUnit3TestExecutor","Source":"D:\\SHAProjectNew\\SHAProject\\bin\\Debug\\net7.0\\fine-code-coverage\\build-output\\SHAProject.dll","CodeFilePath":null,"LineNumber":0,"Properties":[{"Key":{"Id":"NUnit.TestCategory","Label":"TestCategory","Category":"","Description":"","Attributes":5,"ValueType":"System.String[]"},"Value":["Files Tab"]},{"Key":{"Id":"NUnit.Seed","Label":"Seed","Category":"","Description":"","Attributes":0,"ValueType":"System.String"},"Value":"2079142781"}]},"Attachments":[],"Outcome":2,"ErrorMessage":"OneTimeSetUp: System.NullReferenceException : Object reference not set to an instance of an object.","ErrorStackTrace":"\n","DisplayName":"SearchBox","Messages":[],"ComputerName":"DESKTOP-4REQK6P","Duration":"00:00:00.0066720","StartTime":"2023-07-14T11:11:19.8020937+00:00","EndTime":"2023-07-14T11:11:19.8087659+00:00","Properties":[{"Key":{"Id":"NUnit.Seed","Label":"Seed","Category":"","Description":"","Attributes":0,"ValueType":"System.String"},"Value":"2079142781"}]},{"TestCase":{"Id":"8d3de0e6-47b2-7115-a33c-8ca9a741d6c4","FullyQualifiedName":"SHAProject.Workflows.FilesTab.New_AssayandProject","DisplayName":"New_AssayandProject","ExecutorUri":"executor://NUnit3TestExecutor","Source":"D:\\SHAProjectNew\\SHAProject\\bin\\Debug\\net7.0\\fine-code-coverage\\build-output\\SHAProject.dll","CodeFilePath":null,"LineNumber":0,"Properties":[{"Key":{"Id":"NUnit.TestCategory","Label":"TestCategory","Category":"","Description":"","Attributes":5,"ValueType":"System.String[]"},"Value":["Files Tab"]},{"Key":{"Id":"NUnit.Seed","Label":"Seed","Category":"","Description":"","Attributes":0,"ValueType":"System.String"},"Value":"1542961009"}]},"Attachments":[],"Outcome":2,"ErrorMessage":"OneTimeSetUp: System.NullReferenceException : Object reference not set to an instance of an object.","ErrorStackTrace":"\n","DisplayName":"New_AssayandProject","Messages":[],"ComputerName":"DESKTOP-4REQK6P","Duration":"00:00:00.0066730","StartTime":"2023-07-14T11:11:19.8020937+00:00","EndTime":"2023-07-14T11:11:19.8087674+00:00","Properties":[{"Key":{"Id":"NUnit.Seed","Label":"Seed","Category":"","Description":"","Attributes":0,"ValueType":"System.String"},"Value":"1542961009"}]},{"TestCase":{"Id":"e94ea9b3-386e-f093-38ce-c470e5de0070","FullyQualifiedName":"SHAProject.Workflows.FilesTab.New_Folder","DisplayName":"New_Folder","ExecutorUri":"executor://NUnit3TestExecutor","Source":"D:\\SHAProjectNew\\SHAProject\\bin\\Debug\\net7.0\\fine-code-coverage\\build-output\\SHAProject.dll","CodeFilePath":null,"LineNumber":0,"Properties":[{"Key":{"Id":"NUnit.TestCategory","Label":"TestCategory","Category":"","Description":"","Attributes":5,"ValueType":"System.String[]"},"Value":["Files Tab"]},{"Key":{"Id":"NUnit.Seed","Label":"Seed","Category":"","Description":"","Attributes":0,"ValueType":"System.String"},"Value":"2011061994"}]},"Attachments":[],"Outcome":2,"ErrorMessage":"OneTimeSetUp: System.NullReferenceException : Object reference not set to an instance of an object.","ErrorStackTrace":"\n","DisplayName":"New_Folder","Messages":[],"ComputerName":"DESKTOP-4REQK6P","Duration":"00:00:00.0066740","StartTime":"2023-07-14T11:11:19.8020937+00:00","EndTime":"2023-07-14T11:11:19.8087684+00:00","Properties":[{"Key":{"Id":"NUnit.Seed","Label":"Seed","Category":"","Description":"","Attributes":0,"ValueType":"System.String"},"Value":"2011061994"}]},{"TestCase":{"Id":"5cae3658-066f-11c9-75ec-b40114d86ed2","FullyQualifiedName":"SHAProject.Workflows.FilesTab.FileUpload","DisplayName":"FileUpload","ExecutorUri":"executor://NUnit3TestExecutor","Source":"D:\\SHAProjectNew\\SHAProject\\bin\\Debug\\net7.0\\fine-code-coverage\\build-output\\SHAProject.dll","CodeFilePath":null,"LineNumber":0,"Properties":[{"Key":{"Id":"NUnit.TestCategory","Label":"TestCategory","Category":"","Description":"","Attributes":5,"ValueType":"System.String[]"},"Value":["Files Tab"]},{"Key":{"Id":"NUnit.Seed","Label":"Seed","Category":"","Description":"","Attributes":0,"ValueType":"System.String"},"Value":"1949619966"}]},"Attachments":[],"Outcome":2,"ErrorMessage":"OneTimeSetUp: System.NullReferenceException : Object reference not set to an instance of an object.","ErrorStackTrace":"\n","DisplayName":"FileUpload","Messages":[],"ComputerName":"DESKTOP-4REQK6P","Duration":"00:00:00.0066760","StartTime":"2023-07-14T11:11:19.8020937+00:00","EndTime":"2023-07-14T11:11:19.8087696+00:00","Properties":[{"Key":{"Id":"NUnit.Seed","Label":"Seed","Category":"","Description":"","Attributes":0,"ValueType":"System.String"},"Value":"1949619966"}]},{"TestCase":{"Id":"89150d0f-9425-3519-f073-4e4124728c6c","FullyQualifiedName":"SHAProject.Workflows.FilesTab.FolderandSubfolder","DisplayName":"FolderandSubfolder","ExecutorUri":"executor://NUnit3TestExecutor","Source":"D:\\SHAProjectNew\\SHAProject\\bin\\Debug\\net7.0\\fine-code-coverage\\build-output\\SHAProject.dll","CodeFilePath":null,"LineNumber":0,"Properties":[{"Key":{"Id":"NUnit.TestCategory","Label":"TestCategory","Category":"","Description":"","Attributes":5,"ValueType":"System.String[]"},"Value":["Files Tab"]},{"Key":{"Id":"NUnit.Seed","Label":"Seed","Category":"","Description":"","Attributes":0,"ValueType":"System.String"},"Value":"254628960"}]},"Attachments":[],"Outcome":2,"ErrorMessage":"OneTimeSetUp: System.NullReferenceException : Object reference not set to an instance of an object.","ErrorStackTrace":"\n","DisplayName":"FolderandSubfolder","Messages":[],"ComputerName":"DESKTOP-4REQK6P","Duration":"00:00:00.0066770","StartTime":"2023-07-14T11:11:19.8020937+00:00","EndTime":"2023-07-14T11:11:19.8087706+00:00","Properties":[{"Key":{"Id":"NUnit.Seed","Label":"Seed","Category":"","Description":"","Attributes":0,"ValueType":"System.String"},"Value":"254628960"}]},{"TestCase":{"Id":"db6cad02-355c-5d5d-cb7d-af2157fcaaef","FullyQualifiedName":"SHAProject.Workflows.FilesTab.RenameandDelete","DisplayName":"RenameandDelete","ExecutorUri":"executor://NUnit3TestExecutor","Source":"D:\\SHAProjectNew\\SHAProject\\bin\\Debug\\net7.0\\fine-code-coverage\\build-output\\SHAProject.dll","CodeFilePath":null,"LineNumber":0,"Properties":[{"Key":{"Id":"NUnit.TestCategory","Label":"TestCategory","Category":"","Description":"","Attributes":5,"ValueType":"System.String[]"},"Value":["Files Tab"]},{"Key":{"Id":"NUnit.Seed","Label":"Seed","Category":"","Description":"","Attributes":0,"ValueType":"System.String"},"Value":"290076402"}]},"Attachments":[],"Outcome":2,"ErrorMessage":"OneTimeSetUp: System.NullReferenceException : Object reference not set to an instance of an object.","ErrorStackTrace":"\n","DisplayName":"RenameandDelete","Messages":[],"ComputerName":"DESKTOP-4REQK6P","Duration":"00:00:00.0066780","StartTime":"2023-07-14T11:11:19.8020937+00:00","EndTime":"2023-07-14T11:11:19.8087716+00:00","Properties":[{"Key":{"Id":"NUnit.Seed","Label":"Seed","Category":"","Description":"","Attributes":0,"ValueType":"System.String"},"Value":"290076402"}]},{"TestCase":{"Id":"e5dc7aff-1178-cf49-6a7a-873c312e64f7","FullyQualifiedName":"SHAProject.Workflows.FilesTab.HaederIconFunctionality","DisplayName":"HaederIconFunctionality","ExecutorUri":"executor://NUnit3TestExecutor","Source":"D:\\SHAProjectNew\\SHAProject\\bin\\Debug\\net7.0\\fine-code-coverage\\build-output\\SHAProject.dll","CodeFilePath":null,"LineNumber":0,"Properties":[{"Key":{"Id":"NUnit.TestCategory","Label":"TestCategory","Category":"","Description":"","Attributes":5,"ValueType":"System.String[]"},"Value":["Files Tab"]},{"Key":{"Id":"NUnit.Seed","Label":"Seed","Category":"","Description":"","Attributes":0,"ValueType":"System.String"},"Value":"1333786587"}]},"Attachments":[],"Outcome":2,"ErrorMessage":"OneTimeSetUp: System.NullReferenceException : Object reference not set to an instance of an object.","ErrorStackTrace":"\n","DisplayName":"HaederIconFunctionality","Messages":[],"ComputerName":"DESKTOP-4REQK6P","Duration":"00:00:00.0066820","StartTime":"2023-07-14T11:11:19.8020937+00:00","EndTime":"2023-07-14T11:11:19.8087755+00:00","Properties":[{"Key":{"Id":"NUnit.Seed","Label":"Seed","Category":"","Description":"","Attributes":0,"ValueType":"System.String"},"Value":"1333786587"}]},{"TestCase":{"Id":"a60a6d61-4757-e257-862e-05692dcac2a3","FullyQualifiedName":"SHAProject.Workflows.StandardView.CreateQuickView","DisplayName":"CreateQuickView","ExecutorUri":"executor://NUnit3TestExecutor","Source":"D:\\SHAProjectNew\\SHAProject\\bin\\Debug\\net7.0\\fine-code-coverage\\build-output\\SHAProject.dll","CodeFilePath":null,"LineNumber":0,"Properties":[{"Key":{"Id":"NUnit.TestCategory","Label":"TestCategory","Category":"","Description":"","Attributes":5,"ValueType":"System.String[]"},"Value":["Standard View"]},{"Key":{"Id":"NUnit.Seed","Label":"Seed","Category":"","Description":"","Attributes":0,"ValueType":"System.String"},"Value":"1725349079"}]},"Attachments":[],"Outcome":2,"ErrorMessage":"OneTimeSetUp: System.NullReferenceException : Object reference not set to an instance of an object.","ErrorStackTrace":"\n","DisplayName":"CreateQuickView","Messages":[],"ComputerName":"DESKTOP-4REQK6P","Duration":"00:00:00.0000150","StartTime":"2023-07-14T11:11:19.8113221+00:00","EndTime":"2023-07-14T11:11:19.8113368+00:00","Properties":[{"Key":{"Id":"NUnit.Seed","Label":"Seed","Category":"","Description":"","Attributes":0,"ValueType":"System.String"},"Value":"1725349079"}]}],"TestRunStatistics":{"ExecutedTests":10,"Stats":{"Failed":10}},"ActiveTests":[]}}
TpTrace Verbose: 0 : 24700, 13, 2023/07/14, 16:41:19.906, 3682407081830, vstest.console.dll, TestRunRequest:SendTestRunStatsChange: Starting.
TpTrace Verbose: 0 : 24700, 13, 2023/07/14, 16:41:19.906, 3682407084561, vstest.console.dll, MulticastDelegateUtilities.SafeInvoke: TestRun.RunStatsChanged: Invoking callbacks was skipped because there are no subscribers.
TpTrace Information: 0 : 24700, 13, 2023/07/14, 16:41:19.906, 3682407085064, vstest.console.dll, TestRunRequest:SendTestRunStatsChange: Completed.
TpTrace Verbose: 0 : 24700, 13, 2023/07/14, 16:41:19.906, 3682407085252, vstest.console.dll, MulticastDelegateUtilities.SafeInvoke: LengthPrefixCommunicationChannel: MessageReceived: Invoking callback 1/1 for Microsoft.VisualStudio.TestPlatform.CommunicationUtilities.TestRequestSender+<>c__DisplayClass34_0., took 37 ms.
TpTrace Verbose: 0 : 24700, 13, 2023/07/14, 16:41:19.906, 3682407085446, vstest.console.dll, TcpClientExtensions.MessageLoopAsync: Polling on remoteEndPoint: 127.0.0.1:62805 localEndPoint: 127.0.0.1:62802
TpTrace Verbose: 0 : 24700, 13, 2023/07/14, 16:41:19.906, 3682407085744, vstest.console.dll, TcpClientExtensions.MessageLoopAsync: NotifyDataAvailable remoteEndPoint: 127.0.0.1:62805 localEndPoint: 127.0.0.1:62802
TpTrace Verbose: 0 : 24700, 13, 2023/07/14, 16:41:19.906, 3682407086848, vstest.console.dll, TestRequestSender.OnExecutionMessageReceived: Received message: {"Version":7,"MessageType":"TestExecution.StatsChange","Payload":{"NewTestResults":[{"TestCase":{"Id":"62a9cc04-7e8c-982c-57f6-c672431a28e7","FullyQualifiedName":"SHAProject.Workflows.StandardView.CheckQuickViewLayout","DisplayName":"CheckQuickViewLayout","ExecutorUri":"executor://NUnit3TestExecutor","Source":"D:\\SHAProjectNew\\SHAProject\\bin\\Debug\\net7.0\\fine-code-coverage\\build-output\\SHAProject.dll","CodeFilePath":null,"LineNumber":0,"Properties":[{"Key":{"Id":"NUnit.TestCategory","Label":"TestCategory","Category":"","Description":"","Attributes":5,"ValueType":"System.String[]"},"Value":["Standard View"]},{"Key":{"Id":"NUnit.Seed","Label":"Seed","Category":"","Description":"","Attributes":0,"ValueType":"System.String"},"Value":"2076462507"}]},"Attachments":[],"Outcome":2,"ErrorMessage":"OneTimeSetUp: System.NullReferenceException : Object reference not set to an instance of an object.","ErrorStackTrace":"\n","DisplayName":"CheckQuickViewLayout","Messages":[],"ComputerName":"DESKTOP-4REQK6P","Duration":"00:00:00.0000180","StartTime":"2023-07-14T11:11:19.8113221+00:00","EndTime":"2023-07-14T11:11:19.81134+00:00","Properties":[{"Key":{"Id":"NUnit.Seed","Label":"Seed","Category":"","Description":"","Attributes":0,"ValueType":"System.String"},"Value":"2076462507"}]},{"TestCase":{"Id":"873c2e5e-fecb-6685-e36b-45ddac89635c","FullyQualifiedName":"SHAProject.Workflows.StandardView.CheckAnalysisPageFunctionality","DisplayName":"CheckAnalysisPageFunctionality","ExecutorUri":"executor://NUnit3TestExecutor","Source":"D:\\SHAProjectNew\\SHAProject\\bin\\Debug\\net7.0\\fine-code-coverage\\build-output\\SHAProject.dll","CodeFilePath":null,"LineNumber":0,"Properties":[{"Key":{"Id":"NUnit.TestCategory","Label":"TestCategory","Category":"","Description":"","Attributes":5,"ValueType":"System.String[]"},"Value":["Standard View"]},{"Key":{"Id":"NUnit.Seed","Label":"Seed","Category":"","Description":"","Attributes":0,"ValueType":"System.String"},"Value":"1204666613"}]},"Attachments":[],"Outcome":2,"ErrorMessage":"OneTimeSetUp: System.NullReferenceException : Object reference not set to an instance of an object.","ErrorStackTrace":"\n","DisplayName":"CheckAnalysisPageFunctionality","Messages":[],"ComputerName":"DESKTOP-4REQK6P","Duration":"00:00:00.0000190","StartTime":"2023-07-14T11:11:19.8113221+00:00","EndTime":"2023-07-14T11:11:19.8113412+00:00","Properties":[{"Key":{"Id":"NUnit.Seed","Label":"Seed","Category":"","Description":"","Attributes":0,"ValueType":"System.String"},"Value":"1204666613"}]},{"TestCase":{"Id":"759c8e11-aaaa-71cd-9b92-4206cc5384ef","FullyQualifiedName":"SHAProject.Workflows.StandardView.NormalizationConcept","DisplayName":"NormalizationConcept","ExecutorUri":"executor://NUnit3TestExecutor","Source":"D:\\SHAProjectNew\\SHAProject\\bin\\Debug\\net7.0\\fine-code-coverage\\build-output\\SHAProject.dll","CodeFilePath":null,"LineNumber":0,"Properties":[{"Key":{"Id":"NUnit.TestCategory","Label":"TestCategory","Category":"","Description":"","Attributes":5,"ValueType":"System.String[]"},"Value":["Standard View"]},{"Key":{"Id":"NUnit.Seed","Label":"Seed","Category":"","Description":"","Attributes":0,"ValueType":"System.String"},"Value":"554122614"}]},"Attachments":[],"Outcome":2,"ErrorMessage":"OneTimeSetUp: System.NullReferenceException : Object reference not set to an instance of an object.","ErrorStackTrace":"\n","DisplayName":"NormalizationConcept","Messages":[],"ComputerName":"DESKTOP-4REQK6P","Duration":"00:00:00.0000210","StartTime":"2023-07-14T11:11:19.8113221+00:00","EndTime":"2023-07-14T11:11:19.8113432+00:00","Properties":[{"Key":{"Id":"NUnit.Seed","Label":"Seed","Category":"","Description":"","Attributes":0,"ValueType":"System.String"},"Value":"554122614"}]},{"TestCase":{"Id":"9240535c-e2f0-e86e-b12b-17f61345e6ff","FullyQualifiedName":"SHAProject.Workflows.StandardView.ModifyAssay","DisplayName":"ModifyAssay","ExecutorUri":"executor://NUnit3TestExecutor","Source":"D:\\SHAProjectNew\\SHAProject\\bin\\Debug\\net7.0\\fine-code-coverage\\build-output\\SHAProject.dll","CodeFilePath":null,"LineNumber":0,"Properties":[{"Key":{"Id":"NUnit.TestCategory","Label":"TestCategory","Category":"","Description":"","Attributes":5,"ValueType":"System.String[]"},"Value":["Standard View"]},{"Key":{"Id":"NUnit.Seed","Label":"Seed","Category":"","Description":"","Attributes":0,"ValueType":"System.String"},"Value":"1914148089"}]},"Attachments":[],"Outcome":2,"ErrorMessage":"OneTimeSetUp: System.NullReferenceException : Object reference not set to an instance of an object.","ErrorStackTrace":"\n","DisplayName":"ModifyAssay","Messages":[],"ComputerName":"DESKTOP-4REQK6P","Duration":"00:00:00.0000220","StartTime":"2023-07-14T11:11:19.8113221+00:00","EndTime":"2023-07-14T11:11:19.8113444+00:00","Properties":[{"Key":{"Id":"NUnit.Seed","Label":"Seed","Category":"","Description":"","Attributes":0,"ValueType":"System.String"},"Value":"1914148089"}]},{"TestCase":{"Id":"1856950e-2cff-9ff5-d8f2-6734096db1b0","FullyQualifiedName":"SHAProject.Workflows.StandardView.CheckEditWidgetPage","DisplayName":"CheckEditWidgetPage","ExecutorUri":"executor://NUnit3TestExecutor","Source":"D:\\SHAProjectNew\\SHAProject\\bin\\Debug\\net7.0\\fine-code-coverage\\build-output\\SHAProject.dll","CodeFilePath":null,"LineNumber":0,"Properties":[{"Key":{"Id":"NUnit.TestCategory","Label":"TestCategory","Category":"","Description":"","Attributes":5,"ValueType":"System.String[]"},"Value":["Standard View"]},{"Key":{"Id":"NUnit.Seed","Label":"Seed","Category":"","Description":"","Attributes":0,"ValueType":"System.String"},"Value":"1276914825"}]},"Attachments":[],"Outcome":2,"ErrorMessage":"OneTimeSetUp: System.NullReferenceException : Object reference not set to an instance of an object.","ErrorStackTrace":"\n","DisplayName":"CheckEditWidgetPage","Messages":[],"ComputerName":"DESKTOP-4REQK6P","Duration":"00:00:00.0000230","StartTime":"2023-07-14T11:11:19.8113221+00:00","EndTime":"2023-07-14T11:11:19.8113453+00:00","Properties":[{"Key":{"Id":"NUnit.Seed","Label":"Seed","Category":"","Description":"","Attributes":0,"ValueType":"System.String"},"Value":"1276914825"}]},{"TestCase":{"Id":"e482336c-de05-d233-cb2c-fe8822a75577","FullyQualifiedName":"SHAProject.Workflows.StandardView.KineticGraph","DisplayName":"KineticGraph","ExecutorUri":"executor://NUnit3TestExecutor","Source":"D:\\SHAProjectNew\\SHAProject\\bin\\Debug\\net7.0\\fine-code-coverage\\build-output\\SHAProject.dll","CodeFilePath":null,"LineNumber":0,"Properties":[{"Key":{"Id":"NUnit.TestCategory","Label":"TestCategory","Category":"","Description":"","Attributes":5,"ValueType":"System.String[]"},"Value":["Standard View"]},{"Key":{"Id":"NUnit.Seed","Label":"Seed","Category":"","Description":"","Attributes":0,"ValueType":"System.String"},"Value":"840098737"}]},"Attachments":[],"Outcome":2,"ErrorMessage":"OneTimeSetUp: System.NullReferenceException : Object reference not set to an instance of an object.","ErrorStackTrace":"\n","DisplayName":"KineticGraph","Messages":[],"ComputerName":"DESKTOP-4REQK6P","Duration":"00:00:00.0000240","StartTime":"2023-07-14T11:11:19.8113221+00:00","EndTime":"2023-07-14T11:11:19.8113463+00:00","Properties":[{"Key":{"Id":"NUnit.Seed","Label":"Seed","Category":"","Description":"","Attributes":0,"ValueType":"System.String"},"Value":"840098737"}]},{"TestCase":{"Id":"51ec5d6b-a00d-a1ab-cfee-dde344a901e0","FullyQualifiedName":"SHAProject.Workflows.StandardView.BarChart","DisplayName":"BarChart","ExecutorUri":"executor://NUnit3TestExecutor","Source":"D:\\SHAProjectNew\\SHAProject\\bin\\Debug\\net7.0\\fine-code-coverage\\build-output\\SHAProject.dll","CodeFilePath":null,"LineNumber":0,"Properties":[{"Key":{"Id":"NUnit.TestCategory","Label":"TestCategory","Category":"","Description":"","Attributes":5,"ValueType":"System.String[]"},"Value":["Standard View"]},{"Key":{"Id":"NUnit.Seed","Label":"Seed","Category":"","Description":"","Attributes":0,"ValueType":"System.String"},"Value":"165639374"}]},"Attachments":[],"Outcome":2,"ErrorMessage":"OneTimeSetUp: System.NullReferenceException : Object reference not set to an instance of an object.","ErrorStackTrace":"\n","DisplayName":"BarChart","Messages":[],"ComputerName":"DESKTOP-4REQK6P","Duration":"00:00:00.0000250","StartTime":"2023-07-14T11:11:19.8113221+00:00","EndTime":"2023-07-14T11:11:19.8113475+00:00","Properties":[{"Key":{"Id":"NUnit.Seed","Label":"Seed","Category":"","Description":"","Attributes":0,"ValueType":"System.String"},"Value":"165639374"}]},{"TestCase":{"Id":"c93e4781-5158-b0bc-48a5-f7b4070e2eff","FullyQualifiedName":"SHAProject.Workflows.StandardView.EnergyMap","DisplayName":"EnergyMap","ExecutorUri":"executor://NUnit3TestExecutor","Source":"D:\\SHAProjectNew\\SHAProject\\bin\\Debug\\net7.0\\fine-code-coverage\\build-output\\SHAProject.dll","CodeFilePath":null,"LineNumber":0,"Properties":[{"Key":{"Id":"NUnit.TestCategory","Label":"TestCategory","Category":"","Description":"","Attributes":5,"ValueType":"System.String[]"},"Value":["Standard View"]},{"Key":{"Id":"NUnit.Seed","Label":"Seed","Category":"","Description":"","Attributes":0,"ValueType":"System.String"},"Value":"1492722449"}]},"Attachments":[],"Outcome":2,"ErrorMessage":"OneTimeSetUp: System.NullReferenceException : Object reference not set to an instance of an object.","ErrorStackTrace":"\n","DisplayName":"EnergyMap","Messages":[],"ComputerName":"DESKTOP-4REQK6P","Duration":"00:00:00.0000260","StartTime":"2023-07-14T11:11:19.8113221+00:00","EndTime":"2023-07-14T11:11:19.8113488+00:00","Properties":[{"Key":{"Id":"NUnit.Seed","Label":"Seed","Category":"","Description":"","Attributes":0,"ValueType":"System.String"},"Value":"1492722449"}]},{"TestCase":{"Id":"15bb6377-b37e-929b-b232-9db377c2da19","FullyQualifiedName":"SHAProject.Workflows.StandardView.HeatMap","DisplayName":"HeatMap","ExecutorUri":"executor://NUnit3TestExecutor","Source":"D:\\SHAProjectNew\\SHAProject\\bin\\Debug\\net7.0\\fine-code-coverage\\build-output\\SHAProject.dll","CodeFilePath":null,"LineNumber":0,"Properties":[{"Key":{"Id":"NUnit.TestCategory","Label":"TestCategory","Category":"","Description":"","Attributes":5,"ValueType":"System.String[]"},"Value":["Standard View"]},{"Key":{"Id":"NUnit.Seed","Label":"Seed","Category":"","Description":"","Attributes":0,"ValueType":"System.String"},"Value":"78687216"}]},"Attachments":[],"Outcome":2,"ErrorMessage":"OneTimeSetUp: System.NullReferenceException : Object reference not set to an instance of an object.","ErrorStackTrace":"\n","DisplayName":"HeatMap","Messages":[],"ComputerName":"DESKTOP-4REQK6P","Duration":"00:00:00.0000270","StartTime":"2023-07-14T11:11:19.8113221+00:00","EndTime":"2023-07-14T11:11:19.8113496+00:00","Properties":[{"Key":{"Id":"NUnit.Seed","Label":"Seed","Category":"","Description":"","Attributes":0,"ValueType":"System.String"},"Value":"78687216"}]},{"TestCase":{"Id":"890c4930-7069-522c-8697-7dc2cbe1a7e0","FullyQualifiedName":"SHAProject.Workflows.StandardView.DoseResponseAddWidget","DisplayName":"DoseResponseAddWidget","ExecutorUri":"executor://NUnit3TestExecutor","Source":"D:\\SHAProjectNew\\SHAProject\\bin\\Debug\\net7.0\\fine-code-coverage\\build-output\\SHAProject.dll","CodeFilePath":null,"LineNumber":0,"Properties":[{"Key":{"Id":"NUnit.TestCategory","Label":"TestCategory","Category":"","Description":"","Attributes":5,"ValueType":"System.String[]"},"Value":["Standard View"]},{"Key":{"Id":"NUnit.Seed","Label":"Seed","Category":"","Description":"","Attributes":0,"ValueType":"System.String"},"Value":"182711638"}]},"Attachments":[],"Outcome":2,"ErrorMessage":"OneTimeSetUp: System.NullReferenceException : Object reference not set to an instance of an object.","ErrorStackTrace":"\n","DisplayName":"DoseResponseAddWidget","Messages":[],"ComputerName":"DESKTOP-4REQK6P","Duration":"00:00:00.0000280","StartTime":"2023-07-14T11:11:19.8113221+00:00","EndTime":"2023-07-14T11:11:19.8113508+00:00","Properties":[{"Key":{"Id":"NUnit.Seed","Label":"Seed","Category":"","Description":"","Attributes":0,"ValueType":"System.String"},"Value":"182711638"}]}],"TestRunStatistics":{"ExecutedTests":20,"Stats":{"Failed":20}},"ActiveTests":[]}}
TpTrace Verbose: 0 : 24700, 13, 2023/07/14, 16:41:19.920, 3682407224482, vstest.console.dll, TestRunRequest:SendTestRunStatsChange: Starting.
TpTrace Verbose: 0 : 24700, 13, 2023/07/14, 16:41:19.920, 3682407225695, vstest.console.dll, MulticastDelegateUtilities.SafeInvoke: TestRun.RunStatsChanged: Invoking callbacks was skipped because there are no subscribers.
TpTrace Information: 0 : 24700, 13, 2023/07/14, 16:41:19.920, 3682407225863, vstest.console.dll, TestRunRequest:SendTestRunStatsChange: Completed.
TpTrace Verbose: 0 : 24700, 13, 2023/07/14, 16:41:19.920, 3682407226153, vstest.console.dll, MulticastDelegateUtilities.SafeInvoke: LengthPrefixCommunicationChannel: MessageReceived: Invoking callback 1/1 for Microsoft.VisualStudio.TestPlatform.CommunicationUtilities.TestRequestSender+<>c__DisplayClass34_0., took 13 ms.
TpTrace Verbose: 0 : 24700, 13, 2023/07/14, 16:41:19.920, 3682407226382, vstest.console.dll, TcpClientExtensions.MessageLoopAsync: Polling on remoteEndPoint: 127.0.0.1:62805 localEndPoint: 127.0.0.1:62802
TpTrace Verbose: 0 : 24700, 13, 2023/07/14, 16:41:19.920, 3682407226666, vstest.console.dll, TcpClientExtensions.MessageLoopAsync: NotifyDataAvailable remoteEndPoint: 127.0.0.1:62805 localEndPoint: 127.0.0.1:62802
TpTrace Verbose: 0 : 24700, 13, 2023/07/14, 16:41:19.920, 3682407227140, vstest.console.dll, TestRequestSender.OnExecutionMessageReceived: Received message: {"Version":7,"MessageType":"TestSession.Message","Payload":{"MessageLevel":1,"Message":"Setup failed for test fixture SHAProject.Workflows.StandardView"}}
TpTrace Verbose: 0 : 24700, 13, 2023/07/14, 16:41:19.921, 3682407227865, vstest.console.dll, TestRunRequest:SendTestRunMessage: Starting.
TpTrace Verbose: 0 : 24700, 13, 2023/07/14, 16:41:19.921, 3682407228224, vstest.console.dll, MulticastDelegateUtilities.SafeInvoke: TestRun.LogMessages: Invoking callback 1/1 for Microsoft.VisualStudio.TestPlatform.CommandLine.TestRunResultAggregator., took 0 ms.
TpTrace Information: 0 : 24700, 13, 2023/07/14, 16:41:19.921, 3682407228376, vstest.console.dll, TestRunRequest:SendTestRunMessage: Completed.
TpTrace Verbose: 0 : 24700, 13, 2023/07/14, 16:41:19.921, 3682407228515, vstest.console.dll, MulticastDelegateUtilities.SafeInvoke: LengthPrefixCommunicationChannel: MessageReceived: Invoking callback 1/1 for Microsoft.VisualStudio.TestPlatform.CommunicationUtilities.TestRequestSender+<>c__DisplayClass34_0., took 0 ms.
TpTrace Verbose: 0 : 24700, 13, 2023/07/14, 16:41:19.921, 3682407228736, vstest.console.dll, TcpClientExtensions.MessageLoopAsync: Polling on remoteEndPoint: 127.0.0.1:62805 localEndPoint: 127.0.0.1:62802
TpTrace Verbose: 0 : 24700, 13, 2023/07/14, 16:41:19.921, 3682407228897, vstest.console.dll, TcpClientExtensions.MessageLoopAsync: NotifyDataAvailable remoteEndPoint: 127.0.0.1:62805 localEndPoint: 127.0.0.1:62802
TpTrace Verbose: 0 : 24700, 13, 2023/07/14, 16:41:19.921, 3682407229137, vstest.console.dll, TestRequestSender.OnExecutionMessageReceived: Received message: {"Version":7,"MessageType":"TestSession.Message","Payload":{"MessageLevel":1,"Message":"System.NullReferenceException : Object reference not set to an instance of an object.\nStackTrace:    at SHAProject.Workflows.StandardView.GetTestFixtureBrowsers()+MoveNext() in D:\\SHAProjectNew\\SHAProject\\Workflows\\StandardView.cs:line 77\r\n   at NUnit.Framework.TestFixtureSourceAttribute.GetParametersFor(Type sourceType)\r\n"}}
TpTrace Verbose: 0 : 24700, 13, 2023/07/14, 16:41:19.921, 3682407229515, vstest.console.dll, TestRunRequest:SendTestRunMessage: Starting.
TpTrace Verbose: 0 : 24700, 13, 2023/07/14, 16:41:19.921, 3682407229732, vstest.console.dll, MulticastDelegateUtilities.SafeInvoke: TestRun.LogMessages: Invoking callback 1/1 for Microsoft.VisualStudio.TestPlatform.CommandLine.TestRunResultAggregator., took 0 ms.
TpTrace Information: 0 : 24700, 13, 2023/07/14, 16:41:19.921, 3682407229864, vstest.console.dll, TestRunRequest:SendTestRunMessage: Completed.
TpTrace Verbose: 0 : 24700, 13, 2023/07/14, 16:41:19.921, 3682407229989, vstest.console.dll, MulticastDelegateUtilities.SafeInvoke: LengthPrefixCommunicationChannel: MessageReceived: Invoking callback 1/1 for Microsoft.VisualStudio.TestPlatform.CommunicationUtilities.TestRequestSender+<>c__DisplayClass34_0., took 0 ms.
TpTrace Verbose: 0 : 24700, 13, 2023/07/14, 16:41:19.921, 3682407230126, vstest.console.dll, TcpClientExtensions.MessageLoopAsync: Polling on remoteEndPoint: 127.0.0.1:62805 localEndPoint: 127.0.0.1:62802
TpTrace Verbose: 0 : 24700, 13, 2023/07/14, 16:41:19.921, 3682407230275, vstest.console.dll, TcpClientExtensions.MessageLoopAsync: NotifyDataAvailable remoteEndPoint: 127.0.0.1:62805 localEndPoint: 127.0.0.1:62802
TpTrace Verbose: 0 : 24700, 13, 2023/07/14, 16:41:19.921, 3682407231136, vstest.console.dll, TestRequestSender.OnExecutionMessageReceived: Received message: {"Version":7,"MessageType":"TestExecution.StatsChange","Payload":{"NewTestResults":[{"TestCase":{"Id":"10cd368e-6e83-94ac-15d7-eab868e973e2","FullyQualifiedName":"SHAProject.Workflows.StandardView.DoseResponseAddView","DisplayName":"DoseResponseAddView","ExecutorUri":"executor://NUnit3TestExecutor","Source":"D:\\SHAProjectNew\\SHAProject\\bin\\Debug\\net7.0\\fine-code-coverage\\build-output\\SHAProject.dll","CodeFilePath":null,"LineNumber":0,"Properties":[{"Key":{"Id":"NUnit.TestCategory","Label":"TestCategory","Category":"","Description":"","Attributes":5,"ValueType":"System.String[]"},"Value":["Standard View"]},{"Key":{"Id":"NUnit.Seed","Label":"Seed","Category":"","Description":"","Attributes":0,"ValueType":"System.String"},"Value":"1624356801"}]},"Attachments":[],"Outcome":2,"ErrorMessage":"OneTimeSetUp: System.NullReferenceException : Object reference not set to an instance of an object.","ErrorStackTrace":"\n","DisplayName":"DoseResponseAddView","Messages":[],"ComputerName":"DESKTOP-4REQK6P","Duration":"00:00:00.0000300","StartTime":"2023-07-14T11:11:19.8113221+00:00","EndTime":"2023-07-14T11:11:19.8113519+00:00","Properties":[{"Key":{"Id":"NUnit.Seed","Label":"Seed","Category":"","Description":"","Attributes":0,"ValueType":"System.String"},"Value":"1624356801"}]},{"TestCase":{"Id":"47109eba-9087-7748-117b-90f4eaad766d","FullyQualifiedName":"SHAProject.Workflows.StandardView.Dose_Response","DisplayName":"Dose_Response","ExecutorUri":"executor://NUnit3TestExecutor","Source":"D:\\SHAProjectNew\\SHAProject\\bin\\Debug\\net7.0\\fine-code-coverage\\build-output\\SHAProject.dll","CodeFilePath":null,"LineNumber":0,"Properties":[{"Key":{"Id":"NUnit.TestCategory","Label":"TestCategory","Category":"","Description":"","Attributes":5,"ValueType":"System.String[]"},"Value":["Standard View"]},{"Key":{"Id":"NUnit.Seed","Label":"Seed","Category":"","Description":"","Attributes":0,"ValueType":"System.String"},"Value":"1238071300"}]},"Attachments":[],"Outcome":2,"ErrorMessage":"OneTimeSetUp: System.NullReferenceException : Object reference not set to an instance of an object.","ErrorStackTrace":"\n","DisplayName":"Dose_Response","Messages":[],"ComputerName":"DESKTOP-4REQK6P","Duration":"00:00:00.0000310","StartTime":"2023-07-14T11:11:19.8113221+00:00","EndTime":"2023-07-14T11:11:19.8113529+00:00","Properties":[{"Key":{"Id":"NUnit.Seed","Label":"Seed","Category":"","Description":"","Attributes":0,"ValueType":"System.String"},"Value":"1238071300"}]},{"TestCase":{"Id":"fea6788b-6f42-0c0f-9a0b-b5fe8ed0586a","FullyQualifiedName":"SHAProject.Workflows.StandardView.BlankView","DisplayName":"BlankView","ExecutorUri":"executor://NUnit3TestExecutor","Source":"D:\\SHAProjectNew\\SHAProject\\bin\\Debug\\net7.0\\fine-code-coverage\\build-output\\SHAProject.dll","CodeFilePath":null,"LineNumber":0,"Properties":[{"Key":{"Id":"NUnit.TestCategory","Label":"TestCategory","Category":"","Description":"","Attributes":5,"ValueType":"System.String[]"},"Value":["Standard View"]},{"Key":{"Id":"NUnit.Seed","Label":"Seed","Category":"","Description":"","Attributes":0,"ValueType":"System.String"},"Value":"405509907"}]},"Attachments":[],"Outcome":2,"ErrorMessage":"OneTimeSetUp: System.NullReferenceException : Object reference not set to an instance of an object.","ErrorStackTrace":"\n","DisplayName":"BlankView","Messages":[],"ComputerName":"DESKTOP-4REQK6P","Duration":"00:00:00.0000320","StartTime":"2023-07-14T11:11:19.8113221+00:00","EndTime":"2023-07-14T11:11:19.8113538+00:00","Properties":[{"Key":{"Id":"NUnit.Seed","Label":"Seed","Category":"","Description":"","Attributes":0,"ValueType":"System.String"},"Value":"405509907"}]},{"TestCase":{"Id":"41520f2a-6e4e-5d82-66b7-bd9091efead7","FullyQualifiedName":"SHAProject.Workflows.StandardView.CustomView","DisplayName":"CustomView","ExecutorUri":"executor://NUnit3TestExecutor","Source":"D:\\SHAProjectNew\\SHAProject\\bin\\Debug\\net7.0\\fine-code-coverage\\build-output\\SHAProject.dll","CodeFilePath":null,"LineNumber":0,"Properties":[{"Key":{"Id":"NUnit.TestCategory","Label":"TestCategory","Category":"","Description":"","Attributes":5,"ValueType":"System.String[]"},"Value":["Standard View"]},{"Key":{"Id":"NUnit.Seed","Label":"Seed","Category":"","Description":"","Attributes":0,"ValueType":"System.String"},"Value":"2034204450"}]},"Attachments":[],"Outcome":2,"ErrorMessage":"OneTimeSetUp: System.NullReferenceException : Object reference not set to an instance of an object.","ErrorStackTrace":"\n","DisplayName":"CustomView","Messages":[],"ComputerName":"DESKTOP-4REQK6P","Duration":"00:00:00.0000320","StartTime":"2023-07-14T11:11:19.8113221+00:00","EndTime":"2023-07-14T11:11:19.8113547+00:00","Properties":[{"Key":{"Id":"NUnit.Seed","Label":"Seed","Category":"","Description":"","Attributes":0,"ValueType":"System.String"},"Value":"2034204450"}]},{"TestCase":{"Id":"68d661ec-5e2a-aa5f-47cb-7c0e5bc48610","FullyQualifiedName":"SHAProject.Workflows.XFCellEnergyPhenotypeView.CreateCellEnergyView","DisplayName":"CreateCellEnergyView","ExecutorUri":"executor://NUnit3TestExecutor","Source":"D:\\SHAProjectNew\\SHAProject\\bin\\Debug\\net7.0\\fine-code-coverage\\build-output\\SHAProject.dll","CodeFilePath":null,"LineNumber":0,"Properties":[{"Key":{"Id":"NUnit.TestCategory","Label":"TestCategory","Category":"","Description":"","Attributes":5,"ValueType":"System.String[]"},"Value":["XF Cell Energy Phenotype View"]},{"Key":{"Id":"NUnit.Seed","Label":"Seed","Category":"","Description":"","Attributes":0,"ValueType":"System.String"},"Value":"1197441535"}]},"Attachments":[],"Outcome":2,"ErrorMessage":"OneTimeSetUp: System.NullReferenceException : Object reference not set to an instance of an object.","ErrorStackTrace":"\n","DisplayName":"CreateCellEnergyView","Messages":[],"ComputerName":"DESKTOP-4REQK6P","Duration":"00:00:00.0000040","StartTime":"2023-07-14T11:11:19.8114192+00:00","EndTime":"2023-07-14T11:11:19.811423+00:00","Properties":[{"Key":{"Id":"NUnit.Seed","Label":"Seed","Category":"","Description":"","Attributes":0,"ValueType":"System.String"},"Value":"1197441535"}]},{"TestCase":{"Id":"d154dc39-d647-d0a1-171e-c186821c7460","FullyQualifiedName":"SHAProject.Workflows.XFCellEnergyPhenotypeView.CheckCellEnergyViewLayout","DisplayName":"CheckCellEnergyViewLayout","ExecutorUri":"executor://NUnit3TestExecutor","Source":"D:\\SHAProjectNew\\SHAProject\\bin\\Debug\\net7.0\\fine-code-coverage\\build-output\\SHAProject.dll","CodeFilePath":null,"LineNumber":0,"Properties":[{"Key":{"Id":"NUnit.TestCategory","Label":"TestCategory","Category":"","Description":"","Attributes":5,"ValueType":"System.String[]"},"Value":["XF Cell Energy Phenotype View"]},{"Key":{"Id":"NUnit.Seed","Label":"Seed","Category":"","Description":"","Attributes":0,"ValueType":"System.String"},"Value":"741997075"}]},"Attachments":[],"Outcome":2,"ErrorMessage":"OneTimeSetUp: System.NullReferenceException : Object reference not set to an instance of an object.","ErrorStackTrace":"\n","DisplayName":"CheckCellEnergyViewLayout","Messages":[],"ComputerName":"DESKTOP-4REQK6P","Duration":"00:00:00.0000050","StartTime":"2023-07-14T11:11:19.8114192+00:00","EndTime":"2023-07-14T11:11:19.8114245+00:00","Properties":[{"Key":{"Id":"NUnit.Seed","Label":"Seed","Category":"","Description":"","Attributes":0,"ValueType":"System.String"},"Value":"741997075"}]},{"TestCase":{"Id":"0f61d14d-778e-5d6f-ebe1-b1d54d3598e5","FullyQualifiedName":"SHAProject.Workflows.XFCellEnergyPhenotypeView.XFCellEnergyPhenotype","DisplayName":"XFCellEnergyPhenotype","ExecutorUri":"executor://NUnit3TestExecutor","Source":"D:\\SHAProjectNew\\SHAProject\\bin\\Debug\\net7.0\\fine-code-coverage\\build-output\\SHAProject.dll","CodeFilePath":null,"LineNumber":0,"Properties":[{"Key":{"Id":"NUnit.TestCategory","Label":"TestCategory","Category":"","Description":"","Attributes":5,"ValueType":"System.String[]"},"Value":["XF Cell Energy Phenotype View"]},{"Key":{"Id":"NUnit.Seed","Label":"Seed","Category":"","Description":"","Attributes":0,"ValueType":"System.String"},"Value":"1735087453"}]},"Attachments":[],"Outcome":2,"ErrorMessage":"OneTimeSetUp: System.NullReferenceException : Object reference not set to an instance of an object.","ErrorStackTrace":"\n","DisplayName":"XFCellEnergyPhenotype","Messages":[],"ComputerName":"DESKTOP-4REQK6P","Duration":"00:00:00.0000060","StartTime":"2023-07-14T11:11:19.8114192+00:00","EndTime":"2023-07-14T11:11:19.8114257+00:00","Properties":[{"Key":{"Id":"NUnit.Seed","Label":"Seed","Category":"","Description":"","Attributes":0,"ValueType":"System.String"},"Value":"1735087453"}]},{"TestCase":{"Id":"bbef5253-6816-c601-c47f-08a5902e03db","FullyQualifiedName":"SHAProject.Workflows.XFCellEnergyPhenotypeView.MetabolicPotentialOCR","DisplayName":"MetabolicPotentialOCR","ExecutorUri":"executor://NUnit3TestExecutor","Source":"D:\\SHAProjectNew\\SHAProject\\bin\\Debug\\net7.0\\fine-code-coverage\\build-output\\SHAProject.dll","CodeFilePath":null,"LineNumber":0,"Properties":[{"Key":{"Id":"NUnit.TestCategory","Label":"TestCategory","Category":"","Description":"","Attributes":5,"ValueType":"System.String[]"},"Value":["XF Cell Energy Phenotype View"]},{"Key":{"Id":"NUnit.Seed","Label":"Seed","Category":"","Description":"","Attributes":0,"ValueType":"System.String"},"Value":"971821604"}]},"Attachments":[],"Outcome":2,"ErrorMessage":"OneTimeSetUp: System.NullReferenceException : Object reference not set to an instance of an object.","ErrorStackTrace":"\n","DisplayName":"MetabolicPotentialOCR","Messages":[],"ComputerName":"DESKTOP-4REQK6P","Duration":"00:00:00.0000080","StartTime":"2023-07-14T11:11:19.8114192+00:00","EndTime":"2023-07-14T11:11:19.8114268+00:00","Properties":[{"Key":{"Id":"NUnit.Seed","Label":"Seed","Category":"","Description":"","Attributes":0,"ValueType":"System.String"},"Value":"971821604"}]},{"TestCase":{"Id":"7e1f4352-d8eb-8fa3-920d-1fcee4513734","FullyQualifiedName":"SHAProject.Workflows.XFCellEnergyPhenotypeView.MetabolicPotentialECAR","DisplayName":"MetabolicPotentialECAR","ExecutorUri":"executor://NUnit3TestExecutor","Source":"D:\\SHAProjectNew\\SHAProject\\bin\\Debug\\net7.0\\fine-code-coverage\\build-output\\SHAProject.dll","CodeFilePath":null,"LineNumber":0,"Properties":[{"Key":{"Id":"NUnit.TestCategory","Label":"TestCategory","Category":"","Description":"","Attributes":5,"ValueType":"System.String[]"},"Value":["XF Cell Energy Phenotype View"]},{"Key":{"Id":"NUnit.Seed","Label":"Seed","Category":"","Description":"","Attributes":0,"ValueType":"System.String"},"Value":"2143335604"}]},"Attachments":[],"Outcome":2,"ErrorMessage":"OneTimeSetUp: System.NullReferenceException : Object reference not set to an instance of an object.","ErrorStackTrace":"\n","DisplayName":"MetabolicPotentialECAR","Messages":[],"ComputerName":"DESKTOP-4REQK6P","Duration":"00:00:00.0000120","StartTime":"2023-07-14T11:11:19.8114192+00:00","EndTime":"2023-07-14T11:11:19.8114315+00:00","Properties":[{"Key":{"Id":"NUnit.Seed","Label":"Seed","Category":"","Description":"","Attributes":0,"ValueType":"System.String"},"Value":"2143335604"}]},{"TestCase":{"Id":"e628219a-485d-fdf7-7d64-ffd20eaf5178","FullyQualifiedName":"SHAProject.Workflows.XFCellEnergyPhenotypeView.BaselineOCR","DisplayName":"BaselineOCR","ExecutorUri":"executor://NUnit3TestExecutor","Source":"D:\\SHAProjectNew\\SHAProject\\bin\\Debug\\net7.0\\fine-code-coverage\\build-output\\SHAProject.dll","CodeFilePath":null,"LineNumber":0,"Properties":[{"Key":{"Id":"NUnit.TestCategory","Label":"TestCategory","Category":"","Description":"","Attributes":5,"ValueType":"System.String[]"},"Value":["XF Cell Energy Phenotype View"]},{"Key":{"Id":"NUnit.Seed","Label":"Seed","Category":"","Description":"","Attributes":0,"ValueType":"System.String"},"Value":"538091296"}]},"Attachments":[],"Outcome":2,"ErrorMessage":"OneTimeSetUp: System.NullReferenceException : Object reference not set to an instance of an object.","ErrorStackTrace":"\n","DisplayName":"BaselineOCR","Messages":[],"ComputerName":"DESKTOP-4REQK6P","Duration":"00:00:00.0000140","StartTime":"2023-07-14T11:11:19.8114192+00:00","EndTime":"2023-07-14T11:11:19.8114328+00:00","Properties":[{"Key":{"Id":"NUnit.Seed","Label":"Seed","Category":"","Description":"","Attributes":0,"ValueType":"System.String"},"Value":"538091296"}]}],"TestRunStatistics":{"ExecutedTests":30,"Stats":{"Failed":30}},"ActiveTests":[]}}
TpTrace Error: 0 : 24700, 4, 2023/07/14, 16:41:19.921, 3682407232081, vstest.console.dll, MulticastDelegateUtilities.SafeInvoke: 1: Invoking callback 1/Microsoft.VisualStudio.TestPlatform.CommandLine.Internal.ConsoleLogger for .InternalTestLoggerEvents.SendTestResult, failed after 14 ms with: System.Reflection.TargetInvocationException: Exception has been thrown by the target of an invocation.
 ---> System.ArgumentException: The parameter cannot be null or empty. (Parameter 'format')
   at Microsoft.VisualStudio.TestPlatform.Utilities.OutputExtensions.Format(String messageTypeFormat, String format, Object[] args)
   at Microsoft.VisualStudio.TestPlatform.Utilities.OutputExtensions.<>c__DisplayClass4_0.<Information>b__0()
   at Microsoft.VisualStudio.TestPlatform.Utilities.OutputExtensions.SetColorForAction(ConsoleColor foregroundColor, Action action)
   at Microsoft.VisualStudio.TestPlatform.CommandLine.Internal.ConsoleLogger.DisplayFullInformation(TestResult result)
   at Microsoft.VisualStudio.TestPlatform.CommandLine.Internal.ConsoleLogger.TestResultHandler(Object sender, TestResultEventArgs e)
   at System.RuntimeMethodHandle.InvokeMethod(Object target, Void** arguments, Signature sig, Boolean isConstructor)
   at System.Reflection.MethodInvoker.Invoke(Object obj, IntPtr* args, BindingFlags invokeAttr)
   --- End of inner exception stack trace ---
   at System.Reflection.MethodInvoker.Invoke(Object obj, IntPtr* args, BindingFlags invokeAttr)
   at System.Reflection.RuntimeMethodInfo.Invoke(Object obj, BindingFlags invokeAttr, Binder binder, Object[] parameters, CultureInfo culture)
   at System.Delegate.DynamicInvokeImpl(Object[] args)
   at Microsoft.VisualStudio.TestPlatform.Utilities.MulticastDelegateUtilities.SafeInvoke(Delegate delegates, Object sender, Object args, String traceDisplayName).
TpTrace Error: 0 : 24700, 4, 2023/07/14, 16:41:19.922, 3682407243373, vstest.console.dll, MulticastDelegateUtilities.SafeInvoke: 1: Invoking callback 1/Microsoft.VisualStudio.TestPlatform.CommandLine.Internal.ConsoleLogger for .InternalTestLoggerEvents.SendTestResult, failed after 0 ms with: System.Reflection.TargetInvocationException: Exception has been thrown by the target of an invocation.
 ---> System.ArgumentException: The parameter cannot be null or empty. (Parameter 'format')
   at Microsoft.VisualStudio.TestPlatform.Utilities.OutputExtensions.Format(String messageTypeFormat, String format, Object[] args)
   at Microsoft.VisualStudio.TestPlatform.Utilities.OutputExtensions.<>c__DisplayClass4_0.<Information>b__0()
   at Microsoft.VisualStudio.TestPlatform.Utilities.OutputExtensions.SetColorForAction(ConsoleColor foregroundColor, Action action)
   at Microsoft.VisualStudio.TestPlatform.CommandLine.Internal.ConsoleLogger.DisplayFullInformation(TestResult result)
   at Microsoft.VisualStudio.TestPlatform.CommandLine.Internal.ConsoleLogger.TestResultHandler(Object sender, TestResultEventArgs e)
   at InvokeStub_EventHandler`1.Invoke(Object, Object, IntPtr*)
   at System.Reflection.MethodInvoker.Invoke(Object obj, IntPtr* args, BindingFlags invokeAttr)
   --- End of inner exception stack trace ---
   at System.Reflection.MethodInvoker.Invoke(Object obj, IntPtr* args, BindingFlags invokeAttr)
   at System.Reflection.RuntimeMethodInfo.Invoke(Object obj, BindingFlags invokeAttr, Binder binder, Object[] parameters, CultureInfo culture)
   at System.Delegate.DynamicInvokeImpl(Object[] args)
   at Microsoft.VisualStudio.TestPlatform.Utilities.MulticastDelegateUtilities.SafeInvoke(Delegate delegates, Object sender, Object args, String traceDisplayName).
TpTrace Error: 0 : 24700, 4, 2023/07/14, 16:41:19.923, 3682407247645, vstest.console.dll, MulticastDelegateUtilities.SafeInvoke: 1: Invoking callback 1/Microsoft.VisualStudio.TestPlatform.CommandLine.Internal.ConsoleLogger for .InternalTestLoggerEvents.SendTestResult, failed after 0 ms with: System.Reflection.TargetInvocationException: Exception has been thrown by the target of an invocation.
 ---> System.ArgumentException: The parameter cannot be null or empty. (Parameter 'format')
   at Microsoft.VisualStudio.TestPlatform.Utilities.OutputExtensions.Format(String messageTypeFormat, String format, Object[] args)
   at Microsoft.VisualStudio.TestPlatform.Utilities.OutputExtensions.<>c__DisplayClass4_0.<Information>b__0()
   at Microsoft.VisualStudio.TestPlatform.Utilities.OutputExtensions.SetColorForAction(ConsoleColor foregroundColor, Action action)
   at Microsoft.VisualStudio.TestPlatform.CommandLine.Internal.ConsoleLogger.DisplayFullInformation(TestResult result)
   at Microsoft.VisualStudio.TestPlatform.CommandLine.Internal.ConsoleLogger.TestResultHandler(Object sender, TestResultEventArgs e)
   at InvokeStub_EventHandler`1.Invoke(Object, Object, IntPtr*)
   at System.Reflection.MethodInvoker.Invoke(Object obj, IntPtr* args, BindingFlags invokeAttr)
   --- End of inner exception stack trace ---
   at System.Reflection.MethodInvoker.Invoke(Object obj, IntPtr* args, BindingFlags invokeAttr)
   at System.Reflection.RuntimeMethodInfo.Invoke(Object obj, BindingFlags invokeAttr, Binder binder, Object[] parameters, CultureInfo culture)
   at System.Delegate.DynamicInvokeImpl(Object[] args)
   at Microsoft.VisualStudio.TestPlatform.Utilities.MulticastDelegateUtilities.SafeInvoke(Delegate delegates, Object sender, Object args, String traceDisplayName).
TpTrace Error: 0 : 24700, 4, 2023/07/14, 16:41:19.923, 3682407250129, vstest.console.dll, MulticastDelegateUtilities.SafeInvoke: 1: Invoking callback 1/Microsoft.VisualStudio.TestPlatform.CommandLine.Internal.ConsoleLogger for .InternalTestLoggerEvents.SendTestResult, failed after 0 ms with: System.Reflection.TargetInvocationException: Exception has been thrown by the target of an invocation.
 ---> System.ArgumentException: The parameter cannot be null or empty. (Parameter 'format')
   at Microsoft.VisualStudio.TestPlatform.Utilities.OutputExtensions.Format(String messageTypeFormat, String format, Object[] args)
   at Microsoft.VisualStudio.TestPlatform.Utilities.OutputExtensions.<>c__DisplayClass4_0.<Information>b__0()
   at Microsoft.VisualStudio.TestPlatform.Utilities.OutputExtensions.SetColorForAction(ConsoleColor foregroundColor, Action action)
   at Microsoft.VisualStudio.TestPlatform.CommandLine.Internal.ConsoleLogger.DisplayFullInformation(TestResult result)
   at Microsoft.VisualStudio.TestPlatform.CommandLine.Internal.ConsoleLogger.TestResultHandler(Object sender, TestResultEventArgs e)
   at InvokeStub_EventHandler`1.Invoke(Object, Object, IntPtr*)
   at System.Reflection.MethodInvoker.Invoke(Object obj, IntPtr* args, BindingFlags invokeAttr)
   --- End of inner exception stack trace ---
   at System.Reflection.MethodInvoker.Invoke(Object obj, IntPtr* args, BindingFlags invokeAttr)
   at System.Reflection.RuntimeMethodInfo.Invoke(Object obj, BindingFlags invokeAttr, Binder binder, Object[] parameters, CultureInfo culture)
   at System.Delegate.DynamicInvokeImpl(Object[] args)
   at Microsoft.VisualStudio.TestPlatform.Utilities.MulticastDelegateUtilities.SafeInvoke(Delegate delegates, Object sender, Object args, String traceDisplayName).
TpTrace Verbose: 0 : 24700, 13, 2023/07/14, 16:41:19.923, 3682407251573, vstest.console.dll, TestRunRequest:SendTestRunStatsChange: Starting.
TpTrace Verbose: 0 : 24700, 13, 2023/07/14, 16:41:19.923, 3682407252266, vstest.console.dll, MulticastDelegateUtilities.SafeInvoke: TestRun.RunStatsChanged: Invoking callbacks was skipped because there are no subscribers.
TpTrace Information: 0 : 24700, 13, 2023/07/14, 16:41:19.923, 3682407252512, vstest.console.dll, TestRunRequest:SendTestRunStatsChange: Completed.
TpTrace Verbose: 0 : 24700, 13, 2023/07/14, 16:41:19.923, 3682407253135, vstest.console.dll, MulticastDelegateUtilities.SafeInvoke: LengthPrefixCommunicationChannel: MessageReceived: Invoking callback 1/1 for Microsoft.VisualStudio.TestPlatform.CommunicationUtilities.TestRequestSender+<>c__DisplayClass34_0., took 2 ms.
TpTrace Verbose: 0 : 24700, 13, 2023/07/14, 16:41:19.923, 3682407253368, vstest.console.dll, TcpClientExtensions.MessageLoopAsync: Polling on remoteEndPoint: 127.0.0.1:62805 localEndPoint: 127.0.0.1:62802
TpTrace Verbose: 0 : 24700, 13, 2023/07/14, 16:41:19.923, 3682407253734, vstest.console.dll, TcpClientExtensions.MessageLoopAsync: NotifyDataAvailable remoteEndPoint: 127.0.0.1:62805 localEndPoint: 127.0.0.1:62802
TpTrace Error: 0 : 24700, 4, 2023/07/14, 16:41:19.923, 3682407253354, vstest.console.dll, MulticastDelegateUtilities.SafeInvoke: 1: Invoking callback 1/Microsoft.VisualStudio.TestPlatform.CommandLine.Internal.ConsoleLogger for .InternalTestLoggerEvents.SendTestResult, failed after 0 ms with: System.Reflection.TargetInvocationException: Exception has been thrown by the target of an invocation.
 ---> System.ArgumentException: The parameter cannot be null or empty. (Parameter 'format')
   at Microsoft.VisualStudio.TestPlatform.Utilities.OutputExtensions.Format(String messageTypeFormat, String format, Object[] args)
   at Microsoft.VisualStudio.TestPlatform.Utilities.OutputExtensions.<>c__DisplayClass4_0.<Information>b__0()
   at Microsoft.VisualStudio.TestPlatform.Utilities.OutputExtensions.SetColorForAction(ConsoleColor foregroundColor, Action action)
   at Microsoft.VisualStudio.TestPlatform.CommandLine.Internal.ConsoleLogger.DisplayFullInformation(TestResult result)
   at Microsoft.VisualStudio.TestPlatform.CommandLine.Internal.ConsoleLogger.TestResultHandler(Object sender, TestResultEventArgs e)
   at InvokeStub_EventHandler`1.Invoke(Object, Object, IntPtr*)
   at System.Reflection.MethodInvoker.Invoke(Object obj, IntPtr* args, BindingFlags invokeAttr)
   --- End of inner exception stack trace ---
   at System.Reflection.MethodInvoker.Invoke(Object obj, IntPtr* args, BindingFlags invokeAttr)
   at System.Reflection.RuntimeMethodInfo.Invoke(Object obj, BindingFlags invokeAttr, Binder binder, Object[] parameters, CultureInfo culture)
   at System.Delegate.DynamicInvokeImpl(Object[] args)
   at Microsoft.VisualStudio.TestPlatform.Utilities.MulticastDelegateUtilities.SafeInvoke(Delegate delegates, Object sender, Object args, String traceDisplayName).
TpTrace Verbose: 0 : 24700, 13, 2023/07/14, 16:41:19.923, 3682407254101, vstest.console.dll, TestRequestSender.OnExecutionMessageReceived: Received message: {"Version":7,"MessageType":"TestSession.Message","Payload":{"MessageLevel":1,"Message":"Setup failed for test fixture SHAProject.Workflows.XFCellEnergyPhenotypeView"}}
TpTrace Verbose: 0 : 24700, 13, 2023/07/14, 16:41:19.923, 3682407255163, vstest.console.dll, TestRunRequest:SendTestRunMessage: Starting.
TpTrace Verbose: 0 : 24700, 13, 2023/07/14, 16:41:19.923, 3682407255537, vstest.console.dll, MulticastDelegateUtilities.SafeInvoke: TestRun.LogMessages: Invoking callback 1/1 for Microsoft.VisualStudio.TestPlatform.CommandLine.TestRunResultAggregator., took 0 ms.
TpTrace Information: 0 : 24700, 13, 2023/07/14, 16:41:19.923, 3682407255713, vstest.console.dll, TestRunRequest:SendTestRunMessage: Completed.
TpTrace Verbose: 0 : 24700, 13, 2023/07/14, 16:41:19.923, 3682407256288, vstest.console.dll, MulticastDelegateUtilities.SafeInvoke: LengthPrefixCommunicationChannel: MessageReceived: Invoking callback 1/1 for Microsoft.VisualStudio.TestPlatform.CommunicationUtilities.TestRequestSender+<>c__DisplayClass34_0., took 0 ms.
TpTrace Verbose: 0 : 24700, 13, 2023/07/14, 16:41:19.923, 3682407256464, vstest.console.dll, TcpClientExtensions.MessageLoopAsync: Polling on remoteEndPoint: 127.0.0.1:62805 localEndPoint: 127.0.0.1:62802
TpTrace Error: 0 : 24700, 4, 2023/07/14, 16:41:19.923, 3682407256625, vstest.console.dll, MulticastDelegateUtilities.SafeInvoke: 1: Invoking callback 1/Microsoft.VisualStudio.TestPlatform.CommandLine.Internal.ConsoleLogger for .InternalTestLoggerEvents.SendTestResult, failed after 0 ms with: System.Reflection.TargetInvocationException: Exception has been thrown by the target of an invocation.
 ---> System.ArgumentException: The parameter cannot be null or empty. (Parameter 'format')
   at Microsoft.VisualStudio.TestPlatform.Utilities.OutputExtensions.Format(String messageTypeFormat, String format, Object[] args)
   at Microsoft.VisualStudio.TestPlatform.Utilities.OutputExtensions.<>c__DisplayClass4_0.<Information>b__0()
   at Microsoft.VisualStudio.TestPlatform.Utilities.OutputExtensions.SetColorForAction(ConsoleColor foregroundColor, Action action)
   at Microsoft.VisualStudio.TestPlatform.CommandLine.Internal.ConsoleLogger.DisplayFullInformation(TestResult result)
   at Microsoft.VisualStudio.TestPlatform.CommandLine.Internal.ConsoleLogger.TestResultHandler(Object sender, TestResultEventArgs e)
   at InvokeStub_EventHandler`1.Invoke(Object, Object, IntPtr*)
   at System.Reflection.MethodInvoker.Invoke(Object obj, IntPtr* args, BindingFlags invokeAttr)
   --- End of inner exception stack trace ---
   at System.Reflection.MethodInvoker.Invoke(Object obj, IntPtr* args, BindingFlags invokeAttr)
   at System.Reflection.RuntimeMethodInfo.Invoke(Object obj, BindingFlags invokeAttr, Binder binder, Object[] parameters, CultureInfo culture)
   at System.Delegate.DynamicInvokeImpl(Object[] args)
   at Microsoft.VisualStudio.TestPlatform.Utilities.MulticastDelegateUtilities.SafeInvoke(Delegate delegates, Object sender, Object args, String traceDisplayName).
TpTrace Verbose: 0 : 24700, 13, 2023/07/14, 16:41:19.923, 3682407256678, vstest.console.dll, TcpClientExtensions.MessageLoopAsync: NotifyDataAvailable remoteEndPoint: 127.0.0.1:62805 localEndPoint: 127.0.0.1:62802
TpTrace Verbose: 0 : 24700, 13, 2023/07/14, 16:41:19.924, 3682407257373, vstest.console.dll, TestRequestSender.OnExecutionMessageReceived: Received message: {"Version":7,"MessageType":"TestSession.Message","Payload":{"MessageLevel":1,"Message":"System.NullReferenceException : Object reference not set to an instance of an object.\nStackTrace:    at SHAProject.Workflows.XFCellEnergyPhenotypeView.GetTestFixtureBrowsers()+MoveNext() in D:\\SHAProjectNew\\SHAProject\\Workflows\\XFCellEnergyPhenotypeView.cs:line 66\r\n   at NUnit.Framework.TestFixtureSourceAttribute.GetParametersFor(Type sourceType)\r\n"}}
TpTrace Verbose: 0 : 24700, 13, 2023/07/14, 16:41:19.924, 3682407257965, vstest.console.dll, TestRunRequest:SendTestRunMessage: Starting.
TpTrace Verbose: 0 : 24700, 13, 2023/07/14, 16:41:19.924, 3682407258369, vstest.console.dll, MulticastDelegateUtilities.SafeInvoke: TestRun.LogMessages: Invoking callback 1/1 for Microsoft.VisualStudio.TestPlatform.CommandLine.TestRunResultAggregator., took 0 ms.
TpTrace Information: 0 : 24700, 13, 2023/07/14, 16:41:19.924, 3682407258567, vstest.console.dll, TestRunRequest:SendTestRunMessage: Completed.
TpTrace Verbose: 0 : 24700, 13, 2023/07/14, 16:41:19.924, 3682407258774, vstest.console.dll, MulticastDelegateUtilities.SafeInvoke: LengthPrefixCommunicationChannel: MessageReceived: Invoking callback 1/1 for Microsoft.VisualStudio.TestPlatform.CommunicationUtilities.TestRequestSender+<>c__DisplayClass34_0., took 0 ms.
TpTrace Error: 0 : 24700, 4, 2023/07/14, 16:41:19.924, 3682407258876, vstest.console.dll, MulticastDelegateUtilities.SafeInvoke: 1: Invoking callback 1/Microsoft.VisualStudio.TestPlatform.CommandLine.Internal.ConsoleLogger for .InternalTestLoggerEvents.SendTestResult, failed after 0 ms with: System.Reflection.TargetInvocationException: Exception has been thrown by the target of an invocation.
 ---> System.ArgumentException: The parameter cannot be null or empty. (Parameter 'format')
   at Microsoft.VisualStudio.TestPlatform.Utilities.OutputExtensions.Format(String messageTypeFormat, String format, Object[] args)
   at Microsoft.VisualStudio.TestPlatform.Utilities.OutputExtensions.<>c__DisplayClass4_0.<Information>b__0()
   at Microsoft.VisualStudio.TestPlatform.Utilities.OutputExtensions.SetColorForAction(ConsoleColor foregroundColor, Action action)
   at Microsoft.VisualStudio.TestPlatform.CommandLine.Internal.ConsoleLogger.DisplayFullInformation(TestResult result)
   at Microsoft.VisualStudio.TestPlatform.CommandLine.Internal.ConsoleLogger.TestResultHandler(Object sender, TestResultEventArgs e)
   at InvokeStub_EventHandler`1.Invoke(Object, Object, IntPtr*)
   at System.Reflection.MethodInvoker.Invoke(Object obj, IntPtr* args, BindingFlags invokeAttr)
   --- End of inner exception stack trace ---
   at System.Reflection.MethodInvoker.Invoke(Object obj, IntPtr* args, BindingFlags invokeAttr)
   at System.Reflection.RuntimeMethodInfo.Invoke(Object obj, BindingFlags invokeAttr, Binder binder, Object[] parameters, CultureInfo culture)
   at System.Delegate.DynamicInvokeImpl(Object[] args)
   at Microsoft.VisualStudio.TestPlatform.Utilities.MulticastDelegateUtilities.SafeInvoke(Delegate delegates, Object sender, Object args, String traceDisplayName).
TpTrace Verbose: 0 : 24700, 13, 2023/07/14, 16:41:19.924, 3682407258914, vstest.console.dll, TcpClientExtensions.MessageLoopAsync: Polling on remoteEndPoint: 127.0.0.1:62805 localEndPoint: 127.0.0.1:62802
TpTrace Verbose: 0 : 24700, 13, 2023/07/14, 16:41:19.924, 3682407259388, vstest.console.dll, TcpClientExtensions.MessageLoopAsync: NotifyDataAvailable remoteEndPoint: 127.0.0.1:62805 localEndPoint: 127.0.0.1:62802
TpTrace Verbose: 0 : 24700, 13, 2023/07/14, 16:41:19.924, 3682407259644, vstest.console.dll, TestRequestSender.OnExecutionMessageReceived: Received message: {"Version":7,"MessageType":"TestSession.Message","Payload":{"MessageLevel":0,"Message":"NUnit Adapter 4.3.0.0: Test execution complete"}}
TpTrace Verbose: 0 : 24700, 13, 2023/07/14, 16:41:19.924, 3682407260067, vstest.console.dll, TestRunRequest:SendTestRunMessage: Starting.
TpTrace Verbose: 0 : 24700, 13, 2023/07/14, 16:41:19.924, 3682407260337, vstest.console.dll, MulticastDelegateUtilities.SafeInvoke: TestRun.LogMessages: Invoking callback 1/1 for Microsoft.VisualStudio.TestPlatform.CommandLine.TestRunResultAggregator., took 0 ms.
TpTrace Information: 0 : 24700, 13, 2023/07/14, 16:41:19.924, 3682407260503, vstest.console.dll, TestRunRequest:SendTestRunMessage: Completed.
TpTrace Verbose: 0 : 24700, 13, 2023/07/14, 16:41:19.924, 3682407260641, vstest.console.dll, MulticastDelegateUtilities.SafeInvoke: LengthPrefixCommunicationChannel: MessageReceived: Invoking callback 1/1 for Microsoft.VisualStudio.TestPlatform.CommunicationUtilities.TestRequestSender+<>c__DisplayClass34_0., took 0 ms.
TpTrace Verbose: 0 : 24700, 13, 2023/07/14, 16:41:19.924, 3682407260784, vstest.console.dll, TcpClientExtensions.MessageLoopAsync: Polling on remoteEndPoint: 127.0.0.1:62805 localEndPoint: 127.0.0.1:62802
TpTrace Error: 0 : 24700, 4, 2023/07/14, 16:41:19.924, 3682407260934, vstest.console.dll, MulticastDelegateUtilities.SafeInvoke: 1: Invoking callback 1/Microsoft.VisualStudio.TestPlatform.CommandLine.Internal.ConsoleLogger for .InternalTestLoggerEvents.SendTestResult, failed after 0 ms with: System.Reflection.TargetInvocationException: Exception has been thrown by the target of an invocation.
 ---> System.ArgumentException: The parameter cannot be null or empty. (Parameter 'format')
   at Microsoft.VisualStudio.TestPlatform.Utilities.OutputExtensions.Format(String messageTypeFormat, String format, Object[] args)
   at Microsoft.VisualStudio.TestPlatform.Utilities.OutputExtensions.<>c__DisplayClass4_0.<Information>b__0()
   at Microsoft.VisualStudio.TestPlatform.Utilities.OutputExtensions.SetColorForAction(ConsoleColor foregroundColor, Action action)
   at Microsoft.VisualStudio.TestPlatform.CommandLine.Internal.ConsoleLogger.DisplayFullInformation(TestResult result)
   at Microsoft.VisualStudio.TestPlatform.CommandLine.Internal.ConsoleLogger.TestResultHandler(Object sender, TestResultEventArgs e)
   at InvokeStub_EventHandler`1.Invoke(Object, Object, IntPtr*)
   at System.Reflection.MethodInvoker.Invoke(Object obj, IntPtr* args, BindingFlags invokeAttr)
   --- End of inner exception stack trace ---
   at System.Reflection.MethodInvoker.Invoke(Object obj, IntPtr* args, BindingFlags invokeAttr)
   at System.Reflection.RuntimeMethodInfo.Invoke(Object obj, BindingFlags invokeAttr, Binder binder, Object[] parameters, CultureInfo culture)
   at System.Delegate.DynamicInvokeImpl(Object[] args)
   at Microsoft.VisualStudio.TestPlatform.Utilities.MulticastDelegateUtilities.SafeInvoke(Delegate delegates, Object sender, Object args, String traceDisplayName).
TpTrace Verbose: 0 : 24700, 13, 2023/07/14, 16:41:19.924, 3682407260969, vstest.console.dll, TcpClientExtensions.MessageLoopAsync: NotifyDataAvailable remoteEndPoint: 127.0.0.1:62805 localEndPoint: 127.0.0.1:62802
TpTrace Verbose: 0 : 24700, 13, 2023/07/14, 16:41:19.924, 3682407261833, vstest.console.dll, TestRequestSender.OnExecutionMessageReceived: Received message: {"Version":7,"MessageType":"TestExecution.Completed","Payload":{"TestRunCompleteArgs":{"TestRunStatistics":{"ExecutedTests":33,"Stats":{"Failed":33}},"IsCanceled":false,"IsAborted":false,"Error":null,"AttachmentSets":[],"InvokedDataCollectors":[],"ElapsedTimeInRunningTests":"00:00:00.3549865","Metrics":{},"DiscoveredExtensions":{"TestDiscoverers":["NUnit.VisualStudio.TestAdapter.NUnit3TestDiscoverer, NUnit3.TestAdapter, Version=4.3.0.0, Culture=neutral, PublicKeyToken=4cb40d35494691ac"],"TestExecutors":["executor://NUnit3TestExecutor"],"TestExecutors2":[],"TestSettingsProviders":[]}},"LastRunTests":{"NewTestResults":[{"TestCase":{"Id":"4e1c7c82-74de-8305-66ac-e484a26125f5","FullyQualifiedName":"SHAProject.Workflows.XFCellEnergyPhenotypeView.BaselineECAR","DisplayName":"BaselineECAR","ExecutorUri":"executor://NUnit3TestExecutor","Source":"D:\\SHAProjectNew\\SHAProject\\bin\\Debug\\net7.0\\fine-code-coverage\\build-output\\SHAProject.dll","CodeFilePath":null,"LineNumber":0,"Properties":[{"Key":{"Id":"NUnit.TestCategory","Label":"TestCategory","Category":"","Description":"","Attributes":5,"ValueType":"System.String[]"},"Value":["XF Cell Energy Phenotype View"]},{"Key":{"Id":"NUnit.Seed","Label":"Seed","Category":"","Description":"","Attributes":0,"ValueType":"System.String"},"Value":"1931006522"}]},"Attachments":[],"Outcome":2,"ErrorMessage":"OneTimeSetUp: System.NullReferenceException : Object reference not set to an instance of an object.","ErrorStackTrace":"\n","DisplayName":"BaselineECAR","Messages":[],"ComputerName":"DESKTOP-4REQK6P","Duration":"00:00:00.0000150","StartTime":"2023-07-14T11:11:19.8114192+00:00","EndTime":"2023-07-14T11:11:19.8114338+00:00","Properties":[{"Key":{"Id":"NUnit.Seed","Label":"Seed","Category":"","Description":"","Attributes":0,"ValueType":"System.String"},"Value":"1931006522"}]},{"TestCase":{"Id":"713fcd23-dc12-454e-b296-430897015c6a","FullyQualifiedName":"SHAProject.Workflows.XFCellEnergyPhenotypeView.StressedOCR","DisplayName":"StressedOCR","ExecutorUri":"executor://NUnit3TestExecutor","Source":"D:\\SHAProjectNew\\SHAProject\\bin\\Debug\\net7.0\\fine-code-coverage\\build-output\\SHAProject.dll","CodeFilePath":null,"LineNumber":0,"Properties":[{"Key":{"Id":"NUnit.TestCategory","Label":"TestCategory","Category":"","Description":"","Attributes":5,"ValueType":"System.String[]"},"Value":["XF Cell Energy Phenotype View"]},{"Key":{"Id":"NUnit.Seed","Label":"Seed","Category":"","Description":"","Attributes":0,"ValueType":"System.String"},"Value":"1849386834"}]},"Attachments":[],"Outcome":2,"ErrorMessage":"OneTimeSetUp: System.NullReferenceException : Object reference not set to an instance of an object.","ErrorStackTrace":"\n","DisplayName":"StressedOCR","Messages":[],"ComputerName":"DESKTOP-4REQK6P","Duration":"00:00:00.0000160","StartTime":"2023-07-14T11:11:19.8114192+00:00","EndTime":"2023-07-14T11:11:19.8114348+00:00","Properties":[{"Key":{"Id":"NUnit.Seed","Label":"Seed","Category":"","Description":"","Attributes":0,"ValueType":"System.String"},"Value":"1849386834"}]},{"TestCase":{"Id":"b4f723fb-b09a-3f6d-0c61-7b0fdad36d9b","FullyQualifiedName":"SHAProject.Workflows.XFCellEnergyPhenotypeView.StressedECAR","DisplayName":"StressedECAR","ExecutorUri":"executor://NUnit3TestExecutor","Source":"D:\\SHAProjectNew\\SHAProject\\bin\\Debug\\net7.0\\fine-code-coverage\\build-output\\SHAProject.dll","CodeFilePath":null,"LineNumber":0,"Properties":[{"Key":{"Id":"NUnit.TestCategory","Label":"TestCategory","Category":"","Description":"","Attributes":5,"ValueType":"System.String[]"},"Value":["XF Cell Energy Phenotype View"]},{"Key":{"Id":"NUnit.Seed","Label":"Seed","Category":"","Description":"","Attributes":0,"ValueType":"System.String"},"Value":"1598439071"}]},"Attachments":[],"Outcome":2,"ErrorMessage":"OneTimeSetUp: System.NullReferenceException : Object reference not set to an instance of an object.","ErrorStackTrace":"\n","DisplayName":"StressedECAR","Messages":[],"ComputerName":"DESKTOP-4REQK6P","Duration":"00:00:00.0000160","StartTime":"2023-07-14T11:11:19.8114192+00:00","EndTime":"2023-07-14T11:11:19.8114357+00:00","Properties":[{"Key":{"Id":"NUnit.Seed","Label":"Seed","Category":"","Description":"","Attributes":0,"ValueType":"System.String"},"Value":"1598439071"}]}],"TestRunStatistics":{"ExecutedTests":33,"Stats":{"Failed":33}},"ActiveTests":[]},"RunAttachments":[],"ExecutorUris":["executor://nunit3testexecutor/"]}}
TpTrace Verbose: 0 : 24700, 13, 2023/07/14, 16:41:19.924, 3682407262727, vstest.console.dll, TestRequestSender.EndSession: Sending end session.
TpTrace Error: 0 : 24700, 4, 2023/07/14, 16:41:19.924, 3682407262893, vstest.console.dll, MulticastDelegateUtilities.SafeInvoke: 1: Invoking callback 1/Microsoft.VisualStudio.TestPlatform.CommandLine.Internal.ConsoleLogger for .InternalTestLoggerEvents.SendTestResult, failed after 0 ms with: System.Reflection.TargetInvocationException: Exception has been thrown by the target of an invocation.
 ---> System.ArgumentException: The parameter cannot be null or empty. (Parameter 'format')
   at Microsoft.VisualStudio.TestPlatform.Utilities.OutputExtensions.Format(String messageTypeFormat, String format, Object[] args)
   at Microsoft.VisualStudio.TestPlatform.Utilities.OutputExtensions.<>c__DisplayClass4_0.<Information>b__0()
   at Microsoft.VisualStudio.TestPlatform.Utilities.OutputExtensions.SetColorForAction(ConsoleColor foregroundColor, Action action)
   at Microsoft.VisualStudio.TestPlatform.CommandLine.Internal.ConsoleLogger.DisplayFullInformation(TestResult result)
   at Microsoft.VisualStudio.TestPlatform.CommandLine.Internal.ConsoleLogger.TestResultHandler(Object sender, TestResultEventArgs e)
   at InvokeStub_EventHandler`1.Invoke(Object, Object, IntPtr*)
   at System.Reflection.MethodInvoker.Invoke(Object obj, IntPtr* args, BindingFlags invokeAttr)
   --- End of inner exception stack trace ---
   at System.Reflection.MethodInvoker.Invoke(Object obj, IntPtr* args, BindingFlags invokeAttr)
   at System.Reflection.RuntimeMethodInfo.Invoke(Object obj, BindingFlags invokeAttr, Binder binder, Object[] parameters, CultureInfo culture)
   at System.Delegate.DynamicInvokeImpl(Object[] args)
   at Microsoft.VisualStudio.TestPlatform.Utilities.MulticastDelegateUtilities.SafeInvoke(Delegate delegates, Object sender, Object args, String traceDisplayName).
TpTrace Verbose: 0 : 24700, 13, 2023/07/14, 16:41:19.924, 3682407264273, vstest.console.dll, ProxyOperationManager.Close: waiting for test host to exit for 100 ms
TpTrace Error: 0 : 24700, 4, 2023/07/14, 16:41:19.924, 3682407264975, vstest.console.dll, MulticastDelegateUtilities.SafeInvoke: 1: Invoking callback 1/Microsoft.VisualStudio.TestPlatform.CommandLine.Internal.ConsoleLogger for .InternalTestLoggerEvents.SendTestResult, failed after 0 ms with: System.Reflection.TargetInvocationException: Exception has been thrown by the target of an invocation.
 ---> System.ArgumentException: The parameter cannot be null or empty. (Parameter 'format')
   at Microsoft.VisualStudio.TestPlatform.Utilities.OutputExtensions.Format(String messageTypeFormat, String format, Object[] args)
   at Microsoft.VisualStudio.TestPlatform.Utilities.OutputExtensions.<>c__DisplayClass4_0.<Information>b__0()
   at Microsoft.VisualStudio.TestPlatform.Utilities.OutputExtensions.SetColorForAction(ConsoleColor foregroundColor, Action action)
   at Microsoft.VisualStudio.TestPlatform.CommandLine.Internal.ConsoleLogger.DisplayFullInformation(TestResult result)
   at Microsoft.VisualStudio.TestPlatform.CommandLine.Internal.ConsoleLogger.TestResultHandler(Object sender, TestResultEventArgs e)
   at InvokeStub_EventHandler`1.Invoke(Object, Object, IntPtr*)
   at System.Reflection.MethodInvoker.Invoke(Object obj, IntPtr* args, BindingFlags invokeAttr)
   --- End of inner exception stack trace ---
   at System.Reflection.MethodInvoker.Invoke(Object obj, IntPtr* args, BindingFlags invokeAttr)
   at System.Reflection.RuntimeMethodInfo.Invoke(Object obj, BindingFlags invokeAttr, Binder binder, Object[] parameters, CultureInfo culture)
   at System.Delegate.DynamicInvokeImpl(Object[] args)
   at Microsoft.VisualStudio.TestPlatform.Utilities.MulticastDelegateUtilities.SafeInvoke(Delegate delegates, Object sender, Object args, String traceDisplayName).
TpTrace Error: 0 : 24700, 4, 2023/07/14, 16:41:19.926, 3682407280185, vstest.console.dll, MulticastDelegateUtilities.SafeInvoke: 1: Invoking callback 1/Microsoft.VisualStudio.TestPlatform.CommandLine.Internal.ConsoleLogger for .InternalTestLoggerEvents.SendTestResult, failed after 1 ms with: System.Reflection.TargetInvocationException: Exception has been thrown by the target of an invocation.
 ---> System.ArgumentException: The parameter cannot be null or empty. (Parameter 'format')
   at Microsoft.VisualStudio.TestPlatform.Utilities.OutputExtensions.Format(String messageTypeFormat, String format, Object[] args)
   at Microsoft.VisualStudio.TestPlatform.Utilities.OutputExtensions.<>c__DisplayClass4_0.<Information>b__0()
   at Microsoft.VisualStudio.TestPlatform.Utilities.OutputExtensions.SetColorForAction(ConsoleColor foregroundColor, Action action)
   at Microsoft.VisualStudio.TestPlatform.CommandLine.Internal.ConsoleLogger.DisplayFullInformation(TestResult result)
   at Microsoft.VisualStudio.TestPlatform.CommandLine.Internal.ConsoleLogger.TestResultHandler(Object sender, TestResultEventArgs e)
   at InvokeStub_EventHandler`1.Invoke(Object, Object, IntPtr*)
   at System.Reflection.MethodInvoker.Invoke(Object obj, IntPtr* args, BindingFlags invokeAttr)
   --- End of inner exception stack trace ---
   at System.Reflection.MethodInvoker.Invoke(Object obj, IntPtr* args, BindingFlags invokeAttr)
   at System.Reflection.RuntimeMethodInfo.Invoke(Object obj, BindingFlags invokeAttr, Binder binder, Object[] parameters, CultureInfo culture)
   at System.Delegate.DynamicInvokeImpl(Object[] args)
   at Microsoft.VisualStudio.TestPlatform.Utilities.MulticastDelegateUtilities.SafeInvoke(Delegate delegates, Object sender, Object args, String traceDisplayName).
TpTrace Error: 0 : 24700, 4, 2023/07/14, 16:41:19.926, 3682407284182, vstest.console.dll, MulticastDelegateUtilities.SafeInvoke: 1: Invoking callback 1/Microsoft.VisualStudio.TestPlatform.CommandLine.Internal.ConsoleLogger for .InternalTestLoggerEvents.SendTestResult, failed after 0 ms with: System.Reflection.TargetInvocationException: Exception has been thrown by the target of an invocation.
 ---> System.ArgumentException: The parameter cannot be null or empty. (Parameter 'format')
   at Microsoft.VisualStudio.TestPlatform.Utilities.OutputExtensions.Format(String messageTypeFormat, String format, Object[] args)
   at Microsoft.VisualStudio.TestPlatform.Utilities.OutputExtensions.<>c__DisplayClass4_0.<Information>b__0()
   at Microsoft.VisualStudio.TestPlatform.Utilities.OutputExtensions.SetColorForAction(ConsoleColor foregroundColor, Action action)
   at Microsoft.VisualStudio.TestPlatform.CommandLine.Internal.ConsoleLogger.DisplayFullInformation(TestResult result)
   at Microsoft.VisualStudio.TestPlatform.CommandLine.Internal.ConsoleLogger.TestResultHandler(Object sender, TestResultEventArgs e)
   at InvokeStub_EventHandler`1.Invoke(Object, Object, IntPtr*)
   at System.Reflection.MethodInvoker.Invoke(Object obj, IntPtr* args, BindingFlags invokeAttr)
   --- End of inner exception stack trace ---
   at System.Reflection.MethodInvoker.Invoke(Object obj, IntPtr* args, BindingFlags invokeAttr)
   at System.Reflection.RuntimeMethodInfo.Invoke(Object obj, BindingFlags invokeAttr, Binder binder, Object[] parameters, CultureInfo culture)
   at System.Delegate.DynamicInvokeImpl(Object[] args)
   at Microsoft.VisualStudio.TestPlatform.Utilities.MulticastDelegateUtilities.SafeInvoke(Delegate delegates, Object sender, Object args, String traceDisplayName).
TpTrace Error: 0 : 24700, 4, 2023/07/14, 16:41:19.926, 3682407286940, vstest.console.dll, MulticastDelegateUtilities.SafeInvoke: 1: Invoking callback 1/Microsoft.VisualStudio.TestPlatform.CommandLine.Internal.ConsoleLogger for .InternalTestLoggerEvents.SendTestResult, failed after 0 ms with: System.Reflection.TargetInvocationException: Exception has been thrown by the target of an invocation.
 ---> System.ArgumentException: The parameter cannot be null or empty. (Parameter 'format')
   at Microsoft.VisualStudio.TestPlatform.Utilities.OutputExtensions.Format(String messageTypeFormat, String format, Object[] args)
   at Microsoft.VisualStudio.TestPlatform.Utilities.OutputExtensions.<>c__DisplayClass4_0.<Information>b__0()
   at Microsoft.VisualStudio.TestPlatform.Utilities.OutputExtensions.SetColorForAction(ConsoleColor foregroundColor, Action action)
   at Microsoft.VisualStudio.TestPlatform.CommandLine.Internal.ConsoleLogger.DisplayFullInformation(TestResult result)
   at Microsoft.VisualStudio.TestPlatform.CommandLine.Internal.ConsoleLogger.TestResultHandler(Object sender, TestResultEventArgs e)
   at InvokeStub_EventHandler`1.Invoke(Object, Object, IntPtr*)
   at System.Reflection.MethodInvoker.Invoke(Object obj, IntPtr* args, BindingFlags invokeAttr)
   --- End of inner exception stack trace ---
   at System.Reflection.MethodInvoker.Invoke(Object obj, IntPtr* args, BindingFlags invokeAttr)
   at System.Reflection.RuntimeMethodInfo.Invoke(Object obj, BindingFlags invokeAttr, Binder binder, Object[] parameters, CultureInfo culture)
   at System.Delegate.DynamicInvokeImpl(Object[] args)
   at Microsoft.VisualStudio.TestPlatform.Utilities.MulticastDelegateUtilities.SafeInvoke(Delegate delegates, Object sender, Object args, String traceDisplayName).
TpTrace Error: 0 : 24700, 4, 2023/07/14, 16:41:19.927, 3682407292034, vstest.console.dll, MulticastDelegateUtilities.SafeInvoke: 1: Invoking callback 1/Microsoft.VisualStudio.TestPlatform.CommandLine.Internal.ConsoleLogger for .InternalTestLoggerEvents.SendTestResult, failed after 0 ms with: System.Reflection.TargetInvocationException: Exception has been thrown by the target of an invocation.
 ---> System.ArgumentException: The parameter cannot be null or empty. (Parameter 'format')
   at Microsoft.VisualStudio.TestPlatform.Utilities.OutputExtensions.Format(String messageTypeFormat, String format, Object[] args)
   at Microsoft.VisualStudio.TestPlatform.Utilities.OutputExtensions.<>c__DisplayClass4_0.<Information>b__0()
   at Microsoft.VisualStudio.TestPlatform.Utilities.OutputExtensions.SetColorForAction(ConsoleColor foregroundColor, Action action)
   at Microsoft.VisualStudio.TestPlatform.CommandLine.Internal.ConsoleLogger.DisplayFullInformation(TestResult result)
   at Microsoft.VisualStudio.TestPlatform.CommandLine.Internal.ConsoleLogger.TestResultHandler(Object sender, TestResultEventArgs e)
   at InvokeStub_EventHandler`1.Invoke(Object, Object, IntPtr*)
   at System.Reflection.MethodInvoker.Invoke(Object obj, IntPtr* args, BindingFlags invokeAttr)
   --- End of inner exception stack trace ---
   at System.Reflection.MethodInvoker.Invoke(Object obj, IntPtr* args, BindingFlags invokeAttr)
   at System.Reflection.RuntimeMethodInfo.Invoke(Object obj, BindingFlags invokeAttr, Binder binder, Object[] parameters, CultureInfo culture)
   at System.Delegate.DynamicInvokeImpl(Object[] args)
   at Microsoft.VisualStudio.TestPlatform.Utilities.MulticastDelegateUtilities.SafeInvoke(Delegate delegates, Object sender, Object args, String traceDisplayName).
TpTrace Error: 0 : 24700, 4, 2023/07/14, 16:41:19.927, 3682407294994, vstest.console.dll, MulticastDelegateUtilities.SafeInvoke: 1: Invoking callback 1/Microsoft.VisualStudio.TestPlatform.CommandLine.Internal.ConsoleLogger for .InternalTestLoggerEvents.SendTestResult, failed after 0 ms with: System.Reflection.TargetInvocationException: Exception has been thrown by the target of an invocation.
 ---> System.ArgumentException: The parameter cannot be null or empty. (Parameter 'format')
   at Microsoft.VisualStudio.TestPlatform.Utilities.OutputExtensions.Format(String messageTypeFormat, String format, Object[] args)
   at Microsoft.VisualStudio.TestPlatform.Utilities.OutputExtensions.<>c__DisplayClass4_0.<Information>b__0()
   at Microsoft.VisualStudio.TestPlatform.Utilities.OutputExtensions.SetColorForAction(ConsoleColor foregroundColor, Action action)
   at Microsoft.VisualStudio.TestPlatform.CommandLine.Internal.ConsoleLogger.DisplayFullInformation(TestResult result)
   at Microsoft.VisualStudio.TestPlatform.CommandLine.Internal.ConsoleLogger.TestResultHandler(Object sender, TestResultEventArgs e)
   at InvokeStub_EventHandler`1.Invoke(Object, Object, IntPtr*)
   at System.Reflection.MethodInvoker.Invoke(Object obj, IntPtr* args, BindingFlags invokeAttr)
   --- End of inner exception stack trace ---
   at System.Reflection.MethodInvoker.Invoke(Object obj, IntPtr* args, BindingFlags invokeAttr)
   at System.Reflection.RuntimeMethodInfo.Invoke(Object obj, BindingFlags invokeAttr, Binder binder, Object[] parameters, CultureInfo culture)
   at System.Delegate.DynamicInvokeImpl(Object[] args)
   at Microsoft.VisualStudio.TestPlatform.Utilities.MulticastDelegateUtilities.SafeInvoke(Delegate delegates, Object sender, Object args, String traceDisplayName).
TpTrace Error: 0 : 24700, 4, 2023/07/14, 16:41:19.928, 3682407298078, vstest.console.dll, MulticastDelegateUtilities.SafeInvoke: 1: Invoking callback 1/Microsoft.VisualStudio.TestPlatform.CommandLine.Internal.ConsoleLogger for .InternalTestLoggerEvents.SendTestResult, failed after 0 ms with: System.Reflection.TargetInvocationException: Exception has been thrown by the target of an invocation.
 ---> System.ArgumentException: The parameter cannot be null or empty. (Parameter 'format')
   at Microsoft.VisualStudio.TestPlatform.Utilities.OutputExtensions.Format(String messageTypeFormat, String format, Object[] args)
   at Microsoft.VisualStudio.TestPlatform.Utilities.OutputExtensions.<>c__DisplayClass4_0.<Information>b__0()
   at Microsoft.VisualStudio.TestPlatform.Utilities.OutputExtensions.SetColorForAction(ConsoleColor foregroundColor, Action action)
   at Microsoft.VisualStudio.TestPlatform.CommandLine.Internal.ConsoleLogger.DisplayFullInformation(TestResult result)
   at Microsoft.VisualStudio.TestPlatform.CommandLine.Internal.ConsoleLogger.TestResultHandler(Object sender, TestResultEventArgs e)
   at InvokeStub_EventHandler`1.Invoke(Object, Object, IntPtr*)
   at System.Reflection.MethodInvoker.Invoke(Object obj, IntPtr* args, BindingFlags invokeAttr)
   --- End of inner exception stack trace ---
   at System.Reflection.MethodInvoker.Invoke(Object obj, IntPtr* args, BindingFlags invokeAttr)
   at System.Reflection.RuntimeMethodInfo.Invoke(Object obj, BindingFlags invokeAttr, Binder binder, Object[] parameters, CultureInfo culture)
   at System.Delegate.DynamicInvokeImpl(Object[] args)
   at Microsoft.VisualStudio.TestPlatform.Utilities.MulticastDelegateUtilities.SafeInvoke(Delegate delegates, Object sender, Object args, String traceDisplayName).
TpTrace Error: 0 : 24700, 4, 2023/07/14, 16:41:19.928, 3682407300834, vstest.console.dll, MulticastDelegateUtilities.SafeInvoke: 1: Invoking callback 1/Microsoft.VisualStudio.TestPlatform.CommandLine.Internal.ConsoleLogger for .InternalTestLoggerEvents.SendTestResult, failed after 0 ms with: System.Reflection.TargetInvocationException: Exception has been thrown by the target of an invocation.
 ---> System.ArgumentException: The parameter cannot be null or empty. (Parameter 'format')
   at Microsoft.VisualStudio.TestPlatform.Utilities.OutputExtensions.Format(String messageTypeFormat, String format, Object[] args)
   at Microsoft.VisualStudio.TestPlatform.Utilities.OutputExtensions.<>c__DisplayClass4_0.<Information>b__0()
   at Microsoft.VisualStudio.TestPlatform.Utilities.OutputExtensions.SetColorForAction(ConsoleColor foregroundColor, Action action)
   at Microsoft.VisualStudio.TestPlatform.CommandLine.Internal.ConsoleLogger.DisplayFullInformation(TestResult result)
   at Microsoft.VisualStudio.TestPlatform.CommandLine.Internal.ConsoleLogger.TestResultHandler(Object sender, TestResultEventArgs e)
   at InvokeStub_EventHandler`1.Invoke(Object, Object, IntPtr*)
   at System.Reflection.MethodInvoker.Invoke(Object obj, IntPtr* args, BindingFlags invokeAttr)
   --- End of inner exception stack trace ---
   at System.Reflection.MethodInvoker.Invoke(Object obj, IntPtr* args, BindingFlags invokeAttr)
   at System.Reflection.RuntimeMethodInfo.Invoke(Object obj, BindingFlags invokeAttr, Binder binder, Object[] parameters, CultureInfo culture)
   at System.Delegate.DynamicInvokeImpl(Object[] args)
   at Microsoft.VisualStudio.TestPlatform.Utilities.MulticastDelegateUtilities.SafeInvoke(Delegate delegates, Object sender, Object args, String traceDisplayName).
TpTrace Error: 0 : 24700, 4, 2023/07/14, 16:41:19.928, 3682407303194, vstest.console.dll, MulticastDelegateUtilities.SafeInvoke: 1: Invoking callback 1/Microsoft.VisualStudio.TestPlatform.CommandLine.Internal.ConsoleLogger for .InternalTestLoggerEvents.SendTestResult, failed after 0 ms with: System.Reflection.TargetInvocationException: Exception has been thrown by the target of an invocation.
 ---> System.ArgumentException: The parameter cannot be null or empty. (Parameter 'format')
   at Microsoft.VisualStudio.TestPlatform.Utilities.OutputExtensions.Format(String messageTypeFormat, String format, Object[] args)
   at Microsoft.VisualStudio.TestPlatform.Utilities.OutputExtensions.<>c__DisplayClass4_0.<Information>b__0()
   at Microsoft.VisualStudio.TestPlatform.Utilities.OutputExtensions.SetColorForAction(ConsoleColor foregroundColor, Action action)
   at Microsoft.VisualStudio.TestPlatform.CommandLine.Internal.ConsoleLogger.DisplayFullInformation(TestResult result)
   at Microsoft.VisualStudio.TestPlatform.CommandLine.Internal.ConsoleLogger.TestResultHandler(Object sender, TestResultEventArgs e)
   at InvokeStub_EventHandler`1.Invoke(Object, Object, IntPtr*)
   at System.Reflection.MethodInvoker.Invoke(Object obj, IntPtr* args, BindingFlags invokeAttr)
   --- End of inner exception stack trace ---
   at System.Reflection.MethodInvoker.Invoke(Object obj, IntPtr* args, BindingFlags invokeAttr)
   at System.Reflection.RuntimeMethodInfo.Invoke(Object obj, BindingFlags invokeAttr, Binder binder, Object[] parameters, CultureInfo culture)
   at System.Delegate.DynamicInvokeImpl(Object[] args)
   at Microsoft.VisualStudio.TestPlatform.Utilities.MulticastDelegateUtilities.SafeInvoke(Delegate delegates, Object sender, Object args, String traceDisplayName).
TpTrace Error: 0 : 24700, 4, 2023/07/14, 16:41:19.928, 3682407306759, vstest.console.dll, MulticastDelegateUtilities.SafeInvoke: 1: Invoking callback 1/Microsoft.VisualStudio.TestPlatform.CommandLine.Internal.ConsoleLogger for .InternalTestLoggerEvents.SendTestResult, failed after 0 ms with: System.Reflection.TargetInvocationException: Exception has been thrown by the target of an invocation.
 ---> System.ArgumentException: The parameter cannot be null or empty. (Parameter 'format')
   at Microsoft.VisualStudio.TestPlatform.Utilities.OutputExtensions.Format(String messageTypeFormat, String format, Object[] args)
   at Microsoft.VisualStudio.TestPlatform.Utilities.OutputExtensions.<>c__DisplayClass4_0.<Information>b__0()
   at Microsoft.VisualStudio.TestPlatform.Utilities.OutputExtensions.SetColorForAction(ConsoleColor foregroundColor, Action action)
   at Microsoft.VisualStudio.TestPlatform.CommandLine.Internal.ConsoleLogger.DisplayFullInformation(TestResult result)
   at Microsoft.VisualStudio.TestPlatform.CommandLine.Internal.ConsoleLogger.TestResultHandler(Object sender, TestResultEventArgs e)
   at InvokeStub_EventHandler`1.Invoke(Object, Object, IntPtr*)
   at System.Reflection.MethodInvoker.Invoke(Object obj, IntPtr* args, BindingFlags invokeAttr)
   --- End of inner exception stack trace ---
   at System.Reflection.MethodInvoker.Invoke(Object obj, IntPtr* args, BindingFlags invokeAttr)
   at System.Reflection.RuntimeMethodInfo.Invoke(Object obj, BindingFlags invokeAttr, Binder binder, Object[] parameters, CultureInfo culture)
   at System.Delegate.DynamicInvokeImpl(Object[] args)
   at Microsoft.VisualStudio.TestPlatform.Utilities.MulticastDelegateUtilities.SafeInvoke(Delegate delegates, Object sender, Object args, String traceDisplayName).
TpTrace Error: 0 : 24700, 4, 2023/07/14, 16:41:19.929, 3682407309802, vstest.console.dll, MulticastDelegateUtilities.SafeInvoke: 1: Invoking callback 1/Microsoft.VisualStudio.TestPlatform.CommandLine.Internal.ConsoleLogger for .InternalTestLoggerEvents.SendTestResult, failed after 0 ms with: System.Reflection.TargetInvocationException: Exception has been thrown by the target of an invocation.
 ---> System.ArgumentException: The parameter cannot be null or empty. (Parameter 'format')
   at Microsoft.VisualStudio.TestPlatform.Utilities.OutputExtensions.Format(String messageTypeFormat, String format, Object[] args)
   at Microsoft.VisualStudio.TestPlatform.Utilities.OutputExtensions.<>c__DisplayClass4_0.<Information>b__0()
   at Microsoft.VisualStudio.TestPlatform.Utilities.OutputExtensions.SetColorForAction(ConsoleColor foregroundColor, Action action)
   at Microsoft.VisualStudio.TestPlatform.CommandLine.Internal.ConsoleLogger.DisplayFullInformation(TestResult result)
   at Microsoft.VisualStudio.TestPlatform.CommandLine.Internal.ConsoleLogger.TestResultHandler(Object sender, TestResultEventArgs e)
   at InvokeStub_EventHandler`1.Invoke(Object, Object, IntPtr*)
   at System.Reflection.MethodInvoker.Invoke(Object obj, IntPtr* args, BindingFlags invokeAttr)
   --- End of inner exception stack trace ---
   at System.Reflection.MethodInvoker.Invoke(Object obj, IntPtr* args, BindingFlags invokeAttr)
   at System.Reflection.RuntimeMethodInfo.Invoke(Object obj, BindingFlags invokeAttr, Binder binder, Object[] parameters, CultureInfo culture)
   at System.Delegate.DynamicInvokeImpl(Object[] args)
   at Microsoft.VisualStudio.TestPlatform.Utilities.MulticastDelegateUtilities.SafeInvoke(Delegate delegates, Object sender, Object args, String traceDisplayName).
TpTrace Verbose: 0 : 24700, 4, 2023/07/14, 16:41:19.929, 3682407311166, vstest.console.dll, MulticastDelegateUtilities.SafeInvoke: InternalTestLoggerEvents.SendTestRunMessage: Invoking callback 1/1 for Microsoft.VisualStudio.TestPlatform.CommandLine.Internal.ConsoleLogger., took 0 ms.
TpTrace Verbose: 0 : 24700, 4, 2023/07/14, 16:41:19.929, 3682407311867, vstest.console.dll, MulticastDelegateUtilities.SafeInvoke: InternalTestLoggerEvents.SendTestRunMessage: Invoking callback 1/1 for Microsoft.VisualStudio.TestPlatform.CommandLine.Internal.ConsoleLogger., took 0 ms.
TpTrace Error: 0 : 24700, 4, 2023/07/14, 16:41:19.929, 3682407314097, vstest.console.dll, MulticastDelegateUtilities.SafeInvoke: 1: Invoking callback 1/Microsoft.VisualStudio.TestPlatform.CommandLine.Internal.ConsoleLogger for .InternalTestLoggerEvents.SendTestResult, failed after 0 ms with: System.Reflection.TargetInvocationException: Exception has been thrown by the target of an invocation.
 ---> System.ArgumentException: The parameter cannot be null or empty. (Parameter 'format')
   at Microsoft.VisualStudio.TestPlatform.Utilities.OutputExtensions.Format(String messageTypeFormat, String format, Object[] args)
   at Microsoft.VisualStudio.TestPlatform.Utilities.OutputExtensions.<>c__DisplayClass4_0.<Information>b__0()
   at Microsoft.VisualStudio.TestPlatform.Utilities.OutputExtensions.SetColorForAction(ConsoleColor foregroundColor, Action action)
   at Microsoft.VisualStudio.TestPlatform.CommandLine.Internal.ConsoleLogger.DisplayFullInformation(TestResult result)
   at Microsoft.VisualStudio.TestPlatform.CommandLine.Internal.ConsoleLogger.TestResultHandler(Object sender, TestResultEventArgs e)
   at InvokeStub_EventHandler`1.Invoke(Object, Object, IntPtr*)
   at System.Reflection.MethodInvoker.Invoke(Object obj, IntPtr* args, BindingFlags invokeAttr)
   --- End of inner exception stack trace ---
   at System.Reflection.MethodInvoker.Invoke(Object obj, IntPtr* args, BindingFlags invokeAttr)
   at System.Reflection.RuntimeMethodInfo.Invoke(Object obj, BindingFlags invokeAttr, Binder binder, Object[] parameters, CultureInfo culture)
   at System.Delegate.DynamicInvokeImpl(Object[] args)
   at Microsoft.VisualStudio.TestPlatform.Utilities.MulticastDelegateUtilities.SafeInvoke(Delegate delegates, Object sender, Object args, String traceDisplayName).
TpTrace Error: 0 : 24700, 4, 2023/07/14, 16:41:19.929, 3682407317023, vstest.console.dll, MulticastDelegateUtilities.SafeInvoke: 1: Invoking callback 1/Microsoft.VisualStudio.TestPlatform.CommandLine.Internal.ConsoleLogger for .InternalTestLoggerEvents.SendTestResult, failed after 0 ms with: System.Reflection.TargetInvocationException: Exception has been thrown by the target of an invocation.
 ---> System.ArgumentException: The parameter cannot be null or empty. (Parameter 'format')
   at Microsoft.VisualStudio.TestPlatform.Utilities.OutputExtensions.Format(String messageTypeFormat, String format, Object[] args)
   at Microsoft.VisualStudio.TestPlatform.Utilities.OutputExtensions.<>c__DisplayClass4_0.<Information>b__0()
   at Microsoft.VisualStudio.TestPlatform.Utilities.OutputExtensions.SetColorForAction(ConsoleColor foregroundColor, Action action)
   at Microsoft.VisualStudio.TestPlatform.CommandLine.Internal.ConsoleLogger.DisplayFullInformation(TestResult result)
   at Microsoft.VisualStudio.TestPlatform.CommandLine.Internal.ConsoleLogger.TestResultHandler(Object sender, TestResultEventArgs e)
   at InvokeStub_EventHandler`1.Invoke(Object, Object, IntPtr*)
   at System.Reflection.MethodInvoker.Invoke(Object obj, IntPtr* args, BindingFlags invokeAttr)
   --- End of inner exception stack trace ---
   at System.Reflection.MethodInvoker.Invoke(Object obj, IntPtr* args, BindingFlags invokeAttr)
   at System.Reflection.RuntimeMethodInfo.Invoke(Object obj, BindingFlags invokeAttr, Binder binder, Object[] parameters, CultureInfo culture)
   at System.Delegate.DynamicInvokeImpl(Object[] args)
   at Microsoft.VisualStudio.TestPlatform.Utilities.MulticastDelegateUtilities.SafeInvoke(Delegate delegates, Object sender, Object args, String traceDisplayName).
TpTrace Error: 0 : 24700, 4, 2023/07/14, 16:41:19.930, 3682407319643, vstest.console.dll, MulticastDelegateUtilities.SafeInvoke: 1: Invoking callback 1/Microsoft.VisualStudio.TestPlatform.CommandLine.Internal.ConsoleLogger for .InternalTestLoggerEvents.SendTestResult, failed after 0 ms with: System.Reflection.TargetInvocationException: Exception has been thrown by the target of an invocation.
 ---> System.ArgumentException: The parameter cannot be null or empty. (Parameter 'format')
   at Microsoft.VisualStudio.TestPlatform.Utilities.OutputExtensions.Format(String messageTypeFormat, String format, Object[] args)
   at Microsoft.VisualStudio.TestPlatform.Utilities.OutputExtensions.<>c__DisplayClass4_0.<Information>b__0()
   at Microsoft.VisualStudio.TestPlatform.Utilities.OutputExtensions.SetColorForAction(ConsoleColor foregroundColor, Action action)
   at Microsoft.VisualStudio.TestPlatform.CommandLine.Internal.ConsoleLogger.DisplayFullInformation(TestResult result)
   at Microsoft.VisualStudio.TestPlatform.CommandLine.Internal.ConsoleLogger.TestResultHandler(Object sender, TestResultEventArgs e)
   at InvokeStub_EventHandler`1.Invoke(Object, Object, IntPtr*)
   at System.Reflection.MethodInvoker.Invoke(Object obj, IntPtr* args, BindingFlags invokeAttr)
   --- End of inner exception stack trace ---
   at System.Reflection.MethodInvoker.Invoke(Object obj, IntPtr* args, BindingFlags invokeAttr)
   at System.Reflection.RuntimeMethodInfo.Invoke(Object obj, BindingFlags invokeAttr, Binder binder, Object[] parameters, CultureInfo culture)
   at System.Delegate.DynamicInvokeImpl(Object[] args)
   at Microsoft.VisualStudio.TestPlatform.Utilities.MulticastDelegateUtilities.SafeInvoke(Delegate delegates, Object sender, Object args, String traceDisplayName).
TpTrace Error: 0 : 24700, 4, 2023/07/14, 16:41:19.930, 3682407321687, vstest.console.dll, MulticastDelegateUtilities.SafeInvoke: 1: Invoking callback 1/Microsoft.VisualStudio.TestPlatform.CommandLine.Internal.ConsoleLogger for .InternalTestLoggerEvents.SendTestResult, failed after 0 ms with: System.Reflection.TargetInvocationException: Exception has been thrown by the target of an invocation.
 ---> System.ArgumentException: The parameter cannot be null or empty. (Parameter 'format')
   at Microsoft.VisualStudio.TestPlatform.Utilities.OutputExtensions.Format(String messageTypeFormat, String format, Object[] args)
   at Microsoft.VisualStudio.TestPlatform.Utilities.OutputExtensions.<>c__DisplayClass4_0.<Information>b__0()
   at Microsoft.VisualStudio.TestPlatform.Utilities.OutputExtensions.SetColorForAction(ConsoleColor foregroundColor, Action action)
   at Microsoft.VisualStudio.TestPlatform.CommandLine.Internal.ConsoleLogger.DisplayFullInformation(TestResult result)
   at Microsoft.VisualStudio.TestPlatform.CommandLine.Internal.ConsoleLogger.TestResultHandler(Object sender, TestResultEventArgs e)
   at InvokeStub_EventHandler`1.Invoke(Object, Object, IntPtr*)
   at System.Reflection.MethodInvoker.Invoke(Object obj, IntPtr* args, BindingFlags invokeAttr)
   --- End of inner exception stack trace ---
   at System.Reflection.MethodInvoker.Invoke(Object obj, IntPtr* args, BindingFlags invokeAttr)
   at System.Reflection.RuntimeMethodInfo.Invoke(Object obj, BindingFlags invokeAttr, Binder binder, Object[] parameters, CultureInfo culture)
   at System.Delegate.DynamicInvokeImpl(Object[] args)
   at Microsoft.VisualStudio.TestPlatform.Utilities.MulticastDelegateUtilities.SafeInvoke(Delegate delegates, Object sender, Object args, String traceDisplayName).
TpTrace Error: 0 : 24700, 4, 2023/07/14, 16:41:19.930, 3682407323955, vstest.console.dll, MulticastDelegateUtilities.SafeInvoke: 1: Invoking callback 1/Microsoft.VisualStudio.TestPlatform.CommandLine.Internal.ConsoleLogger for .InternalTestLoggerEvents.SendTestResult, failed after 0 ms with: System.Reflection.TargetInvocationException: Exception has been thrown by the target of an invocation.
 ---> System.ArgumentException: The parameter cannot be null or empty. (Parameter 'format')
   at Microsoft.VisualStudio.TestPlatform.Utilities.OutputExtensions.Format(String messageTypeFormat, String format, Object[] args)
   at Microsoft.VisualStudio.TestPlatform.Utilities.OutputExtensions.<>c__DisplayClass4_0.<Information>b__0()
   at Microsoft.VisualStudio.TestPlatform.Utilities.OutputExtensions.SetColorForAction(ConsoleColor foregroundColor, Action action)
   at Microsoft.VisualStudio.TestPlatform.CommandLine.Internal.ConsoleLogger.DisplayFullInformation(TestResult result)
   at Microsoft.VisualStudio.TestPlatform.CommandLine.Internal.ConsoleLogger.TestResultHandler(Object sender, TestResultEventArgs e)
   at InvokeStub_EventHandler`1.Invoke(Object, Object, IntPtr*)
   at System.Reflection.MethodInvoker.Invoke(Object obj, IntPtr* args, BindingFlags invokeAttr)
   --- End of inner exception stack trace ---
   at System.Reflection.MethodInvoker.Invoke(Object obj, IntPtr* args, BindingFlags invokeAttr)
   at System.Reflection.RuntimeMethodInfo.Invoke(Object obj, BindingFlags invokeAttr, Binder binder, Object[] parameters, CultureInfo culture)
   at System.Delegate.DynamicInvokeImpl(Object[] args)
   at Microsoft.VisualStudio.TestPlatform.Utilities.MulticastDelegateUtilities.SafeInvoke(Delegate delegates, Object sender, Object args, String traceDisplayName).
TpTrace Error: 0 : 24700, 4, 2023/07/14, 16:41:19.930, 3682407326547, vstest.console.dll, MulticastDelegateUtilities.SafeInvoke: 1: Invoking callback 1/Microsoft.VisualStudio.TestPlatform.CommandLine.Internal.ConsoleLogger for .InternalTestLoggerEvents.SendTestResult, failed after 0 ms with: System.Reflection.TargetInvocationException: Exception has been thrown by the target of an invocation.
 ---> System.ArgumentException: The parameter cannot be null or empty. (Parameter 'format')
   at Microsoft.VisualStudio.TestPlatform.Utilities.OutputExtensions.Format(String messageTypeFormat, String format, Object[] args)
   at Microsoft.VisualStudio.TestPlatform.Utilities.OutputExtensions.<>c__DisplayClass4_0.<Information>b__0()
   at Microsoft.VisualStudio.TestPlatform.Utilities.OutputExtensions.SetColorForAction(ConsoleColor foregroundColor, Action action)
   at Microsoft.VisualStudio.TestPlatform.CommandLine.Internal.ConsoleLogger.DisplayFullInformation(TestResult result)
   at Microsoft.VisualStudio.TestPlatform.CommandLine.Internal.ConsoleLogger.TestResultHandler(Object sender, TestResultEventArgs e)
   at InvokeStub_EventHandler`1.Invoke(Object, Object, IntPtr*)
   at System.Reflection.MethodInvoker.Invoke(Object obj, IntPtr* args, BindingFlags invokeAttr)
   --- End of inner exception stack trace ---
   at System.Reflection.MethodInvoker.Invoke(Object obj, IntPtr* args, BindingFlags invokeAttr)
   at System.Reflection.RuntimeMethodInfo.Invoke(Object obj, BindingFlags invokeAttr, Binder binder, Object[] parameters, CultureInfo culture)
   at System.Delegate.DynamicInvokeImpl(Object[] args)
   at Microsoft.VisualStudio.TestPlatform.Utilities.MulticastDelegateUtilities.SafeInvoke(Delegate delegates, Object sender, Object args, String traceDisplayName).
TpTrace Error: 0 : 24700, 4, 2023/07/14, 16:41:19.931, 3682407332072, vstest.console.dll, MulticastDelegateUtilities.SafeInvoke: 1: Invoking callback 1/Microsoft.VisualStudio.TestPlatform.CommandLine.Internal.ConsoleLogger for .InternalTestLoggerEvents.SendTestResult, failed after 0 ms with: System.Reflection.TargetInvocationException: Exception has been thrown by the target of an invocation.
 ---> System.ArgumentException: The parameter cannot be null or empty. (Parameter 'format')
   at Microsoft.VisualStudio.TestPlatform.Utilities.OutputExtensions.Format(String messageTypeFormat, String format, Object[] args)
   at Microsoft.VisualStudio.TestPlatform.Utilities.OutputExtensions.<>c__DisplayClass4_0.<Information>b__0()
   at Microsoft.VisualStudio.TestPlatform.Utilities.OutputExtensions.SetColorForAction(ConsoleColor foregroundColor, Action action)
   at Microsoft.VisualStudio.TestPlatform.CommandLine.Internal.ConsoleLogger.DisplayFullInformation(TestResult result)
   at Microsoft.VisualStudio.TestPlatform.CommandLine.Internal.ConsoleLogger.TestResultHandler(Object sender, TestResultEventArgs e)
   at InvokeStub_EventHandler`1.Invoke(Object, Object, IntPtr*)
   at System.Reflection.MethodInvoker.Invoke(Object obj, IntPtr* args, BindingFlags invokeAttr)
   --- End of inner exception stack trace ---
   at System.Reflection.MethodInvoker.Invoke(Object obj, IntPtr* args, BindingFlags invokeAttr)
   at System.Reflection.RuntimeMethodInfo.Invoke(Object obj, BindingFlags invokeAttr, Binder binder, Object[] parameters, CultureInfo culture)
   at System.Delegate.DynamicInvokeImpl(Object[] args)
   at Microsoft.VisualStudio.TestPlatform.Utilities.MulticastDelegateUtilities.SafeInvoke(Delegate delegates, Object sender, Object args, String traceDisplayName).
TpTrace Error: 0 : 24700, 4, 2023/07/14, 16:41:19.931, 3682407334077, vstest.console.dll, MulticastDelegateUtilities.SafeInvoke: 1: Invoking callback 1/Microsoft.VisualStudio.TestPlatform.CommandLine.Internal.ConsoleLogger for .InternalTestLoggerEvents.SendTestResult, failed after 0 ms with: System.Reflection.TargetInvocationException: Exception has been thrown by the target of an invocation.
 ---> System.ArgumentException: The parameter cannot be null or empty. (Parameter 'format')
   at Microsoft.VisualStudio.TestPlatform.Utilities.OutputExtensions.Format(String messageTypeFormat, String format, Object[] args)
   at Microsoft.VisualStudio.TestPlatform.Utilities.OutputExtensions.<>c__DisplayClass4_0.<Information>b__0()
   at Microsoft.VisualStudio.TestPlatform.Utilities.OutputExtensions.SetColorForAction(ConsoleColor foregroundColor, Action action)
   at Microsoft.VisualStudio.TestPlatform.CommandLine.Internal.ConsoleLogger.DisplayFullInformation(TestResult result)
   at Microsoft.VisualStudio.TestPlatform.CommandLine.Internal.ConsoleLogger.TestResultHandler(Object sender, TestResultEventArgs e)
   at InvokeStub_EventHandler`1.Invoke(Object, Object, IntPtr*)
   at System.Reflection.MethodInvoker.Invoke(Object obj, IntPtr* args, BindingFlags invokeAttr)
   --- End of inner exception stack trace ---
   at System.Reflection.MethodInvoker.Invoke(Object obj, IntPtr* args, BindingFlags invokeAttr)
   at System.Reflection.RuntimeMethodInfo.Invoke(Object obj, BindingFlags invokeAttr, Binder binder, Object[] parameters, CultureInfo culture)
   at System.Delegate.DynamicInvokeImpl(Object[] args)
   at Microsoft.VisualStudio.TestPlatform.Utilities.MulticastDelegateUtilities.SafeInvoke(Delegate delegates, Object sender, Object args, String traceDisplayName).
TpTrace Error: 0 : 24700, 4, 2023/07/14, 16:41:19.931, 3682407336858, vstest.console.dll, MulticastDelegateUtilities.SafeInvoke: 1: Invoking callback 1/Microsoft.VisualStudio.TestPlatform.CommandLine.Internal.ConsoleLogger for .InternalTestLoggerEvents.SendTestResult, failed after 0 ms with: System.Reflection.TargetInvocationException: Exception has been thrown by the target of an invocation.
 ---> System.ArgumentException: The parameter cannot be null or empty. (Parameter 'format')
   at Microsoft.VisualStudio.TestPlatform.Utilities.OutputExtensions.Format(String messageTypeFormat, String format, Object[] args)
   at Microsoft.VisualStudio.TestPlatform.Utilities.OutputExtensions.<>c__DisplayClass4_0.<Information>b__0()
   at Microsoft.VisualStudio.TestPlatform.Utilities.OutputExtensions.SetColorForAction(ConsoleColor foregroundColor, Action action)
   at Microsoft.VisualStudio.TestPlatform.CommandLine.Internal.ConsoleLogger.DisplayFullInformation(TestResult result)
   at Microsoft.VisualStudio.TestPlatform.CommandLine.Internal.ConsoleLogger.TestResultHandler(Object sender, TestResultEventArgs e)
   at InvokeStub_EventHandler`1.Invoke(Object, Object, IntPtr*)
   at System.Reflection.MethodInvoker.Invoke(Object obj, IntPtr* args, BindingFlags invokeAttr)
   --- End of inner exception stack trace ---
   at System.Reflection.MethodInvoker.Invoke(Object obj, IntPtr* args, BindingFlags invokeAttr)
   at System.Reflection.RuntimeMethodInfo.Invoke(Object obj, BindingFlags invokeAttr, Binder binder, Object[] parameters, CultureInfo culture)
   at System.Delegate.DynamicInvokeImpl(Object[] args)
   at Microsoft.VisualStudio.TestPlatform.Utilities.MulticastDelegateUtilities.SafeInvoke(Delegate delegates, Object sender, Object args, String traceDisplayName).
TpTrace Error: 0 : 24700, 4, 2023/07/14, 16:41:19.932, 3682407338719, vstest.console.dll, MulticastDelegateUtilities.SafeInvoke: 1: Invoking callback 1/Microsoft.VisualStudio.TestPlatform.CommandLine.Internal.ConsoleLogger for .InternalTestLoggerEvents.SendTestResult, failed after 0 ms with: System.Reflection.TargetInvocationException: Exception has been thrown by the target of an invocation.
 ---> System.ArgumentException: The parameter cannot be null or empty. (Parameter 'format')
   at Microsoft.VisualStudio.TestPlatform.Utilities.OutputExtensions.Format(String messageTypeFormat, String format, Object[] args)
   at Microsoft.VisualStudio.TestPlatform.Utilities.OutputExtensions.<>c__DisplayClass4_0.<Information>b__0()
   at Microsoft.VisualStudio.TestPlatform.Utilities.OutputExtensions.SetColorForAction(ConsoleColor foregroundColor, Action action)
   at Microsoft.VisualStudio.TestPlatform.CommandLine.Internal.ConsoleLogger.DisplayFullInformation(TestResult result)
   at Microsoft.VisualStudio.TestPlatform.CommandLine.Internal.ConsoleLogger.TestResultHandler(Object sender, TestResultEventArgs e)
   at InvokeStub_EventHandler`1.Invoke(Object, Object, IntPtr*)
   at System.Reflection.MethodInvoker.Invoke(Object obj, IntPtr* args, BindingFlags invokeAttr)
   --- End of inner exception stack trace ---
   at System.Reflection.MethodInvoker.Invoke(Object obj, IntPtr* args, BindingFlags invokeAttr)
   at System.Reflection.RuntimeMethodInfo.Invoke(Object obj, BindingFlags invokeAttr, Binder binder, Object[] parameters, CultureInfo culture)
   at System.Delegate.DynamicInvokeImpl(Object[] args)
   at Microsoft.VisualStudio.TestPlatform.Utilities.MulticastDelegateUtilities.SafeInvoke(Delegate delegates, Object sender, Object args, String traceDisplayName).
TpTrace Verbose: 0 : 24700, 4, 2023/07/14, 16:41:19.932, 3682407339295, vstest.console.dll, MulticastDelegateUtilities.SafeInvoke: InternalTestLoggerEvents.SendTestRunMessage: Invoking callback 1/1 for Microsoft.VisualStudio.TestPlatform.CommandLine.Internal.ConsoleLogger., took 0 ms.
TpTrace Verbose: 0 : 24700, 4, 2023/07/14, 16:41:19.932, 3682407339718, vstest.console.dll, MulticastDelegateUtilities.SafeInvoke: InternalTestLoggerEvents.SendTestRunMessage: Invoking callback 1/1 for Microsoft.VisualStudio.TestPlatform.CommandLine.Internal.ConsoleLogger., took 0 ms.
TpTrace Verbose: 0 : 24700, 4, 2023/07/14, 16:41:19.932, 3682407340004, vstest.console.dll, MulticastDelegateUtilities.SafeInvoke: InternalTestLoggerEvents.SendTestRunMessage: Invoking callback 1/1 for Microsoft.VisualStudio.TestPlatform.CommandLine.Internal.ConsoleLogger., took 0 ms.
TpTrace Warning: 0 : 24700, 11, 2023/07/14, 16:41:19.960, 3682407617462, vstest.console.dll, TestHostManagerCallbacks.ErrorReceivedCallback Test host standard error line: 
TpTrace Verbose: 0 : 24700, 11, 2023/07/14, 16:41:19.967, 3682407692433, vstest.console.dll, TestHostProvider.ExitCallBack: Host exited starting callback.
TpTrace Information: 0 : 24700, 11, 2023/07/14, 16:41:19.967, 3682407693758, vstest.console.dll, TestHostManagerCallbacks.ExitCallBack: Testhost processId: 12572 exited with exitcode: 0 error: ''
TpTrace Verbose: 0 : 24700, 11, 2023/07/14, 16:41:19.967, 3682407693973, vstest.console.dll, DotnetTestHostManager.OnHostExited: invoking OnHostExited callback
TpTrace Verbose: 0 : 24700, 11, 2023/07/14, 16:41:19.967, 3682407694285, vstest.console.dll, CrossPlatEngine.TestHostManagerHostExited: calling on client process exit callback.
TpTrace Information: 0 : 24700, 11, 2023/07/14, 16:41:19.967, 3682407694571, vstest.console.dll, TestRequestSender.OnClientProcessExit: Test host process exited. Standard error: 
TpTrace Information: 0 : 24700, 11, 2023/07/14, 16:41:19.967, 3682407694750, vstest.console.dll, SocketServer.Stop: Stop server endPoint: 127.0.0.1:62802
TpTrace Information: 0 : 24700, 11, 2023/07/14, 16:41:19.967, 3682407694865, vstest.console.dll, SocketServer.Stop: Cancellation requested. Stopping message loop.
TpTrace Verbose: 0 : 24700, 11, 2023/07/14, 16:41:19.967, 3682407695566, vstest.console.dll, MulticastDelegateUtilities.SafeInvoke: HostProviderEvents.OnHostExited: Invoking callback 1/1 for Microsoft.VisualStudio.TestPlatform.CrossPlatEngine.Client.ProxyOperationManager., took 0 ms.
TpTrace Information: 0 : 24700, 13, 2023/07/14, 16:41:19.967, 3682407696106, vstest.console.dll, SocketServer.Stop: Stop server endPoint: 127.0.0.1:62802
TpTrace Information: 0 : 24700, 13, 2023/07/14, 16:41:19.967, 3682407697204, vstest.console.dll, SocketServer.Stop: Cancellation requested. Stopping message loop.
TpTrace Information: 0 : 24700, 13, 2023/07/14, 16:41:19.968, 3682407697564, vstest.console.dll, Closing the connection
TpTrace Verbose: 0 : 24700, 13, 2023/07/14, 16:41:19.968, 3682407699464, vstest.console.dll, ProxyDataCollectionManager.InvokeDataCollectionServiceAction: Starting.
TpTrace Information: 0 : 24700, 13, 2023/07/14, 16:41:19.968, 3682407699780, vstest.console.dll, ProxyDataCollectionManager.AfterTestRunEnd: Get attachment set and invoked data collectors processId: 22000 port: 62797
TpTrace Verbose: 0 : 24700, 13, 2023/07/14, 16:41:19.968, 3682407700095, vstest.console.dll, DataCollectionRequestSender.SendAfterTestRunStartAndGetResult: Send AfterTestRunEnd message with isCancelled: False
TpTrace Verbose: 0 : 24700, 13, 2023/07/14, 16:41:19.975, 3682407773416, vstest.console.dll, DataCollectionRequestSender.SendAfterTestRunStartAndGetResult: Received message: (DataCollection.AfterTestRunEndResult) -> {"MessageType":"DataCollection.AfterTestRunEndResult","Payload":{"AttachmentSets":[],"InvokedDataCollectors":[{"Uri":"datacollector://Microsoft/TestPlatform/Extensions/Blame/v1","FriendlyName":"Blame","AssemblyQualifiedName":"Microsoft.TestPlatform.Extensions.BlameDataCollector.BlameCollector, Microsoft.TestPlatform.Extensions.BlameDataCollector, Version=15.0.0.0, Culture=neutral, PublicKeyToken=b03f5f7f11d50a3a","FilePath":"C:\\Program Files\\dotnet\\sdk\\7.0.203\\Extensions\\Microsoft.TestPlatform.Extensions.BlameDataCollector.dll","HasAttachmentProcessor":false}],"Metrics":{}}}
TpTrace Information: 0 : 24700, 13, 2023/07/14, 16:41:19.980, 3682407827090, vstest.console.dll, ProxyDataCollectionManager.InvokeDataCollectionServiceAction: Completed.
TpTrace Warning: 0 : 24700, 9, 2023/07/14, 16:41:20.007, 3682408090090, vstest.console.dll, DataCollectionLauncher.ErrorReceivedCallback datacollector standard error line: 
TpTrace Verbose: 0 : 24700, 13, 2023/07/14, 16:41:20.012, 3682408144819, vstest.console.dll, TestRunRequest:SendTestRunStatsChange: Starting.
TpTrace Verbose: 0 : 24700, 13, 2023/07/14, 16:41:20.012, 3682408145864, vstest.console.dll, MulticastDelegateUtilities.SafeInvoke: TestRun.RunStatsChanged: Invoking callbacks was skipped because there are no subscribers.
TpTrace Information: 0 : 24700, 13, 2023/07/14, 16:41:20.012, 3682408146025, vstest.console.dll, TestRunRequest:SendTestRunStatsChange: Completed.
TpTrace Verbose: 0 : 24700, 13, 2023/07/14, 16:41:20.013, 3682408149527, vstest.console.dll, ParallelProxyExecutionManager: HandlePartialRunComplete: Total completed clients = 1, Run complete = True, Run canceled: False.
TpTrace Error: 0 : 24700, 4, 2023/07/14, 16:41:20.013, 3682408153508, vstest.console.dll, MulticastDelegateUtilities.SafeInvoke: 1: Invoking callback 1/Microsoft.VisualStudio.TestPlatform.CommandLine.Internal.ConsoleLogger for .InternalTestLoggerEvents.SendTestResult, failed after 0 ms with: System.Reflection.TargetInvocationException: Exception has been thrown by the target of an invocation.
 ---> System.ArgumentException: The parameter cannot be null or empty. (Parameter 'format')
   at Microsoft.VisualStudio.TestPlatform.Utilities.OutputExtensions.Format(String messageTypeFormat, String format, Object[] args)
   at Microsoft.VisualStudio.TestPlatform.Utilities.OutputExtensions.<>c__DisplayClass4_0.<Information>b__0()
   at Microsoft.VisualStudio.TestPlatform.Utilities.OutputExtensions.SetColorForAction(ConsoleColor foregroundColor, Action action)
   at Microsoft.VisualStudio.TestPlatform.CommandLine.Internal.ConsoleLogger.DisplayFullInformation(TestResult result)
   at Microsoft.VisualStudio.TestPlatform.CommandLine.Internal.ConsoleLogger.TestResultHandler(Object sender, TestResultEventArgs e)
   at InvokeStub_EventHandler`1.Invoke(Object, Object, IntPtr*)
   at System.Reflection.MethodInvoker.Invoke(Object obj, IntPtr* args, BindingFlags invokeAttr)
   --- End of inner exception stack trace ---
   at System.Reflection.MethodInvoker.Invoke(Object obj, IntPtr* args, BindingFlags invokeAttr)
   at System.Reflection.RuntimeMethodInfo.Invoke(Object obj, BindingFlags invokeAttr, Binder binder, Object[] parameters, CultureInfo culture)
   at System.Delegate.DynamicInvokeImpl(Object[] args)
   at Microsoft.VisualStudio.TestPlatform.Utilities.MulticastDelegateUtilities.SafeInvoke(Delegate delegates, Object sender, Object args, String traceDisplayName).
TpTrace Information: 0 : 24700, 9, 2023/07/14, 16:41:20.013, 3682408153627, vstest.console.dll, DataCollectionLauncher.ExitCallBack: Data collector exited with exitcode: 0 error: ''
TpTrace Error: 0 : 24700, 4, 2023/07/14, 16:41:20.014, 3682408157628, vstest.console.dll, MulticastDelegateUtilities.SafeInvoke: 1: Invoking callback 1/Microsoft.VisualStudio.TestPlatform.CommandLine.Internal.ConsoleLogger for .InternalTestLoggerEvents.SendTestResult, failed after 0 ms with: System.Reflection.TargetInvocationException: Exception has been thrown by the target of an invocation.
 ---> System.ArgumentException: The parameter cannot be null or empty. (Parameter 'format')
   at Microsoft.VisualStudio.TestPlatform.Utilities.OutputExtensions.Format(String messageTypeFormat, String format, Object[] args)
   at Microsoft.VisualStudio.TestPlatform.Utilities.OutputExtensions.<>c__DisplayClass4_0.<Information>b__0()
   at Microsoft.VisualStudio.TestPlatform.Utilities.OutputExtensions.SetColorForAction(ConsoleColor foregroundColor, Action action)
   at Microsoft.VisualStudio.TestPlatform.CommandLine.Internal.ConsoleLogger.DisplayFullInformation(TestResult result)
   at Microsoft.VisualStudio.TestPlatform.CommandLine.Internal.ConsoleLogger.TestResultHandler(Object sender, TestResultEventArgs e)
   at InvokeStub_EventHandler`1.Invoke(Object, Object, IntPtr*)
   at System.Reflection.MethodInvoker.Invoke(Object obj, IntPtr* args, BindingFlags invokeAttr)
   --- End of inner exception stack trace ---
   at System.Reflection.MethodInvoker.Invoke(Object obj, IntPtr* args, BindingFlags invokeAttr)
   at System.Reflection.RuntimeMethodInfo.Invoke(Object obj, BindingFlags invokeAttr, Binder binder, Object[] parameters, CultureInfo culture)
   at System.Delegate.DynamicInvokeImpl(Object[] args)
   at Microsoft.VisualStudio.TestPlatform.Utilities.MulticastDelegateUtilities.SafeInvoke(Delegate delegates, Object sender, Object args, String traceDisplayName).
TpTrace Error: 0 : 24700, 4, 2023/07/14, 16:41:20.014, 3682408162062, vstest.console.dll, MulticastDelegateUtilities.SafeInvoke: 1: Invoking callback 1/Microsoft.VisualStudio.TestPlatform.CommandLine.Internal.ConsoleLogger for .InternalTestLoggerEvents.SendTestResult, failed after 0 ms with: System.Reflection.TargetInvocationException: Exception has been thrown by the target of an invocation.
 ---> System.ArgumentException: The parameter cannot be null or empty. (Parameter 'format')
   at Microsoft.VisualStudio.TestPlatform.Utilities.OutputExtensions.Format(String messageTypeFormat, String format, Object[] args)
   at Microsoft.VisualStudio.TestPlatform.Utilities.OutputExtensions.<>c__DisplayClass4_0.<Information>b__0()
   at Microsoft.VisualStudio.TestPlatform.Utilities.OutputExtensions.SetColorForAction(ConsoleColor foregroundColor, Action action)
   at Microsoft.VisualStudio.TestPlatform.CommandLine.Internal.ConsoleLogger.DisplayFullInformation(TestResult result)
   at Microsoft.VisualStudio.TestPlatform.CommandLine.Internal.ConsoleLogger.TestResultHandler(Object sender, TestResultEventArgs e)
   at InvokeStub_EventHandler`1.Invoke(Object, Object, IntPtr*)
   at System.Reflection.MethodInvoker.Invoke(Object obj, IntPtr* args, BindingFlags invokeAttr)
   --- End of inner exception stack trace ---
   at System.Reflection.MethodInvoker.Invoke(Object obj, IntPtr* args, BindingFlags invokeAttr)
   at System.Reflection.RuntimeMethodInfo.Invoke(Object obj, BindingFlags invokeAttr, Binder binder, Object[] parameters, CultureInfo culture)
   at System.Delegate.DynamicInvokeImpl(Object[] args)
   at Microsoft.VisualStudio.TestPlatform.Utilities.MulticastDelegateUtilities.SafeInvoke(Delegate delegates, Object sender, Object args, String traceDisplayName).
TpTrace Verbose: 0 : 24700, 4, 2023/07/14, 16:41:20.021, 3682408229640, vstest.console.dll, MulticastDelegateUtilities.SafeInvoke: InternalTestLoggerEvents.SendTestRunComplete: Invoking callback 1/2 for Microsoft.TestPlatform.Extensions.BlameDataCollector.BlameLogger., took 0 ms.
TpTrace Verbose: 0 : 24700, 4, 2023/07/14, 16:41:20.025, 3682408275073, vstest.console.dll, MulticastDelegateUtilities.SafeInvoke: InternalTestLoggerEvents.SendTestRunComplete: Invoking callback 2/2 for Microsoft.VisualStudio.TestPlatform.CommandLine.Internal.ConsoleLogger., took 4 ms.
TpTrace Verbose: 0 : 24700, 13, 2023/07/14, 16:41:20.026, 3682408280930, vstest.console.dll, TestRunRequest:TestRunComplete: Starting. IsAborted:False IsCanceled:False.
TpTrace Verbose: 0 : 24700, 13, 2023/07/14, 16:41:20.027, 3682408292401, vstest.console.dll, TestLoggerManager.HandleTestRunComplete: Ignoring as the object is disposed.
TpTrace Verbose: 0 : 24700, 13, 2023/07/14, 16:41:20.027, 3682408294243, vstest.console.dll, MulticastDelegateUtilities.SafeInvoke: TestRun.TestRunComplete: Invoking callback 1/2 for Microsoft.VisualStudio.TestPlatform.CommandLine.TestRunResultAggregator., took 0 ms.
TpTrace Verbose: 0 : 24700, 13, 2023/07/14, 16:41:20.027, 3682408295754, vstest.console.dll, MulticastDelegateUtilities.SafeInvoke: TestRun.TestRunComplete: Invoking callback 2/2 for Microsoft.VisualStudio.TestPlatform.CommandLine.Processors.RunTestsArgumentExecutor+TestRunRequestEventsRegistrar., took 0 ms.
TpTrace Information: 0 : 24700, 13, 2023/07/14, 16:41:20.027, 3682408296405, vstest.console.dll, TestRunRequest:TestRunComplete: Completed.
TpTrace Verbose: 0 : 24700, 13, 2023/07/14, 16:41:20.027, 3682408296682, vstest.console.dll, TestRequestSender.SetOperationComplete: Setting operation complete.
TpTrace Information: 0 : 24700, 13, 2023/07/14, 16:41:20.027, 3682408296829, vstest.console.dll, SocketServer.Stop: Stop server endPoint: 127.0.0.1:62802
TpTrace Information: 0 : 24700, 13, 2023/07/14, 16:41:20.027, 3682408296954, vstest.console.dll, SocketServer.Stop: Cancellation requested. Stopping message loop.
TpTrace Verbose: 0 : 24700, 13, 2023/07/14, 16:41:20.027, 3682408297135, vstest.console.dll, MulticastDelegateUtilities.SafeInvoke: LengthPrefixCommunicationChannel: MessageReceived: Invoking callback 1/1 for Microsoft.VisualStudio.TestPlatform.CommunicationUtilities.TestRequestSender+<>c__DisplayClass34_0., took 103 ms.
TpTrace Verbose: 0 : 24700, 1, 2023/07/14, 16:41:20.027, 3682408297217, vstest.console.dll, TestRunRequest.Dispose: Starting.
TpTrace Information: 0 : 24700, 13, 2023/07/14, 16:41:20.028, 3682408297347, vstest.console.dll, SocketServer.PrivateStop: Stopping server endPoint: 127.0.0.1:62802 error: 
TpTrace Information: 0 : 24700, 1, 2023/07/14, 16:41:20.028, 3682408297734, vstest.console.dll, TestRunRequest.Dispose: Completed.
TpTrace Information: 0 : 24700, 1, 2023/07/14, 16:41:20.028, 3682408298217, vstest.console.dll, TestRequestManager.RunTests: run tests completed.
TpTrace Information: 0 : 24700, 1, 2023/07/14, 16:41:20.028, 3682408298959, vstest.console.dll, RunTestsArgumentProcessor:Execute: Test run is completed.
TpTrace Verbose: 0 : 24700, 1, 2023/07/14, 16:41:20.028, 3682408300564, vstest.console.dll, Executor.Execute: Exiting with exit code of 1
TpTrace Verbose: 0 : 24700, 13, 2023/07/14, 16:41:20.028, 3682408301383, vstest.console.dll, LengthPrefixCommunicationChannel.Dispose: Dispose reader and writer.
TpTrace Information: 0 : 24700, 13, 2023/07/14, 16:41:20.028, 3682408301915, vstest.console.dll, SocketServer.Stop: Raise disconnected event endPoint: 127.0.0.1:62802 error: 
TpTrace Verbose: 0 : 24700, 13, 2023/07/14, 16:41:20.028, 3682408302530, vstest.console.dll, TestRequestSender: OnTestRunAbort: Operation is already complete. Skip error message.
TpTrace Verbose: 0 : 24700, 13, 2023/07/14, 16:41:20.028, 3682408302734, vstest.console.dll, MulticastDelegateUtilities.SafeInvoke: SocketServer: ClientDisconnected: Invoking callback 1/1 for Microsoft.VisualStudio.TestPlatform.CommunicationUtilities.TestRequestSender., took 0 ms.
TpTrace Verbose: 0 : 24700, 13, 2023/07/14, 16:41:20.028, 3682408302904, vstest.console.dll, TcpClientExtensions.MessageLoopAsync: exiting MessageLoopAsync remoteEndPoint: 127.0.0.1:62805 localEndPoint: 127.0.0.1:62802
